<?xml version="1.0" encoding="UTF-8"?>
<!-- Generated by org.testng.reporters.JUnitXMLReporter -->
<testsuite ignored="0" hostname="DESKTOP-R6MOV7Q" failures="6" tests="6" name="Surefire test" time="1.851" errors="0" timestamp="2025-07-28T19:02:27 IST">
  <testcase classname="io.cucumber.testng.AbstractTestNGCucumberTests" name="runScenario" time="0.836">
    <failure type="java.lang.RuntimeException" message="Browser not supported: browser">
      <![CDATA[java.lang.RuntimeException: Browser not supported: browser
at factory.BrowserFactory.initBrowser(BrowserFactory.java:26)
at stepDefinitions.Hooks.setup(Hooks.java:21)
]]>
    </failure>
  </testcase> <!-- runScenario -->
  <testcase classname="io.cucumber.testng.AbstractTestNGCucumberTests" name="runScenario" time="0.01">
    <failure type="java.lang.RuntimeException" message="Browser not supported: browser">
      <![CDATA[java.lang.RuntimeException: Browser not supported: browser
at factory.BrowserFactory.initBrowser(BrowserFactory.java:26)
at stepDefinitions.Hooks.setup(Hooks.java:21)
]]>
    </failure>
  </testcase> <!-- runScenario -->
  <testcase classname="io.cucumber.testng.AbstractTestNGCucumberTests" name="runScenario" time="0.012">
    <failure type="java.lang.RuntimeException" message="Browser not supported: browser">
      <![CDATA[java.lang.RuntimeException: Browser not supported: browser
at factory.BrowserFactory.initBrowser(BrowserFactory.java:26)
at stepDefinitions.Hooks.setup(Hooks.java:21)
]]>
    </failure>
  </testcase> <!-- runScenario -->
  <testcase classname="io.cucumber.testng.AbstractTestNGCucumberTests" name="runScenario" time="0.011">
    <failure type="java.lang.RuntimeException" message="Browser not supported: browser">
      <![CDATA[java.lang.RuntimeException: Browser not supported: browser
at factory.BrowserFactory.initBrowser(BrowserFactory.java:26)
at stepDefinitions.Hooks.setup(Hooks.java:21)
]]>
    </failure>
  </testcase> <!-- runScenario -->
  <testcase classname="io.cucumber.testng.AbstractTestNGCucumberTests" name="runScenario" time="0.015">
    <failure type="java.lang.RuntimeException" message="Browser not supported: browser">
      <![CDATA[java.lang.RuntimeException: Browser not supported: browser
at factory.BrowserFactory.initBrowser(BrowserFactory.java:26)
at stepDefinitions.Hooks.setup(Hooks.java:21)
]]>
    </failure>
  </testcase> <!-- runScenario -->
  <testcase classname="io.cucumber.testng.AbstractTestNGCucumberTests" name="runScenario" time="0.007">
    <failure type="java.lang.RuntimeException" message="Browser not supported: browser">
      <![CDATA[java.lang.RuntimeException: Browser not supported: browser
at factory.BrowserFactory.initBrowser(BrowserFactory.java:26)
at stepDefinitions.Hooks.setup(Hooks.java:21)
]]>
    </failure>
  </testcase> <!-- runScenario -->
</testsuite> <!-- Surefire test -->
