2025-07-28 17:10:15 [main] INFO  stepDefinitions.Hooks - Browser is open
2025-07-28 17:10:20 [main] INFO  stepDefinitions.Hooks - Browser is close
2025-07-28 17:10:25 [main] INFO  stepDefinitions.Hooks - Browser is open
2025-07-28 17:10:30 [main] INFO  stepDefinitions.Hooks - Browser is close
2025-07-28 17:10:34 [main] INFO  stepDefinitions.Hooks - Browser is open
2025-07-28 17:10:38 [main] INFO  stepDefinitions.Hooks - Browser is close
2025-07-28 17:10:43 [main] INFO  stepDefinitions.Hooks - Browser is open
2025-07-28 17:10:55 [main] INFO  stepDefinitions.Hooks - Browser is close
2025-07-28 17:11:00 [main] INFO  stepDefinitions.Hooks - Browser is open
2025-07-28 17:11:04 [main] INFO  stepDefinitions.Hooks - Browser is close
2025-07-28 17:11:09 [main] INFO  stepDefinitions.Hooks - Browser is open
2025-07-28 17:11:09 [main] INFO  stepDefinitions.LoginSteps - User is in login page
2025-07-28 17:11:10 [main] INFO  stepDefinitions.LoginSteps - User has clicked on sign in button
2025-07-28 17:11:10 [main] INFO  stepDefinitions.LoginSteps - User has entered the credentials
2025-07-28 17:11:10 [main] INFO  stepDefinitions.LoginSteps - User has clicked on sign in button
2025-07-28 17:11:12 [main] INFO  stepDefinitions.LoginSteps - User is able to login successfully
2025-07-28 17:11:12 [main] INFO  stepDefinitions.Hooks - Browser is close
2025-07-28 17:21:07 [main] INFO  stepDefinitions.Hooks - Browser is open
2025-07-28 17:21:09 [main] INFO  stepDefinitions.Hooks - Browser is close
2025-07-28 17:21:14 [main] INFO  stepDefinitions.Hooks - Browser is open
2025-07-28 17:21:16 [main] INFO  stepDefinitions.Hooks - Browser is close
2025-07-28 17:21:21 [main] INFO  stepDefinitions.Hooks - Browser is open
2025-07-28 17:21:23 [main] INFO  stepDefinitions.Hooks - Browser is close
2025-07-28 17:21:27 [main] INFO  stepDefinitions.Hooks - Browser is open
2025-07-28 17:21:30 [main] INFO  stepDefinitions.Hooks - Browser is close
2025-07-28 17:21:35 [main] INFO  stepDefinitions.Hooks - Browser is open
2025-07-28 17:21:37 [main] INFO  stepDefinitions.Hooks - Browser is close
2025-07-28 17:21:41 [main] INFO  stepDefinitions.Hooks - Browser is open
2025-07-28 17:21:42 [main] INFO  stepDefinitions.LoginSteps - User is in login page
2025-07-28 17:21:42 [main] INFO  stepDefinitions.LoginSteps - User has clicked on sign in button
2025-07-28 17:21:43 [main] INFO  stepDefinitions.LoginSteps - User has entered the credentials
2025-07-28 17:21:43 [main] INFO  stepDefinitions.LoginSteps - User has clicked on sign in button
2025-07-28 17:21:43 [main] INFO  stepDefinitions.LoginSteps - User is able to login successfully
2025-07-28 17:21:43 [main] INFO  stepDefinitions.Hooks - Browser is close
2025-07-28 17:27:04 [main] INFO  stepDefinitions.Hooks - Browser is open
2025-07-28 17:27:06 [main] INFO  stepDefinitions.Hooks - Browser is close
2025-07-28 17:27:10 [main] INFO  stepDefinitions.Hooks - Browser is open
2025-07-28 17:27:13 [main] INFO  stepDefinitions.Hooks - Browser is close
2025-07-28 17:27:18 [main] INFO  stepDefinitions.Hooks - Browser is open
2025-07-28 17:27:20 [main] INFO  stepDefinitions.Hooks - Browser is close
2025-07-28 17:27:26 [main] INFO  stepDefinitions.Hooks - Browser is open
2025-07-28 17:27:28 [main] INFO  stepDefinitions.Hooks - Browser is close
2025-07-28 17:27:33 [main] INFO  stepDefinitions.Hooks - Browser is open
2025-07-28 17:27:35 [main] INFO  stepDefinitions.Hooks - Browser is close
2025-07-28 17:27:41 [main] INFO  stepDefinitions.Hooks - Browser is open
2025-07-28 17:27:41 [main] INFO  stepDefinitions.LoginSteps - User is in login page
2025-07-28 17:27:42 [main] INFO  stepDefinitions.LoginSteps - User has clicked on sign in button
2025-07-28 17:27:43 [main] INFO  stepDefinitions.LoginSteps - User has entered the credentials
2025-07-28 17:27:43 [main] INFO  stepDefinitions.LoginSteps - User has clicked on sign in button
2025-07-28 17:27:43 [main] INFO  stepDefinitions.LoginSteps - User is able to login successfully. MyAccount logo is visible.
2025-07-28 17:27:43 [main] INFO  stepDefinitions.Hooks - Browser is close
2025-07-28 17:29:18 [main] INFO  stepDefinitions.Hooks - Browser is open
2025-07-28 17:29:18 [main] INFO  stepDefinitions.LoginSteps - User is in login page
2025-07-28 17:29:19 [main] INFO  stepDefinitions.LoginSteps - User has clicked on sign in button
2025-07-28 17:29:19 [main] INFO  stepDefinitions.LoginSteps - User has entered the credentials
2025-07-28 17:29:20 [main] INFO  stepDefinitions.LoginSteps - User has clicked on sign in button
2025-07-28 17:29:20 [main] INFO  stepDefinitions.LoginSteps - User is able to login successfully. MyAccount logo is visible.
2025-07-28 17:29:20 [main] INFO  stepDefinitions.Hooks - Browser is close
2025-07-28 17:30:44 [main] INFO  stepDefinitions.Hooks - Browser is open
2025-07-28 17:30:44 [main] INFO  stepDefinitions.LoginSteps - User is in login page
2025-07-28 17:30:45 [main] INFO  stepDefinitions.LoginSteps - User has clicked on sign in button
2025-07-28 17:30:46 [main] INFO  stepDefinitions.LoginSteps - User has entered the credentials
2025-07-28 17:30:46 [main] INFO  stepDefinitions.LoginSteps - User has clicked on sign in button
2025-07-28 17:30:46 [main] INFO  stepDefinitions.LoginSteps - User is able to login successfully. MyAccount logo is visible.
2025-07-28 17:30:47 [main] INFO  stepDefinitions.Hooks - Browser is close
2025-07-28 17:40:02 [main] INFO  stepDefinitions.Hooks - Browser is open
2025-07-28 17:40:02 [main] INFO  stepDefinitions.LoginSteps - User is in login page
2025-07-28 17:40:04 [main] INFO  stepDefinitions.LoginSteps - User has clicked on sign in button
2025-07-28 17:40:04 [main] INFO  stepDefinitions.LoginSteps - User has entered the credentials
2025-07-28 17:40:04 [main] INFO  stepDefinitions.LoginSteps - User has clicked on sign in button
2025-07-28 17:40:05 [main] ERROR stepDefinitions.LoginSteps - Exception occurred while verifying login: no such element: Unable to locate element: {"method":"css selector","selector":"a.account"}
  (Session info: chrome=138.0.7204.169)
For documentation on this error, please visit: https://www.selenium.dev/documentation/webdriver/troubleshooting/errors#no-such-element-exception
Build info: version: '4.33.0', revision: '2c6aaad03a'
System info: os.name: 'Windows 10', os.arch: 'amd64', os.version: '10.0', java.version: '21.0.7'
Driver info: org.openqa.selenium.chrome.ChromeDriver
Command: [be936e8e0103728bf354338ef66aa9a2, findElement {using=css selector, value=a.account}]
Capabilities {acceptInsecureCerts: false, browserName: chrome, browserVersion: 138.0.7204.169, chrome: {chromedriverVersion: 138.0.7204.168 (3e8d82e86e9..., userDataDir: C:\Users\pc\AppData\Local\T...}, fedcm:accounts: true, goog:chromeOptions: {debuggerAddress: localhost:56454}, networkConnectionEnabled: false, pageLoadStrategy: normal, platformName: windows, proxy: Proxy(), se:cdp: ws://localhost:56454/devtoo..., se:cdpVersion: 138.0.7204.169, setWindowRect: true, strictFileInteractability: false, timeouts: {implicit: 0, pageLoad: 300000, script: 30000}, unhandledPromptBehavior: dismiss and notify, webauthn:extension:credBlob: true, webauthn:extension:largeBlob: true, webauthn:extension:minPinLength: true, webauthn:extension:prf: true, webauthn:virtualAuthenticators: true}
Session ID: be936e8e0103728bf354338ef66aa9a2
2025-07-28 17:40:05 [main] INFO  stepDefinitions.Hooks - Browser is close
2025-07-28 17:42:28 [main] INFO  stepDefinitions.Hooks - Browser is open
2025-07-28 17:42:28 [main] INFO  stepDefinitions.LoginSteps - User is in login page
2025-07-28 17:42:29 [main] INFO  stepDefinitions.LoginSteps - User has clicked on sign in button
2025-07-28 17:42:29 [main] INFO  stepDefinitions.LoginSteps - User has entered the credentials
2025-07-28 17:42:29 [main] INFO  stepDefinitions.LoginSteps - User has clicked on sign in button
2025-07-28 17:42:29 [main] ERROR stepDefinitions.LoginSteps - Exception occurred while verifying login: no such element: Unable to locate element: {"method":"css selector","selector":"a.account"}
  (Session info: chrome=138.0.7204.169)
For documentation on this error, please visit: https://www.selenium.dev/documentation/webdriver/troubleshooting/errors#no-such-element-exception
Build info: version: '4.33.0', revision: '2c6aaad03a'
System info: os.name: 'Windows 10', os.arch: 'amd64', os.version: '10.0', java.version: '21.0.7'
Driver info: org.openqa.selenium.chrome.ChromeDriver
Command: [0151e8c70574770691a41ceceb53d1a7, findElement {value=a.account, using=css selector}]
Capabilities {acceptInsecureCerts: false, browserName: chrome, browserVersion: 138.0.7204.169, chrome: {chromedriverVersion: 138.0.7204.168 (3e8d82e86e9..., userDataDir: C:\Users\pc\AppData\Local\T...}, fedcm:accounts: true, goog:chromeOptions: {debuggerAddress: localhost:56579}, networkConnectionEnabled: false, pageLoadStrategy: normal, platformName: windows, proxy: Proxy(), se:cdp: ws://localhost:56579/devtoo..., se:cdpVersion: 138.0.7204.169, setWindowRect: true, strictFileInteractability: false, timeouts: {implicit: 0, pageLoad: 300000, script: 30000}, unhandledPromptBehavior: dismiss and notify, webauthn:extension:credBlob: true, webauthn:extension:largeBlob: true, webauthn:extension:minPinLength: true, webauthn:extension:prf: true, webauthn:virtualAuthenticators: true}
Session ID: 0151e8c70574770691a41ceceb53d1a7
2025-07-28 17:42:30 [main] INFO  stepDefinitions.Hooks - Browser is close
2025-07-28 17:43:42 [main] INFO  stepDefinitions.Hooks - Browser is open
2025-07-28 17:43:42 [main] INFO  stepDefinitions.LoginSteps - User is in login page
2025-07-28 17:43:44 [main] INFO  stepDefinitions.LoginSteps - User has clicked on sign in button
2025-07-28 17:43:44 [main] INFO  stepDefinitions.LoginSteps - User has entered the credentials
2025-07-28 17:43:44 [main] INFO  stepDefinitions.LoginSteps - User has clicked on sign in button
2025-07-28 17:43:44 [main] ERROR stepDefinitions.LoginSteps - Exception occurred while verifying login: no such element: Unable to locate element: {"method":"css selector","selector":"a.account"}
  (Session info: chrome=138.0.7204.169)
For documentation on this error, please visit: https://www.selenium.dev/documentation/webdriver/troubleshooting/errors#no-such-element-exception
Build info: version: '4.33.0', revision: '2c6aaad03a'
System info: os.name: 'Windows 10', os.arch: 'amd64', os.version: '10.0', java.version: '21.0.7'
Driver info: org.openqa.selenium.chrome.ChromeDriver
Command: [c61d028489ae285e64e86d0fa02f9c45, findElement {value=a.account, using=css selector}]
Capabilities {acceptInsecureCerts: false, browserName: chrome, browserVersion: 138.0.7204.169, chrome: {chromedriverVersion: 138.0.7204.168 (3e8d82e86e9..., userDataDir: C:\Users\pc\AppData\Local\T...}, fedcm:accounts: true, goog:chromeOptions: {debuggerAddress: localhost:56667}, networkConnectionEnabled: false, pageLoadStrategy: normal, platformName: windows, proxy: Proxy(), se:cdp: ws://localhost:56667/devtoo..., se:cdpVersion: 138.0.7204.169, setWindowRect: true, strictFileInteractability: false, timeouts: {implicit: 0, pageLoad: 300000, script: 30000}, unhandledPromptBehavior: dismiss and notify, webauthn:extension:credBlob: true, webauthn:extension:largeBlob: true, webauthn:extension:minPinLength: true, webauthn:extension:prf: true, webauthn:virtualAuthenticators: true}
Session ID: c61d028489ae285e64e86d0fa02f9c45
2025-07-28 17:43:44 [main] DEBUG stepDefinitions.LoginSteps - Stack trace: 
org.openqa.selenium.NoSuchElementException: no such element: Unable to locate element: {"method":"css selector","selector":"a.account"}
  (Session info: chrome=138.0.7204.169)
For documentation on this error, please visit: https://www.selenium.dev/documentation/webdriver/troubleshooting/errors#no-such-element-exception
Build info: version: '4.33.0', revision: '2c6aaad03a'
System info: os.name: 'Windows 10', os.arch: 'amd64', os.version: '10.0', java.version: '21.0.7'
Driver info: org.openqa.selenium.chrome.ChromeDriver
Command: [c61d028489ae285e64e86d0fa02f9c45, findElement {value=a.account, using=css selector}]
Capabilities {acceptInsecureCerts: false, browserName: chrome, browserVersion: 138.0.7204.169, chrome: {chromedriverVersion: 138.0.7204.168 (3e8d82e86e9..., userDataDir: C:\Users\pc\AppData\Local\T...}, fedcm:accounts: true, goog:chromeOptions: {debuggerAddress: localhost:56667}, networkConnectionEnabled: false, pageLoadStrategy: normal, platformName: windows, proxy: Proxy(), se:cdp: ws://localhost:56667/devtoo..., se:cdpVersion: 138.0.7204.169, setWindowRect: true, strictFileInteractability: false, timeouts: {implicit: 0, pageLoad: 300000, script: 30000}, unhandledPromptBehavior: dismiss and notify, webauthn:extension:credBlob: true, webauthn:extension:largeBlob: true, webauthn:extension:minPinLength: true, webauthn:extension:prf: true, webauthn:virtualAuthenticators: true}
Session ID: c61d028489ae285e64e86d0fa02f9c45
	at java.base/jdk.internal.reflect.DirectConstructorHandleAccessor.newInstance(DirectConstructorHandleAccessor.java:62)
	at java.base/java.lang.reflect.Constructor.newInstanceWithCaller(Constructor.java:502)
	at java.base/java.lang.reflect.Constructor.newInstance(Constructor.java:486)
	at org.openqa.selenium.remote.ErrorCodec.decode(ErrorCodec.java:167)
	at org.openqa.selenium.remote.codec.w3c.W3CHttpResponseCodec.decode(W3CHttpResponseCodec.java:138)
	at org.openqa.selenium.remote.codec.w3c.W3CHttpResponseCodec.decode(W3CHttpResponseCodec.java:50)
	at org.openqa.selenium.remote.HttpCommandExecutor.execute(HttpCommandExecutor.java:215)
	at org.openqa.selenium.remote.service.DriverCommandExecutor.invokeExecute(DriverCommandExecutor.java:216)
	at org.openqa.selenium.remote.service.DriverCommandExecutor.execute(DriverCommandExecutor.java:174)
	at org.openqa.selenium.remote.RemoteWebDriver.execute(RemoteWebDriver.java:544)
	at org.openqa.selenium.remote.ElementLocation$ElementFinder$2.findElement(ElementLocation.java:165)
	at org.openqa.selenium.remote.ElementLocation.findElement(ElementLocation.java:59)
	at org.openqa.selenium.remote.RemoteWebDriver.findElement(RemoteWebDriver.java:367)
	at org.openqa.selenium.remote.RemoteWebDriver.findElement(RemoteWebDriver.java:361)
	at org.openqa.selenium.support.pagefactory.DefaultElementLocator.findElement(DefaultElementLocator.java:68)
	at org.openqa.selenium.support.pagefactory.internal.LocatingElementHandler.invoke(LocatingElementHandler.java:38)
	at jdk.proxy2/jdk.proxy2.$Proxy40.isDisplayed(Unknown Source)
	at pages.MyAccount.isAccountNameDisplayed(MyAccount.java:19)
	at stepDefinitions.LoginSteps.u_ser_is_able_to_login_successfully(LoginSteps.java:53)
	at java.base/jdk.internal.reflect.DirectMethodHandleAccessor.invoke(DirectMethodHandleAccessor.java:103)
	at java.base/java.lang.reflect.Method.invoke(Method.java:580)
	at io.cucumber.java.Invoker.doInvoke(Invoker.java:66)
	at io.cucumber.java.Invoker.invoke(Invoker.java:24)
	at io.cucumber.java.AbstractGlueDefinition.invokeMethod(AbstractGlueDefinition.java:47)
	at io.cucumber.java.JavaStepDefinition.execute(JavaStepDefinition.java:29)
	at io.cucumber.core.runner.CoreStepDefinition.execute(CoreStepDefinition.java:66)
	at io.cucumber.core.runner.PickleStepDefinitionMatch.runStep(PickleStepDefinitionMatch.java:62)
	at io.cucumber.core.runner.ExecutionMode$1.execute(ExecutionMode.java:10)
	at io.cucumber.core.runner.TestStep.executeStep(TestStep.java:81)
	at io.cucumber.core.runner.TestStep.run(TestStep.java:53)
	at io.cucumber.core.runner.PickleStepTestStep.run(PickleStepTestStep.java:51)
	at io.cucumber.core.runner.TestCase.run(TestCase.java:86)
	at io.cucumber.core.runner.Runner.runPickle(Runner.java:77)
	at io.cucumber.testng.TestNGCucumberRunner.lambda$runScenario$1(TestNGCucumberRunner.java:135)
	at io.cucumber.core.runtime.CucumberExecutionContext.lambda$runTestCase$5(CucumberExecutionContext.java:136)
	at io.cucumber.core.runtime.RethrowingThrowableCollector.executeAndThrow(RethrowingThrowableCollector.java:23)
	at io.cucumber.core.runtime.CucumberExecutionContext.runTestCase(CucumberExecutionContext.java:136)
	at io.cucumber.testng.TestNGCucumberRunner.runScenario(TestNGCucumberRunner.java:132)
	at io.cucumber.testng.AbstractTestNGCucumberTests.runScenario(AbstractTestNGCucumberTests.java:35)
	at java.base/jdk.internal.reflect.DirectMethodHandleAccessor.invoke(DirectMethodHandleAccessor.java:103)
	at java.base/java.lang.reflect.Method.invoke(Method.java:580)
	at org.testng.internal.invokers.MethodInvocationHelper.invokeMethod(MethodInvocationHelper.java:141)
	at org.testng.internal.invokers.TestInvoker.invokeMethod(TestInvoker.java:687)
	at org.testng.internal.invokers.TestInvoker.invokeTestMethod(TestInvoker.java:230)
	at org.testng.internal.invokers.MethodRunner.runInSequence(MethodRunner.java:63)
	at org.testng.internal.invokers.TestInvoker$MethodInvocationAgent.invoke(TestInvoker.java:995)
	at org.testng.internal.invokers.TestInvoker.invokeTestMethods(TestInvoker.java:203)
	at org.testng.internal.invokers.TestMethodWorker.invokeTestMethods(TestMethodWorker.java:154)
	at org.testng.internal.invokers.TestMethodWorker.run(TestMethodWorker.java:134)
	at java.base/java.util.ArrayList.forEach(ArrayList.java:1596)
	at org.testng.TestRunner.privateRun(TestRunner.java:741)
	at org.testng.TestRunner.run(TestRunner.java:616)
	at org.testng.SuiteRunner.runTest(SuiteRunner.java:421)
	at org.testng.SuiteRunner.runSequentially(SuiteRunner.java:413)
	at org.testng.SuiteRunner.privateRun(SuiteRunner.java:373)
	at org.testng.SuiteRunner.run(SuiteRunner.java:312)
	at org.testng.SuiteRunnerWorker.runSuite(SuiteRunnerWorker.java:52)
	at org.testng.SuiteRunnerWorker.run(SuiteRunnerWorker.java:95)
	at org.testng.TestNG.runSuitesSequentially(TestNG.java:1274)
	at org.testng.TestNG.runSuitesLocally(TestNG.java:1208)
	at org.testng.TestNG.runSuites(TestNG.java:1112)
	at org.testng.TestNG.run(TestNG.java:1079)
	at org.testng.remote.AbstractRemoteTestNG.run(AbstractRemoteTestNG.java:115)
	at org.testng.remote.RemoteTestNG.initAndRun(RemoteTestNG.java:293)
	at org.testng.remote.RemoteTestNG.main(RemoteTestNG.java:91)
2025-07-28 17:43:45 [main] INFO  stepDefinitions.Hooks - Browser is close
2025-07-28 17:59:34 [main] INFO  stepDefinitions.Hooks - Browser is open
2025-07-28 17:59:35 [main] INFO  stepDefinitions.CategorySteps - User is on homepage
2025-07-28 17:59:36 [main] INFO  stepDefinitions.CategorySteps - User has entered the credentials
2025-07-28 17:59:36 [main] INFO  stepDefinitions.CategorySteps - User clicked on sign in
2025-07-28 17:59:39 [main] INFO  stepDefinitions.CategorySteps - Clicked on women category
2025-07-28 17:59:39 [main] INFO  stepDefinitions.Hooks - Browser is close
2025-07-28 17:59:44 [main] INFO  stepDefinitions.Hooks - Browser is open
2025-07-28 17:59:45 [main] INFO  stepDefinitions.CategorySteps - User is on homepage
2025-07-28 17:59:45 [main] INFO  stepDefinitions.CategorySteps - User has entered the credentials
2025-07-28 17:59:47 [main] INFO  stepDefinitions.CategorySteps - User clicked on sign in
2025-07-28 17:59:47 [main] INFO  stepDefinitions.CategorySteps - User hover on Women Category
2025-07-28 17:59:49 [main] INFO  stepDefinitions.CategorySteps - User cliks on Tops sub category
2025-07-28 17:59:49 [main] INFO  stepDefinitions.Hooks - Browser is close
2025-07-28 17:59:54 [main] INFO  stepDefinitions.Hooks - Browser is open
2025-07-28 17:59:55 [main] INFO  stepDefinitions.CategorySteps - User is on homepage
2025-07-28 17:59:55 [main] INFO  stepDefinitions.CategorySteps - User has entered the credentials
2025-07-28 17:59:55 [main] INFO  stepDefinitions.CategorySteps - User clicked on sign in
2025-07-28 17:59:59 [main] INFO  stepDefinitions.CategorySteps - User navigates to Dresses category
2025-07-28 17:59:59 [main] INFO  stepDefinitions.Hooks - Browser is close
2025-07-28 18:00:04 [main] INFO  stepDefinitions.Hooks - Browser is open
2025-07-28 18:00:05 [main] INFO  stepDefinitions.CategorySteps - User is on homepage
2025-07-28 18:00:05 [main] INFO  stepDefinitions.CategorySteps - User has entered the credentials
2025-07-28 18:00:05 [main] INFO  stepDefinitions.CategorySteps - User clicked on sign in
2025-07-28 18:00:07 [main] INFO  stepDefinitions.CategorySteps - Clicked on women category
2025-07-28 18:00:28 [main] INFO  stepDefinitions.CategorySteps - Size S is selected
2025-07-28 18:00:48 [main] INFO  stepDefinitions.CategorySteps - Color Yellow is selected
2025-07-28 18:01:28 [main] ERROR stepDefinitions.CategorySteps - Assertion failed 
2025-07-28 18:01:29 [main] INFO  stepDefinitions.Hooks - Browser is close
2025-07-28 18:01:34 [main] INFO  stepDefinitions.Hooks - Browser is open
2025-07-28 18:01:34 [main] INFO  stepDefinitions.CategorySteps - User is on homepage
2025-07-28 18:01:35 [main] INFO  stepDefinitions.CategorySteps - User has entered the credentials
2025-07-28 18:01:36 [main] INFO  stepDefinitions.CategorySteps - User clicked on sign in
2025-07-28 18:01:37 [main] INFO  stepDefinitions.CategorySteps - Clicked on women category
2025-07-28 18:01:58 [main] INFO  stepDefinitions.Hooks - Browser is close
2025-07-28 18:02:02 [main] INFO  stepDefinitions.Hooks - Browser is open
2025-07-28 18:02:02 [main] INFO  stepDefinitions.LoginSteps - User is in login page
2025-07-28 18:02:03 [main] INFO  stepDefinitions.LoginSteps - User has clicked on sign in button
2025-07-28 18:02:03 [main] INFO  stepDefinitions.LoginSteps - User has entered the credentials
2025-07-28 18:02:05 [main] INFO  stepDefinitions.LoginSteps - User has clicked on sign in button
2025-07-28 18:02:05 [main] INFO  stepDefinitions.LoginSteps - User is able to login successfully. MyAccount logo is visible.
2025-07-28 18:02:05 [main] INFO  stepDefinitions.Hooks - Browser is close
2025-07-28 18:07:05 [main] INFO  stepDefinitions.Hooks - Browser is open
2025-07-28 18:07:06 [main] INFO  stepDefinitions.CategorySteps - User is on homepage
2025-07-28 18:07:06 [main] INFO  stepDefinitions.CategorySteps - User has entered the credentials
2025-07-28 18:07:07 [main] INFO  stepDefinitions.CategorySteps - User clicked on sign in
2025-07-28 18:07:09 [main] INFO  stepDefinitions.CategorySteps - Clicked on women category
2025-07-28 18:07:10 [main] INFO  stepDefinitions.Hooks - Browser is close
2025-07-28 18:07:14 [main] INFO  stepDefinitions.Hooks - Browser is open
2025-07-28 18:07:15 [main] INFO  stepDefinitions.CategorySteps - User is on homepage
2025-07-28 18:07:15 [main] INFO  stepDefinitions.CategorySteps - User has entered the credentials
2025-07-28 18:07:16 [main] INFO  stepDefinitions.CategorySteps - User clicked on sign in
2025-07-28 18:07:17 [main] INFO  stepDefinitions.CategorySteps - User hover on Women Category
2025-07-28 18:07:18 [main] INFO  stepDefinitions.CategorySteps - User cliks on Tops sub category
2025-07-28 18:07:18 [main] INFO  stepDefinitions.Hooks - Browser is close
2025-07-28 18:07:23 [main] INFO  stepDefinitions.Hooks - Browser is open
2025-07-28 18:07:24 [main] INFO  stepDefinitions.CategorySteps - User is on homepage
2025-07-28 18:07:24 [main] INFO  stepDefinitions.CategorySteps - User has entered the credentials
2025-07-28 18:07:25 [main] INFO  stepDefinitions.CategorySteps - User clicked on sign in
2025-07-28 18:07:26 [main] INFO  stepDefinitions.CategorySteps - User navigates to Dresses category
2025-07-28 18:07:26 [main] INFO  stepDefinitions.Hooks - Browser is close
2025-07-28 18:07:31 [main] INFO  stepDefinitions.Hooks - Browser is open
2025-07-28 18:07:32 [main] INFO  stepDefinitions.CategorySteps - User is on homepage
2025-07-28 18:07:32 [main] INFO  stepDefinitions.CategorySteps - User has entered the credentials
2025-07-28 18:07:32 [main] INFO  stepDefinitions.CategorySteps - User clicked on sign in
2025-07-28 18:07:35 [main] INFO  stepDefinitions.CategorySteps - Clicked on women category
2025-07-28 18:07:36 [main] INFO  stepDefinitions.CategorySteps - Size S is selected
2025-07-28 18:07:38 [main] INFO  stepDefinitions.CategorySteps - Color Yellow is selected
2025-07-28 18:07:43 [main] INFO  stepDefinitions.Hooks - Browser is close
2025-07-28 18:07:48 [main] INFO  stepDefinitions.Hooks - Browser is open
2025-07-28 18:07:49 [main] INFO  stepDefinitions.CategorySteps - User is on homepage
2025-07-28 18:07:49 [main] INFO  stepDefinitions.CategorySteps - User has entered the credentials
2025-07-28 18:07:49 [main] INFO  stepDefinitions.CategorySteps - User clicked on sign in
2025-07-28 18:07:52 [main] INFO  stepDefinitions.CategorySteps - Clicked on women category
2025-07-28 18:07:52 [main] INFO  stepDefinitions.CategorySteps - User clicks on list view
2025-07-28 18:07:52 [main] INFO  stepDefinitions.Hooks - Browser is close
2025-07-28 18:07:56 [main] INFO  stepDefinitions.Hooks - Browser is open
2025-07-28 18:07:56 [main] INFO  stepDefinitions.LoginSteps - User is in login page
2025-07-28 18:07:57 [main] INFO  stepDefinitions.LoginSteps - User has clicked on sign in button
2025-07-28 18:07:58 [main] INFO  stepDefinitions.LoginSteps - User has entered the credentials
2025-07-28 18:07:59 [main] INFO  stepDefinitions.LoginSteps - User has clicked on sign in button
2025-07-28 18:07:59 [main] INFO  stepDefinitions.LoginSteps - User is able to login successfully. MyAccount logo is visible.
2025-07-28 18:07:59 [main] INFO  stepDefinitions.Hooks - Browser is close
2025-07-28 19:07:13 [TestNG-tests-1] INFO  stepDefinitions.Hooks - Browser is openchrome
2025-07-28 19:07:13 [TestNG-tests-2] INFO  stepDefinitions.Hooks - Browser is openchrome
2025-07-28 19:07:13 [TestNG-tests-3] INFO  stepDefinitions.Hooks - Browser is openchrome
2025-07-28 19:07:14 [TestNG-tests-2] INFO  stepDefinitions.CategorySteps - User is on homepage
2025-07-28 19:07:15 [TestNG-tests-3] INFO  stepDefinitions.CategorySteps - User is on homepage
2025-07-28 19:07:15 [TestNG-tests-2] DEBUG stepDefinitions.CategorySteps - Debugging exception: 
org.openqa.selenium.StaleElementReferenceException: stale element reference: stale element not found
  (Session info: chrome=138.0.7204.169)
For documentation on this error, please visit: https://www.selenium.dev/documentation/webdriver/troubleshooting/errors#stale-element-reference-exception
Build info: version: '4.33.0', revision: '2c6aaad03a'
System info: os.name: 'Windows 10', os.arch: 'amd64', os.version: '10.0', java.version: '21.0.7'
Driver info: org.openqa.selenium.chrome.ChromeDriver
Command: [826fec29281ee9cec0eba0ee8dfb1fba, sendKeysToElement {value=[Ljava.lang.CharSequence;@6623a08f, id=f.83D576BB800C5B45D8453B578097FC7D.d.7BCEE3534CEA474320342A73048BA369.e.82}]
Capabilities {acceptInsecureCerts: false, browserName: chrome, browserVersion: 138.0.7204.169, chrome: {chromedriverVersion: 138.0.7204.168 (3e8d82e86e9..., userDataDir: C:\Users\pc\AppData\Local\T...}, fedcm:accounts: true, goog:chromeOptions: {debuggerAddress: localhost:60498}, networkConnectionEnabled: false, pageLoadStrategy: normal, platformName: windows, proxy: Proxy(), se:cdp: ws://localhost:60498/devtoo..., se:cdpVersion: 138.0.7204.169, setWindowRect: true, strictFileInteractability: false, timeouts: {implicit: 0, pageLoad: 300000, script: 30000}, unhandledPromptBehavior: dismiss and notify, webauthn:extension:credBlob: true, webauthn:extension:largeBlob: true, webauthn:extension:minPinLength: true, webauthn:extension:prf: true, webauthn:virtualAuthenticators: true}
Element: [[ChromeDriver: chrome on windows (826fec29281ee9cec0eba0ee8dfb1fba)] -> id: email]
Session ID: 826fec29281ee9cec0eba0ee8dfb1fba
	at java.base/jdk.internal.reflect.DirectConstructorHandleAccessor.newInstance(DirectConstructorHandleAccessor.java:62)
	at java.base/java.lang.reflect.Constructor.newInstanceWithCaller(Constructor.java:502)
	at java.base/java.lang.reflect.Constructor.newInstance(Constructor.java:486)
	at org.openqa.selenium.remote.ErrorCodec.decode(ErrorCodec.java:167)
	at org.openqa.selenium.remote.codec.w3c.W3CHttpResponseCodec.decode(W3CHttpResponseCodec.java:138)
	at org.openqa.selenium.remote.codec.w3c.W3CHttpResponseCodec.decode(W3CHttpResponseCodec.java:50)
	at org.openqa.selenium.remote.HttpCommandExecutor.execute(HttpCommandExecutor.java:215)
	at org.openqa.selenium.remote.service.DriverCommandExecutor.invokeExecute(DriverCommandExecutor.java:216)
	at org.openqa.selenium.remote.service.DriverCommandExecutor.execute(DriverCommandExecutor.java:174)
	at org.openqa.selenium.remote.RemoteWebDriver.execute(RemoteWebDriver.java:544)
	at org.openqa.selenium.remote.RemoteWebElement.execute(RemoteWebElement.java:223)
	at org.openqa.selenium.remote.RemoteWebElement.sendKeys(RemoteWebElement.java:110)
	at java.base/jdk.internal.reflect.DirectMethodHandleAccessor.invoke(DirectMethodHandleAccessor.java:103)
	at java.base/java.lang.reflect.Method.invoke(Method.java:580)
	at org.openqa.selenium.support.pagefactory.internal.LocatingElementHandler.invoke(LocatingElementHandler.java:51)
	at jdk.proxy2/jdk.proxy2.$Proxy41.sendKeys(Unknown Source)
	at pages.SignInPage.logincred(SignInPage.java:21)
	at stepDefinitions.CategorySteps.user_logins_successfully_with_valid_email_id_and_password(CategorySteps.java:46)
	at java.base/jdk.internal.reflect.DirectMethodHandleAccessor.invoke(DirectMethodHandleAccessor.java:103)
	at java.base/java.lang.reflect.Method.invoke(Method.java:580)
	at io.cucumber.java.Invoker.doInvoke(Invoker.java:66)
	at io.cucumber.java.Invoker.invoke(Invoker.java:24)
	at io.cucumber.java.AbstractGlueDefinition.invokeMethod(AbstractGlueDefinition.java:47)
	at io.cucumber.java.JavaStepDefinition.execute(JavaStepDefinition.java:29)
	at io.cucumber.core.runner.CoreStepDefinition.execute(CoreStepDefinition.java:66)
	at io.cucumber.core.runner.PickleStepDefinitionMatch.runStep(PickleStepDefinitionMatch.java:62)
	at io.cucumber.core.runner.ExecutionMode$1.execute(ExecutionMode.java:10)
	at io.cucumber.core.runner.TestStep.executeStep(TestStep.java:81)
	at io.cucumber.core.runner.TestStep.run(TestStep.java:53)
	at io.cucumber.core.runner.PickleStepTestStep.run(PickleStepTestStep.java:51)
	at io.cucumber.core.runner.TestCase.run(TestCase.java:86)
	at io.cucumber.core.runner.Runner.runPickle(Runner.java:77)
	at io.cucumber.testng.TestNGCucumberRunner.lambda$runScenario$1(TestNGCucumberRunner.java:135)
	at io.cucumber.core.runtime.CucumberExecutionContext.lambda$runTestCase$5(CucumberExecutionContext.java:136)
	at io.cucumber.core.runtime.RethrowingThrowableCollector.executeAndThrow(RethrowingThrowableCollector.java:23)
	at io.cucumber.core.runtime.CucumberExecutionContext.runTestCase(CucumberExecutionContext.java:136)
	at io.cucumber.testng.TestNGCucumberRunner.runScenario(TestNGCucumberRunner.java:132)
	at io.cucumber.testng.AbstractTestNGCucumberTests.runScenario(AbstractTestNGCucumberTests.java:35)
	at java.base/jdk.internal.reflect.DirectMethodHandleAccessor.invoke(DirectMethodHandleAccessor.java:103)
	at java.base/java.lang.reflect.Method.invoke(Method.java:580)
	at org.testng.internal.invokers.MethodInvocationHelper.invokeMethod(MethodInvocationHelper.java:141)
	at org.testng.internal.invokers.TestInvoker.invokeMethod(TestInvoker.java:687)
	at org.testng.internal.invokers.TestInvoker.invokeTestMethod(TestInvoker.java:230)
	at org.testng.internal.invokers.MethodRunner.runInSequence(MethodRunner.java:63)
	at org.testng.internal.invokers.TestInvoker$MethodInvocationAgent.invoke(TestInvoker.java:995)
	at org.testng.internal.invokers.TestInvoker.invokeTestMethods(TestInvoker.java:203)
	at org.testng.internal.invokers.TestMethodWorker.invokeTestMethods(TestMethodWorker.java:154)
	at org.testng.internal.invokers.TestMethodWorker.run(TestMethodWorker.java:134)
	at java.base/java.util.ArrayList.forEach(ArrayList.java:1596)
	at org.testng.TestRunner.privateRun(TestRunner.java:741)
	at org.testng.TestRunner.run(TestRunner.java:616)
	at org.testng.SuiteRunner.runTest(SuiteRunner.java:421)
	at org.testng.SuiteRunner$SuiteWorker.run(SuiteRunner.java:463)
	at org.testng.internal.thread.ThreadUtil.lambda$execute$0(ThreadUtil.java:64)
	at java.base/java.util.concurrent.FutureTask.run(FutureTask.java:317)
	at java.base/java.util.concurrent.ThreadPoolExecutor.runWorker(ThreadPoolExecutor.java:1144)
	at java.base/java.util.concurrent.ThreadPoolExecutor$Worker.run(ThreadPoolExecutor.java:642)
	at java.base/java.lang.Thread.run(Thread.java:1583)
2025-07-28 19:07:15 [TestNG-tests-3] DEBUG stepDefinitions.CategorySteps - Debugging exception: 
org.openqa.selenium.remote.UnreachableBrowserException: Error communicating with the remote browser. It may have died.
Build info: version: '4.33.0', revision: '2c6aaad03a'
System info: os.name: 'Windows 10', os.arch: 'amd64', os.version: '10.0', java.version: '21.0.7'
Driver info: org.openqa.selenium.chrome.ChromeDriver
Command: [826fec29281ee9cec0eba0ee8dfb1fba, findElement [value, using]]
Capabilities {acceptInsecureCerts: false, browserName: chrome, browserVersion: 138.0.7204.169, chrome: {chromedriverVersion: 138.0.7204.168 (3e8d82e86e9..., userDataDir: C:\Users\pc\AppData\Local\T...}, fedcm:accounts: true, goog:chromeOptions: {debuggerAddress: localhost:60498}, networkConnectionEnabled: false, pageLoadStrategy: normal, platformName: windows, proxy: Proxy(), se:cdp: ws://localhost:60498/devtoo..., se:cdpVersion: 138.0.7204.169, setWindowRect: true, strictFileInteractability: false, timeouts: {implicit: 0, pageLoad: 300000, script: 30000}, unhandledPromptBehavior: dismiss and notify, webauthn:extension:credBlob: true, webauthn:extension:largeBlob: true, webauthn:extension:minPinLength: true, webauthn:extension:prf: true, webauthn:virtualAuthenticators: true}
Session ID: 826fec29281ee9cec0eba0ee8dfb1fba
	at org.openqa.selenium.remote.RemoteWebDriver.execute(RemoteWebDriver.java:571)
	at org.openqa.selenium.remote.ElementLocation$ElementFinder$2.findElement(ElementLocation.java:165)
	at org.openqa.selenium.remote.ElementLocation.findElement(ElementLocation.java:59)
	at org.openqa.selenium.remote.RemoteWebDriver.findElement(RemoteWebDriver.java:367)
	at org.openqa.selenium.remote.RemoteWebDriver.findElement(RemoteWebDriver.java:361)
	at org.openqa.selenium.support.pagefactory.DefaultElementLocator.findElement(DefaultElementLocator.java:68)
	at org.openqa.selenium.support.pagefactory.internal.LocatingElementHandler.invoke(LocatingElementHandler.java:38)
	at jdk.proxy2/jdk.proxy2.$Proxy41.sendKeys(Unknown Source)
	at pages.SignInPage.logincred(SignInPage.java:21)
	at stepDefinitions.CategorySteps.user_logins_successfully_with_valid_email_id_and_password(CategorySteps.java:46)
	at java.base/jdk.internal.reflect.DirectMethodHandleAccessor.invoke(DirectMethodHandleAccessor.java:103)
	at java.base/java.lang.reflect.Method.invoke(Method.java:580)
	at io.cucumber.java.Invoker.doInvoke(Invoker.java:66)
	at io.cucumber.java.Invoker.invoke(Invoker.java:24)
	at io.cucumber.java.AbstractGlueDefinition.invokeMethod(AbstractGlueDefinition.java:47)
	at io.cucumber.java.JavaStepDefinition.execute(JavaStepDefinition.java:29)
	at io.cucumber.core.runner.CoreStepDefinition.execute(CoreStepDefinition.java:66)
	at io.cucumber.core.runner.PickleStepDefinitionMatch.runStep(PickleStepDefinitionMatch.java:62)
	at io.cucumber.core.runner.ExecutionMode$1.execute(ExecutionMode.java:10)
	at io.cucumber.core.runner.TestStep.executeStep(TestStep.java:81)
	at io.cucumber.core.runner.TestStep.run(TestStep.java:53)
	at io.cucumber.core.runner.PickleStepTestStep.run(PickleStepTestStep.java:51)
	at io.cucumber.core.runner.TestCase.run(TestCase.java:86)
	at io.cucumber.core.runner.Runner.runPickle(Runner.java:77)
	at io.cucumber.testng.TestNGCucumberRunner.lambda$runScenario$1(TestNGCucumberRunner.java:135)
	at io.cucumber.core.runtime.CucumberExecutionContext.lambda$runTestCase$5(CucumberExecutionContext.java:136)
	at io.cucumber.core.runtime.RethrowingThrowableCollector.executeAndThrow(RethrowingThrowableCollector.java:23)
	at io.cucumber.core.runtime.CucumberExecutionContext.runTestCase(CucumberExecutionContext.java:136)
	at io.cucumber.testng.TestNGCucumberRunner.runScenario(TestNGCucumberRunner.java:132)
	at io.cucumber.testng.AbstractTestNGCucumberTests.runScenario(AbstractTestNGCucumberTests.java:35)
	at java.base/jdk.internal.reflect.DirectMethodHandleAccessor.invoke(DirectMethodHandleAccessor.java:103)
	at java.base/java.lang.reflect.Method.invoke(Method.java:580)
	at org.testng.internal.invokers.MethodInvocationHelper.invokeMethod(MethodInvocationHelper.java:141)
	at org.testng.internal.invokers.TestInvoker.invokeMethod(TestInvoker.java:687)
	at org.testng.internal.invokers.TestInvoker.invokeTestMethod(TestInvoker.java:230)
	at org.testng.internal.invokers.MethodRunner.runInSequence(MethodRunner.java:63)
	at org.testng.internal.invokers.TestInvoker$MethodInvocationAgent.invoke(TestInvoker.java:995)
	at org.testng.internal.invokers.TestInvoker.invokeTestMethods(TestInvoker.java:203)
	at org.testng.internal.invokers.TestMethodWorker.invokeTestMethods(TestMethodWorker.java:154)
	at org.testng.internal.invokers.TestMethodWorker.run(TestMethodWorker.java:134)
	at java.base/java.util.ArrayList.forEach(ArrayList.java:1596)
	at org.testng.TestRunner.privateRun(TestRunner.java:741)
	at org.testng.TestRunner.run(TestRunner.java:616)
	at org.testng.SuiteRunner.runTest(SuiteRunner.java:421)
	at org.testng.SuiteRunner$SuiteWorker.run(SuiteRunner.java:463)
	at org.testng.internal.thread.ThreadUtil.lambda$execute$0(ThreadUtil.java:64)
	at java.base/java.util.concurrent.FutureTask.run(FutureTask.java:317)
	at java.base/java.util.concurrent.ThreadPoolExecutor.runWorker(ThreadPoolExecutor.java:1144)
	at java.base/java.util.concurrent.ThreadPoolExecutor$Worker.run(ThreadPoolExecutor.java:642)
	at java.base/java.lang.Thread.run(Thread.java:1583)
Caused by: java.io.UncheckedIOException: java.io.IOException: Task jdk.internal.net.http.common.SequentialScheduler$SchedulableTask@76661851 rejected from java.util.concurrent.ThreadPoolExecutor@4192b300[Shutting down, pool size = 3, active threads = 3, queued tasks = 0, completed tasks = 77]
	at org.openqa.selenium.remote.http.jdk.JdkHttpClient.execute0(JdkHttpClient.java:500)
	at org.openqa.selenium.remote.http.AddSeleniumUserAgent.lambda$apply$0(AddSeleniumUserAgent.java:42)
	at org.openqa.selenium.remote.http.Filter.lambda$andFinally$1(Filter.java:55)
	at org.openqa.selenium.remote.http.jdk.JdkHttpClient.lambda$executeAsync$2(JdkHttpClient.java:387)
	at java.base/java.util.concurrent.Executors$RunnableAdapter.call(Executors.java:572)
	... 4 more
Caused by: java.io.IOException: Task jdk.internal.net.http.common.SequentialScheduler$SchedulableTask@76661851 rejected from java.util.concurrent.ThreadPoolExecutor@4192b300[Shutting down, pool size = 3, active threads = 3, queued tasks = 0, completed tasks = 77]
	at java.net.http/jdk.internal.net.http.HttpClientImpl.send(HttpClientImpl.java:969)
	at java.net.http/jdk.internal.net.http.HttpClientFacade.send(HttpClientFacade.java:133)
	at org.openqa.selenium.remote.http.jdk.JdkHttpClient.execute0(JdkHttpClient.java:459)
	... 8 more
Caused by: java.util.concurrent.RejectedExecutionException: Task jdk.internal.net.http.common.SequentialScheduler$SchedulableTask@76661851 rejected from java.util.concurrent.ThreadPoolExecutor@4192b300[Shutting down, pool size = 3, active threads = 3, queued tasks = 0, completed tasks = 77]
	at java.base/java.util.concurrent.ThreadPoolExecutor$AbortPolicy.rejectedExecution(ThreadPoolExecutor.java:2081)
	at java.base/java.util.concurrent.ThreadPoolExecutor.reject(ThreadPoolExecutor.java:841)
	at java.base/java.util.concurrent.ThreadPoolExecutor.execute(ThreadPoolExecutor.java:1376)
	at java.net.http/jdk.internal.net.http.HttpClientImpl$DelegatingExecutor.ensureExecutedAsync(HttpClientImpl.java:183)
	at java.net.http/jdk.internal.net.http.HttpClientImpl$DelegatingExecutor.execute(HttpClientImpl.java:175)
	at java.net.http/jdk.internal.net.http.common.SequentialScheduler.runOrSchedule(SequentialScheduler.java:282)
	at java.net.http/jdk.internal.net.http.common.SequentialScheduler.runOrSchedule(SequentialScheduler.java:251)
	at java.net.http/jdk.internal.net.http.Http1AsyncReceiver.onReadError(Http1AsyncReceiver.java:516)
	at java.net.http/jdk.internal.net.http.Http1AsyncReceiver$Http1TubeSubscriber.onComplete(Http1AsyncReceiver.java:601)
	at java.net.http/jdk.internal.net.http.SocketTube$InternalReadPublisher$ReadSubscription.signalCompletion(SocketTube.java:648)
	at java.net.http/jdk.internal.net.http.SocketTube$InternalReadPublisher$InternalReadSubscription.read(SocketTube.java:853)
	at java.net.http/jdk.internal.net.http.SocketTube$SocketFlowTask.run(SocketTube.java:181)
	at java.net.http/jdk.internal.net.http.common.SequentialScheduler$SchedulableTask.run(SequentialScheduler.java:207)
	at java.net.http/jdk.internal.net.http.common.SequentialScheduler.runOrSchedule(SequentialScheduler.java:280)
	at java.net.http/jdk.internal.net.http.common.SequentialScheduler.runOrSchedule(SequentialScheduler.java:233)
	at java.net.http/jdk.internal.net.http.SocketTube$InternalReadPublisher$InternalReadSubscription.signalReadable(SocketTube.java:782)
	at java.net.http/jdk.internal.net.http.SocketTube$InternalReadPublisher$ReadEvent.signalEvent(SocketTube.java:965)
	at java.net.http/jdk.internal.net.http.SocketTube$SocketFlowEvent.handle(SocketTube.java:253)
	at java.net.http/jdk.internal.net.http.HttpClientImpl$SelectorManager.handleEvent(HttpClientImpl.java:1470)
	at java.net.http/jdk.internal.net.http.HttpClientImpl$SelectorManager.lambda$run$3(HttpClientImpl.java:1415)
	at java.base/java.util.ArrayList.forEach(ArrayList.java:1596)
	at java.net.http/jdk.internal.net.http.HttpClientImpl$SelectorManager.run(HttpClientImpl.java:1415)
2025-07-28 19:07:15 [TestNG-tests-1] INFO  stepDefinitions.Hooks - Browser is close
2025-07-28 19:07:21 [TestNG-tests-3] INFO  stepDefinitions.Hooks - Browser is openchrome
2025-07-28 19:07:21 [TestNG-tests-2] INFO  stepDefinitions.Hooks - Browser is openchrome
2025-07-28 19:07:21 [TestNG-tests-1] INFO  stepDefinitions.Hooks - Browser is openchrome
2025-07-28 19:07:23 [TestNG-tests-3] INFO  stepDefinitions.CategorySteps - User is on homepage
2025-07-28 19:07:23 [TestNG-tests-3] DEBUG stepDefinitions.CategorySteps - Debugging exception: 
org.openqa.selenium.remote.UnreachableBrowserException: Error communicating with the remote browser. It may have died.
Build info: version: '4.33.0', revision: '2c6aaad03a'
System info: os.name: 'Windows 10', os.arch: 'amd64', os.version: '10.0', java.version: '21.0.7'
Driver info: org.openqa.selenium.chrome.ChromeDriver
Command: [82630c90470218460a23f8d1b8df4af6, sendKeysToElement [value, id]]
Capabilities {acceptInsecureCerts: false, browserName: chrome, browserVersion: 138.0.7204.169, chrome: {chromedriverVersion: 138.0.7204.168 (3e8d82e86e9..., userDataDir: C:\Users\pc\AppData\Local\T...}, fedcm:accounts: true, goog:chromeOptions: {debuggerAddress: localhost:60592}, networkConnectionEnabled: false, pageLoadStrategy: normal, platformName: windows, proxy: Proxy(), se:cdp: ws://localhost:60592/devtoo..., se:cdpVersion: 138.0.7204.169, setWindowRect: true, strictFileInteractability: false, timeouts: {implicit: 0, pageLoad: 300000, script: 30000}, unhandledPromptBehavior: dismiss and notify, webauthn:extension:credBlob: true, webauthn:extension:largeBlob: true, webauthn:extension:minPinLength: true, webauthn:extension:prf: true, webauthn:virtualAuthenticators: true}
Element: [[ChromeDriver: chrome on windows (82630c90470218460a23f8d1b8df4af6)] -> id: email]
Session ID: 82630c90470218460a23f8d1b8df4af6
	at org.openqa.selenium.remote.RemoteWebDriver.execute(RemoteWebDriver.java:571)
	at org.openqa.selenium.remote.RemoteWebElement.execute(RemoteWebElement.java:223)
	at org.openqa.selenium.remote.RemoteWebElement.sendKeys(RemoteWebElement.java:110)
	at java.base/jdk.internal.reflect.DirectMethodHandleAccessor.invoke(DirectMethodHandleAccessor.java:103)
	at java.base/java.lang.reflect.Method.invoke(Method.java:580)
	at org.openqa.selenium.support.pagefactory.internal.LocatingElementHandler.invoke(LocatingElementHandler.java:51)
	at jdk.proxy2/jdk.proxy2.$Proxy41.sendKeys(Unknown Source)
	at pages.SignInPage.logincred(SignInPage.java:21)
	at stepDefinitions.CategorySteps.user_logins_successfully_with_valid_email_id_and_password(CategorySteps.java:46)
	at java.base/jdk.internal.reflect.DirectMethodHandleAccessor.invoke(DirectMethodHandleAccessor.java:103)
	at java.base/java.lang.reflect.Method.invoke(Method.java:580)
	at io.cucumber.java.Invoker.doInvoke(Invoker.java:66)
	at io.cucumber.java.Invoker.invoke(Invoker.java:24)
	at io.cucumber.java.AbstractGlueDefinition.invokeMethod(AbstractGlueDefinition.java:47)
	at io.cucumber.java.JavaStepDefinition.execute(JavaStepDefinition.java:29)
	at io.cucumber.core.runner.CoreStepDefinition.execute(CoreStepDefinition.java:66)
	at io.cucumber.core.runner.PickleStepDefinitionMatch.runStep(PickleStepDefinitionMatch.java:62)
	at io.cucumber.core.runner.ExecutionMode$1.execute(ExecutionMode.java:10)
	at io.cucumber.core.runner.TestStep.executeStep(TestStep.java:81)
	at io.cucumber.core.runner.TestStep.run(TestStep.java:53)
	at io.cucumber.core.runner.PickleStepTestStep.run(PickleStepTestStep.java:51)
	at io.cucumber.core.runner.TestCase.run(TestCase.java:86)
	at io.cucumber.core.runner.Runner.runPickle(Runner.java:77)
	at io.cucumber.testng.TestNGCucumberRunner.lambda$runScenario$1(TestNGCucumberRunner.java:135)
	at io.cucumber.core.runtime.CucumberExecutionContext.lambda$runTestCase$5(CucumberExecutionContext.java:136)
	at io.cucumber.core.runtime.RethrowingThrowableCollector.executeAndThrow(RethrowingThrowableCollector.java:23)
	at io.cucumber.core.runtime.CucumberExecutionContext.runTestCase(CucumberExecutionContext.java:136)
	at io.cucumber.testng.TestNGCucumberRunner.runScenario(TestNGCucumberRunner.java:132)
	at io.cucumber.testng.AbstractTestNGCucumberTests.runScenario(AbstractTestNGCucumberTests.java:35)
	at java.base/jdk.internal.reflect.DirectMethodHandleAccessor.invoke(DirectMethodHandleAccessor.java:103)
	at java.base/java.lang.reflect.Method.invoke(Method.java:580)
	at org.testng.internal.invokers.MethodInvocationHelper.invokeMethod(MethodInvocationHelper.java:141)
	at org.testng.internal.invokers.TestInvoker.invokeMethod(TestInvoker.java:687)
	at org.testng.internal.invokers.TestInvoker.invokeTestMethod(TestInvoker.java:230)
	at org.testng.internal.invokers.MethodRunner.runInSequence(MethodRunner.java:63)
	at org.testng.internal.invokers.TestInvoker$MethodInvocationAgent.invoke(TestInvoker.java:995)
	at org.testng.internal.invokers.TestInvoker.invokeTestMethods(TestInvoker.java:203)
	at org.testng.internal.invokers.TestMethodWorker.invokeTestMethods(TestMethodWorker.java:154)
	at org.testng.internal.invokers.TestMethodWorker.run(TestMethodWorker.java:134)
	at java.base/java.util.ArrayList.forEach(ArrayList.java:1596)
	at org.testng.TestRunner.privateRun(TestRunner.java:741)
	at org.testng.TestRunner.run(TestRunner.java:616)
	at org.testng.SuiteRunner.runTest(SuiteRunner.java:421)
	at org.testng.SuiteRunner$SuiteWorker.run(SuiteRunner.java:463)
	at org.testng.internal.thread.ThreadUtil.lambda$execute$0(ThreadUtil.java:64)
	at java.base/java.util.concurrent.FutureTask.run(FutureTask.java:317)
	at java.base/java.util.concurrent.ThreadPoolExecutor.runWorker(ThreadPoolExecutor.java:1144)
	at java.base/java.util.concurrent.ThreadPoolExecutor$Worker.run(ThreadPoolExecutor.java:642)
	at java.base/java.lang.Thread.run(Thread.java:1583)
Caused by: java.io.UncheckedIOException: java.io.IOException: Task jdk.internal.net.http.common.SequentialScheduler$SchedulableTask@4cafe014 rejected from java.util.concurrent.ThreadPoolExecutor@55a8cf66[Shutting down, pool size = 2, active threads = 2, queued tasks = 0, completed tasks = 70]
	at org.openqa.selenium.remote.http.jdk.JdkHttpClient.execute0(JdkHttpClient.java:500)
	at org.openqa.selenium.remote.http.AddSeleniumUserAgent.lambda$apply$0(AddSeleniumUserAgent.java:42)
	at org.openqa.selenium.remote.http.Filter.lambda$andFinally$1(Filter.java:55)
	at org.openqa.selenium.remote.http.jdk.JdkHttpClient.lambda$executeAsync$2(JdkHttpClient.java:387)
	at java.base/java.util.concurrent.Executors$RunnableAdapter.call(Executors.java:572)
	... 4 more
Caused by: java.io.IOException: Task jdk.internal.net.http.common.SequentialScheduler$SchedulableTask@4cafe014 rejected from java.util.concurrent.ThreadPoolExecutor@55a8cf66[Shutting down, pool size = 2, active threads = 2, queued tasks = 0, completed tasks = 70]
	at java.net.http/jdk.internal.net.http.HttpClientImpl.send(HttpClientImpl.java:969)
	at java.net.http/jdk.internal.net.http.HttpClientFacade.send(HttpClientFacade.java:133)
	at org.openqa.selenium.remote.http.jdk.JdkHttpClient.execute0(JdkHttpClient.java:459)
	... 8 more
Caused by: java.util.concurrent.RejectedExecutionException: Task jdk.internal.net.http.common.SequentialScheduler$SchedulableTask@4cafe014 rejected from java.util.concurrent.ThreadPoolExecutor@55a8cf66[Shutting down, pool size = 2, active threads = 2, queued tasks = 0, completed tasks = 70]
	at java.base/java.util.concurrent.ThreadPoolExecutor$AbortPolicy.rejectedExecution(ThreadPoolExecutor.java:2081)
	at java.base/java.util.concurrent.ThreadPoolExecutor.reject(ThreadPoolExecutor.java:841)
	at java.base/java.util.concurrent.ThreadPoolExecutor.execute(ThreadPoolExecutor.java:1376)
	at java.net.http/jdk.internal.net.http.HttpClientImpl$DelegatingExecutor.ensureExecutedAsync(HttpClientImpl.java:183)
	at java.net.http/jdk.internal.net.http.HttpClientImpl$DelegatingExecutor.execute(HttpClientImpl.java:175)
	at java.net.http/jdk.internal.net.http.common.SequentialScheduler.runOrSchedule(SequentialScheduler.java:282)
	at java.net.http/jdk.internal.net.http.common.SequentialScheduler.runOrSchedule(SequentialScheduler.java:251)
	at java.net.http/jdk.internal.net.http.Http1AsyncReceiver.onReadError(Http1AsyncReceiver.java:516)
	at java.net.http/jdk.internal.net.http.Http1AsyncReceiver$Http1TubeSubscriber.onComplete(Http1AsyncReceiver.java:601)
	at java.net.http/jdk.internal.net.http.SocketTube$InternalReadPublisher$ReadSubscription.signalCompletion(SocketTube.java:648)
	at java.net.http/jdk.internal.net.http.SocketTube$InternalReadPublisher$InternalReadSubscription.read(SocketTube.java:853)
	at java.net.http/jdk.internal.net.http.SocketTube$SocketFlowTask.run(SocketTube.java:181)
	at java.net.http/jdk.internal.net.http.common.SequentialScheduler$SchedulableTask.run(SequentialScheduler.java:207)
	at java.net.http/jdk.internal.net.http.common.SequentialScheduler.runOrSchedule(SequentialScheduler.java:280)
	at java.net.http/jdk.internal.net.http.common.SequentialScheduler.runOrSchedule(SequentialScheduler.java:233)
	at java.net.http/jdk.internal.net.http.SocketTube$InternalReadPublisher$InternalReadSubscription.signalReadable(SocketTube.java:782)
	at java.net.http/jdk.internal.net.http.SocketTube$InternalReadPublisher$ReadEvent.signalEvent(SocketTube.java:965)
	at java.net.http/jdk.internal.net.http.SocketTube$SocketFlowEvent.handle(SocketTube.java:253)
	at java.net.http/jdk.internal.net.http.HttpClientImpl$SelectorManager.handleEvent(HttpClientImpl.java:1470)
	at java.net.http/jdk.internal.net.http.HttpClientImpl$SelectorManager.lambda$run$3(HttpClientImpl.java:1415)
	at java.base/java.util.ArrayList.forEach(ArrayList.java:1596)
	at java.net.http/jdk.internal.net.http.HttpClientImpl$SelectorManager.run(HttpClientImpl.java:1415)
2025-07-28 19:07:23 [TestNG-tests-2] INFO  stepDefinitions.Hooks - Browser is close
2025-07-28 19:07:23 [TestNG-tests-3] INFO  stepDefinitions.Hooks - Browser is close
2025-07-28 19:07:30 [TestNG-tests-1] INFO  stepDefinitions.Hooks - Browser is openchrome
2025-07-28 19:07:30 [TestNG-tests-3] INFO  stepDefinitions.Hooks - Browser is openchrome
2025-07-28 19:07:31 [TestNG-tests-1] INFO  stepDefinitions.CategorySteps - User is on homepage
2025-07-28 19:07:31 [TestNG-tests-2] INFO  stepDefinitions.Hooks - Browser is openchrome
2025-07-28 19:07:31 [TestNG-tests-1] DEBUG stepDefinitions.CategorySteps - Debugging exception: 
org.openqa.selenium.remote.UnreachableBrowserException: Error communicating with the remote browser. It may have died.
Build info: version: '4.33.0', revision: '2c6aaad03a'
System info: os.name: 'Windows 10', os.arch: 'amd64', os.version: '10.0', java.version: '21.0.7'
Driver info: org.openqa.selenium.chrome.ChromeDriver
Command: [0990787d5b7c9c94a0fb0a11d71c9f1b, sendKeysToElement [value, id]]
Capabilities {acceptInsecureCerts: false, browserName: chrome, browserVersion: 138.0.7204.169, chrome: {chromedriverVersion: 138.0.7204.168 (3e8d82e86e9..., userDataDir: C:\Users\pc\AppData\Local\T...}, fedcm:accounts: true, goog:chromeOptions: {debuggerAddress: localhost:60682}, networkConnectionEnabled: false, pageLoadStrategy: normal, platformName: windows, proxy: Proxy(), se:cdp: ws://localhost:60682/devtoo..., se:cdpVersion: 138.0.7204.169, setWindowRect: true, strictFileInteractability: false, timeouts: {implicit: 0, pageLoad: 300000, script: 30000}, unhandledPromptBehavior: dismiss and notify, webauthn:extension:credBlob: true, webauthn:extension:largeBlob: true, webauthn:extension:minPinLength: true, webauthn:extension:prf: true, webauthn:virtualAuthenticators: true}
Element: [[ChromeDriver: chrome on windows (0990787d5b7c9c94a0fb0a11d71c9f1b)] -> id: email]
Session ID: 0990787d5b7c9c94a0fb0a11d71c9f1b
	at org.openqa.selenium.remote.RemoteWebDriver.execute(RemoteWebDriver.java:571)
	at org.openqa.selenium.remote.RemoteWebElement.execute(RemoteWebElement.java:223)
	at org.openqa.selenium.remote.RemoteWebElement.sendKeys(RemoteWebElement.java:110)
	at java.base/jdk.internal.reflect.DirectMethodHandleAccessor.invoke(DirectMethodHandleAccessor.java:103)
	at java.base/java.lang.reflect.Method.invoke(Method.java:580)
	at org.openqa.selenium.support.pagefactory.internal.LocatingElementHandler.invoke(LocatingElementHandler.java:51)
	at jdk.proxy2/jdk.proxy2.$Proxy41.sendKeys(Unknown Source)
	at pages.SignInPage.logincred(SignInPage.java:21)
	at stepDefinitions.CategorySteps.user_logins_successfully_with_valid_email_id_and_password(CategorySteps.java:46)
	at java.base/jdk.internal.reflect.DirectMethodHandleAccessor.invoke(DirectMethodHandleAccessor.java:103)
	at java.base/java.lang.reflect.Method.invoke(Method.java:580)
	at io.cucumber.java.Invoker.doInvoke(Invoker.java:66)
	at io.cucumber.java.Invoker.invoke(Invoker.java:24)
	at io.cucumber.java.AbstractGlueDefinition.invokeMethod(AbstractGlueDefinition.java:47)
	at io.cucumber.java.JavaStepDefinition.execute(JavaStepDefinition.java:29)
	at io.cucumber.core.runner.CoreStepDefinition.execute(CoreStepDefinition.java:66)
	at io.cucumber.core.runner.PickleStepDefinitionMatch.runStep(PickleStepDefinitionMatch.java:62)
	at io.cucumber.core.runner.ExecutionMode$1.execute(ExecutionMode.java:10)
	at io.cucumber.core.runner.TestStep.executeStep(TestStep.java:81)
	at io.cucumber.core.runner.TestStep.run(TestStep.java:53)
	at io.cucumber.core.runner.PickleStepTestStep.run(PickleStepTestStep.java:51)
	at io.cucumber.core.runner.TestCase.run(TestCase.java:86)
	at io.cucumber.core.runner.Runner.runPickle(Runner.java:77)
	at io.cucumber.testng.TestNGCucumberRunner.lambda$runScenario$1(TestNGCucumberRunner.java:135)
	at io.cucumber.core.runtime.CucumberExecutionContext.lambda$runTestCase$5(CucumberExecutionContext.java:136)
	at io.cucumber.core.runtime.RethrowingThrowableCollector.executeAndThrow(RethrowingThrowableCollector.java:23)
	at io.cucumber.core.runtime.CucumberExecutionContext.runTestCase(CucumberExecutionContext.java:136)
	at io.cucumber.testng.TestNGCucumberRunner.runScenario(TestNGCucumberRunner.java:132)
	at io.cucumber.testng.AbstractTestNGCucumberTests.runScenario(AbstractTestNGCucumberTests.java:35)
	at java.base/jdk.internal.reflect.DirectMethodHandleAccessor.invoke(DirectMethodHandleAccessor.java:103)
	at java.base/java.lang.reflect.Method.invoke(Method.java:580)
	at org.testng.internal.invokers.MethodInvocationHelper.invokeMethod(MethodInvocationHelper.java:141)
	at org.testng.internal.invokers.TestInvoker.invokeMethod(TestInvoker.java:687)
	at org.testng.internal.invokers.TestInvoker.invokeTestMethod(TestInvoker.java:230)
	at org.testng.internal.invokers.MethodRunner.runInSequence(MethodRunner.java:63)
	at org.testng.internal.invokers.TestInvoker$MethodInvocationAgent.invoke(TestInvoker.java:995)
	at org.testng.internal.invokers.TestInvoker.invokeTestMethods(TestInvoker.java:203)
	at org.testng.internal.invokers.TestMethodWorker.invokeTestMethods(TestMethodWorker.java:154)
	at org.testng.internal.invokers.TestMethodWorker.run(TestMethodWorker.java:134)
	at java.base/java.util.ArrayList.forEach(ArrayList.java:1596)
	at org.testng.TestRunner.privateRun(TestRunner.java:741)
	at org.testng.TestRunner.run(TestRunner.java:616)
	at org.testng.SuiteRunner.runTest(SuiteRunner.java:421)
	at org.testng.SuiteRunner$SuiteWorker.run(SuiteRunner.java:463)
	at org.testng.internal.thread.ThreadUtil.lambda$execute$0(ThreadUtil.java:64)
	at java.base/java.util.concurrent.FutureTask.run(FutureTask.java:317)
	at java.base/java.util.concurrent.ThreadPoolExecutor.runWorker(ThreadPoolExecutor.java:1144)
	at java.base/java.util.concurrent.ThreadPoolExecutor$Worker.run(ThreadPoolExecutor.java:642)
	at java.base/java.lang.Thread.run(Thread.java:1583)
Caused by: java.io.UncheckedIOException: java.io.IOException: Task jdk.internal.net.http.common.SequentialScheduler$SchedulableTask@23688bcd rejected from java.util.concurrent.ThreadPoolExecutor@585253fd[Shutting down, pool size = 3, active threads = 3, queued tasks = 0, completed tasks = 67]
	at org.openqa.selenium.remote.http.jdk.JdkHttpClient.execute0(JdkHttpClient.java:500)
	at org.openqa.selenium.remote.http.AddSeleniumUserAgent.lambda$apply$0(AddSeleniumUserAgent.java:42)
	at org.openqa.selenium.remote.http.Filter.lambda$andFinally$1(Filter.java:55)
	at org.openqa.selenium.remote.http.jdk.JdkHttpClient.lambda$executeAsync$2(JdkHttpClient.java:387)
	at java.base/java.util.concurrent.Executors$RunnableAdapter.call(Executors.java:572)
	... 4 more
Caused by: java.io.IOException: Task jdk.internal.net.http.common.SequentialScheduler$SchedulableTask@23688bcd rejected from java.util.concurrent.ThreadPoolExecutor@585253fd[Shutting down, pool size = 3, active threads = 3, queued tasks = 0, completed tasks = 67]
	at java.net.http/jdk.internal.net.http.HttpClientImpl.send(HttpClientImpl.java:969)
	at java.net.http/jdk.internal.net.http.HttpClientFacade.send(HttpClientFacade.java:133)
	at org.openqa.selenium.remote.http.jdk.JdkHttpClient.execute0(JdkHttpClient.java:459)
	... 8 more
Caused by: java.util.concurrent.RejectedExecutionException: Task jdk.internal.net.http.common.SequentialScheduler$SchedulableTask@23688bcd rejected from java.util.concurrent.ThreadPoolExecutor@585253fd[Shutting down, pool size = 3, active threads = 3, queued tasks = 0, completed tasks = 67]
	at java.base/java.util.concurrent.ThreadPoolExecutor$AbortPolicy.rejectedExecution(ThreadPoolExecutor.java:2081)
	at java.base/java.util.concurrent.ThreadPoolExecutor.reject(ThreadPoolExecutor.java:841)
	at java.base/java.util.concurrent.ThreadPoolExecutor.execute(ThreadPoolExecutor.java:1376)
	at java.net.http/jdk.internal.net.http.HttpClientImpl$DelegatingExecutor.ensureExecutedAsync(HttpClientImpl.java:183)
	at java.net.http/jdk.internal.net.http.HttpClientImpl$DelegatingExecutor.execute(HttpClientImpl.java:175)
	at java.net.http/jdk.internal.net.http.common.SequentialScheduler.runOrSchedule(SequentialScheduler.java:282)
	at java.net.http/jdk.internal.net.http.common.SequentialScheduler.runOrSchedule(SequentialScheduler.java:251)
	at java.net.http/jdk.internal.net.http.Http1AsyncReceiver.onReadError(Http1AsyncReceiver.java:516)
	at java.net.http/jdk.internal.net.http.Http1AsyncReceiver$Http1TubeSubscriber.onComplete(Http1AsyncReceiver.java:601)
	at java.net.http/jdk.internal.net.http.SocketTube$InternalReadPublisher$ReadSubscription.signalCompletion(SocketTube.java:648)
	at java.net.http/jdk.internal.net.http.SocketTube$InternalReadPublisher$InternalReadSubscription.read(SocketTube.java:853)
	at java.net.http/jdk.internal.net.http.SocketTube$SocketFlowTask.run(SocketTube.java:181)
	at java.net.http/jdk.internal.net.http.common.SequentialScheduler$SchedulableTask.run(SequentialScheduler.java:207)
	at java.net.http/jdk.internal.net.http.common.SequentialScheduler.runOrSchedule(SequentialScheduler.java:280)
	at java.net.http/jdk.internal.net.http.common.SequentialScheduler.runOrSchedule(SequentialScheduler.java:233)
	at java.net.http/jdk.internal.net.http.SocketTube$InternalReadPublisher$InternalReadSubscription.signalReadable(SocketTube.java:782)
	at java.net.http/jdk.internal.net.http.SocketTube$InternalReadPublisher$ReadEvent.signalEvent(SocketTube.java:965)
	at java.net.http/jdk.internal.net.http.SocketTube$SocketFlowEvent.handle(SocketTube.java:253)
	at java.net.http/jdk.internal.net.http.HttpClientImpl$SelectorManager.handleEvent(HttpClientImpl.java:1470)
	at java.net.http/jdk.internal.net.http.HttpClientImpl$SelectorManager.lambda$run$3(HttpClientImpl.java:1415)
	at java.base/java.util.ArrayList.forEach(ArrayList.java:1596)
	at java.net.http/jdk.internal.net.http.HttpClientImpl$SelectorManager.run(HttpClientImpl.java:1415)
2025-07-28 19:07:31 [TestNG-tests-3] INFO  stepDefinitions.Hooks - Browser is close
2025-07-28 19:07:38 [TestNG-tests-2] INFO  stepDefinitions.Hooks - Browser is openchrome
2025-07-28 19:07:38 [TestNG-tests-3] INFO  stepDefinitions.Hooks - Browser is openchrome
2025-07-28 19:07:40 [TestNG-tests-2] INFO  stepDefinitions.CategorySteps - User is on homepage
2025-07-28 19:07:40 [TestNG-tests-1] INFO  stepDefinitions.Hooks - Browser is openchrome
2025-07-28 19:07:41 [TestNG-tests-2] DEBUG stepDefinitions.CategorySteps - Debugging exception: 
org.openqa.selenium.remote.UnreachableBrowserException: Error communicating with the remote browser. It may have died.
Build info: version: '4.33.0', revision: '2c6aaad03a'
System info: os.name: 'Windows 10', os.arch: 'amd64', os.version: '10.0', java.version: '21.0.7'
Driver info: org.openqa.selenium.chrome.ChromeDriver
Command: [65ba08c404451e6ce3c97a72986e77a6, sendKeysToElement [value, id]]
Capabilities {acceptInsecureCerts: false, browserName: chrome, browserVersion: 138.0.7204.169, chrome: {chromedriverVersion: 138.0.7204.168 (3e8d82e86e9..., userDataDir: C:\Users\pc\AppData\Local\T...}, fedcm:accounts: true, goog:chromeOptions: {debuggerAddress: localhost:60772}, networkConnectionEnabled: false, pageLoadStrategy: normal, platformName: windows, proxy: Proxy(), se:cdp: ws://localhost:60772/devtoo..., se:cdpVersion: 138.0.7204.169, setWindowRect: true, strictFileInteractability: false, timeouts: {implicit: 0, pageLoad: 300000, script: 30000}, unhandledPromptBehavior: dismiss and notify, webauthn:extension:credBlob: true, webauthn:extension:largeBlob: true, webauthn:extension:minPinLength: true, webauthn:extension:prf: true, webauthn:virtualAuthenticators: true}
Element: [[ChromeDriver: chrome on windows (65ba08c404451e6ce3c97a72986e77a6)] -> id: email]
Session ID: 65ba08c404451e6ce3c97a72986e77a6
	at org.openqa.selenium.remote.RemoteWebDriver.execute(RemoteWebDriver.java:571)
	at org.openqa.selenium.remote.RemoteWebElement.execute(RemoteWebElement.java:223)
	at org.openqa.selenium.remote.RemoteWebElement.sendKeys(RemoteWebElement.java:110)
	at java.base/jdk.internal.reflect.DirectMethodHandleAccessor.invoke(DirectMethodHandleAccessor.java:103)
	at java.base/java.lang.reflect.Method.invoke(Method.java:580)
	at org.openqa.selenium.support.pagefactory.internal.LocatingElementHandler.invoke(LocatingElementHandler.java:51)
	at jdk.proxy2/jdk.proxy2.$Proxy41.sendKeys(Unknown Source)
	at pages.SignInPage.logincred(SignInPage.java:21)
	at stepDefinitions.CategorySteps.user_logins_successfully_with_valid_email_id_and_password(CategorySteps.java:46)
	at java.base/jdk.internal.reflect.DirectMethodHandleAccessor.invoke(DirectMethodHandleAccessor.java:103)
	at java.base/java.lang.reflect.Method.invoke(Method.java:580)
	at io.cucumber.java.Invoker.doInvoke(Invoker.java:66)
	at io.cucumber.java.Invoker.invoke(Invoker.java:24)
	at io.cucumber.java.AbstractGlueDefinition.invokeMethod(AbstractGlueDefinition.java:47)
	at io.cucumber.java.JavaStepDefinition.execute(JavaStepDefinition.java:29)
	at io.cucumber.core.runner.CoreStepDefinition.execute(CoreStepDefinition.java:66)
	at io.cucumber.core.runner.PickleStepDefinitionMatch.runStep(PickleStepDefinitionMatch.java:62)
	at io.cucumber.core.runner.ExecutionMode$1.execute(ExecutionMode.java:10)
	at io.cucumber.core.runner.TestStep.executeStep(TestStep.java:81)
	at io.cucumber.core.runner.TestStep.run(TestStep.java:53)
	at io.cucumber.core.runner.PickleStepTestStep.run(PickleStepTestStep.java:51)
	at io.cucumber.core.runner.TestCase.run(TestCase.java:86)
	at io.cucumber.core.runner.Runner.runPickle(Runner.java:77)
	at io.cucumber.testng.TestNGCucumberRunner.lambda$runScenario$1(TestNGCucumberRunner.java:135)
	at io.cucumber.core.runtime.CucumberExecutionContext.lambda$runTestCase$5(CucumberExecutionContext.java:136)
	at io.cucumber.core.runtime.RethrowingThrowableCollector.executeAndThrow(RethrowingThrowableCollector.java:23)
	at io.cucumber.core.runtime.CucumberExecutionContext.runTestCase(CucumberExecutionContext.java:136)
	at io.cucumber.testng.TestNGCucumberRunner.runScenario(TestNGCucumberRunner.java:132)
	at io.cucumber.testng.AbstractTestNGCucumberTests.runScenario(AbstractTestNGCucumberTests.java:35)
	at java.base/jdk.internal.reflect.DirectMethodHandleAccessor.invoke(DirectMethodHandleAccessor.java:103)
	at java.base/java.lang.reflect.Method.invoke(Method.java:580)
	at org.testng.internal.invokers.MethodInvocationHelper.invokeMethod(MethodInvocationHelper.java:141)
	at org.testng.internal.invokers.TestInvoker.invokeMethod(TestInvoker.java:687)
	at org.testng.internal.invokers.TestInvoker.invokeTestMethod(TestInvoker.java:230)
	at org.testng.internal.invokers.MethodRunner.runInSequence(MethodRunner.java:63)
	at org.testng.internal.invokers.TestInvoker$MethodInvocationAgent.invoke(TestInvoker.java:995)
	at org.testng.internal.invokers.TestInvoker.invokeTestMethods(TestInvoker.java:203)
	at org.testng.internal.invokers.TestMethodWorker.invokeTestMethods(TestMethodWorker.java:154)
	at org.testng.internal.invokers.TestMethodWorker.run(TestMethodWorker.java:134)
	at java.base/java.util.ArrayList.forEach(ArrayList.java:1596)
	at org.testng.TestRunner.privateRun(TestRunner.java:741)
	at org.testng.TestRunner.run(TestRunner.java:616)
	at org.testng.SuiteRunner.runTest(SuiteRunner.java:421)
	at org.testng.SuiteRunner$SuiteWorker.run(SuiteRunner.java:463)
	at org.testng.internal.thread.ThreadUtil.lambda$execute$0(ThreadUtil.java:64)
	at java.base/java.util.concurrent.FutureTask.run(FutureTask.java:317)
	at java.base/java.util.concurrent.ThreadPoolExecutor.runWorker(ThreadPoolExecutor.java:1144)
	at java.base/java.util.concurrent.ThreadPoolExecutor$Worker.run(ThreadPoolExecutor.java:642)
	at java.base/java.lang.Thread.run(Thread.java:1583)
Caused by: java.io.UncheckedIOException: java.io.IOException: Task jdk.internal.net.http.common.SequentialScheduler$SchedulableTask@657978aa rejected from java.util.concurrent.ThreadPoolExecutor@b66ec3c[Shutting down, pool size = 3, active threads = 3, queued tasks = 0, completed tasks = 67]
	at org.openqa.selenium.remote.http.jdk.JdkHttpClient.execute0(JdkHttpClient.java:500)
	at org.openqa.selenium.remote.http.AddSeleniumUserAgent.lambda$apply$0(AddSeleniumUserAgent.java:42)
	at org.openqa.selenium.remote.http.Filter.lambda$andFinally$1(Filter.java:55)
	at org.openqa.selenium.remote.http.jdk.JdkHttpClient.lambda$executeAsync$2(JdkHttpClient.java:387)
	at java.base/java.util.concurrent.Executors$RunnableAdapter.call(Executors.java:572)
	... 4 more
Caused by: java.io.IOException: Task jdk.internal.net.http.common.SequentialScheduler$SchedulableTask@657978aa rejected from java.util.concurrent.ThreadPoolExecutor@b66ec3c[Shutting down, pool size = 3, active threads = 3, queued tasks = 0, completed tasks = 67]
	at java.net.http/jdk.internal.net.http.HttpClientImpl.send(HttpClientImpl.java:969)
	at java.net.http/jdk.internal.net.http.HttpClientFacade.send(HttpClientFacade.java:133)
	at org.openqa.selenium.remote.http.jdk.JdkHttpClient.execute0(JdkHttpClient.java:459)
	... 8 more
Caused by: java.util.concurrent.RejectedExecutionException: Task jdk.internal.net.http.common.SequentialScheduler$SchedulableTask@657978aa rejected from java.util.concurrent.ThreadPoolExecutor@b66ec3c[Shutting down, pool size = 3, active threads = 3, queued tasks = 0, completed tasks = 67]
	at java.base/java.util.concurrent.ThreadPoolExecutor$AbortPolicy.rejectedExecution(ThreadPoolExecutor.java:2081)
	at java.base/java.util.concurrent.ThreadPoolExecutor.reject(ThreadPoolExecutor.java:841)
	at java.base/java.util.concurrent.ThreadPoolExecutor.execute(ThreadPoolExecutor.java:1376)
	at java.net.http/jdk.internal.net.http.HttpClientImpl$DelegatingExecutor.ensureExecutedAsync(HttpClientImpl.java:183)
	at java.net.http/jdk.internal.net.http.HttpClientImpl$DelegatingExecutor.execute(HttpClientImpl.java:175)
	at java.net.http/jdk.internal.net.http.common.SequentialScheduler.runOrSchedule(SequentialScheduler.java:282)
	at java.net.http/jdk.internal.net.http.common.SequentialScheduler.runOrSchedule(SequentialScheduler.java:251)
	at java.net.http/jdk.internal.net.http.Http1AsyncReceiver.onReadError(Http1AsyncReceiver.java:516)
	at java.net.http/jdk.internal.net.http.Http1AsyncReceiver$Http1TubeSubscriber.onComplete(Http1AsyncReceiver.java:601)
	at java.net.http/jdk.internal.net.http.SocketTube$InternalReadPublisher$ReadSubscription.signalCompletion(SocketTube.java:648)
	at java.net.http/jdk.internal.net.http.SocketTube$InternalReadPublisher$InternalReadSubscription.read(SocketTube.java:853)
	at java.net.http/jdk.internal.net.http.SocketTube$SocketFlowTask.run(SocketTube.java:181)
	at java.net.http/jdk.internal.net.http.common.SequentialScheduler$SchedulableTask.run(SequentialScheduler.java:207)
	at java.net.http/jdk.internal.net.http.common.SequentialScheduler.runOrSchedule(SequentialScheduler.java:280)
	at java.net.http/jdk.internal.net.http.common.SequentialScheduler.runOrSchedule(SequentialScheduler.java:233)
	at java.net.http/jdk.internal.net.http.SocketTube$InternalReadPublisher$InternalReadSubscription.signalReadable(SocketTube.java:782)
	at java.net.http/jdk.internal.net.http.SocketTube$InternalReadPublisher$ReadEvent.signalEvent(SocketTube.java:965)
	at java.net.http/jdk.internal.net.http.SocketTube$SocketFlowEvent.handle(SocketTube.java:253)
	at java.net.http/jdk.internal.net.http.HttpClientImpl$SelectorManager.handleEvent(HttpClientImpl.java:1470)
	at java.net.http/jdk.internal.net.http.HttpClientImpl$SelectorManager.lambda$run$3(HttpClientImpl.java:1415)
	at java.base/java.util.ArrayList.forEach(ArrayList.java:1596)
	at java.net.http/jdk.internal.net.http.HttpClientImpl$SelectorManager.run(HttpClientImpl.java:1415)
2025-07-28 19:07:41 [TestNG-tests-3] INFO  stepDefinitions.Hooks - Browser is close
2025-07-28 19:07:49 [TestNG-tests-2] INFO  stepDefinitions.Hooks - Browser is openchrome
2025-07-28 19:07:49 [TestNG-tests-3] INFO  stepDefinitions.Hooks - Browser is openchrome
2025-07-28 19:07:49 [TestNG-tests-1] INFO  stepDefinitions.Hooks - Browser is openchrome
2025-07-28 19:07:50 [TestNG-tests-2] INFO  stepDefinitions.CategorySteps - User is on homepage
2025-07-28 19:07:50 [TestNG-tests-2] DEBUG stepDefinitions.CategorySteps - Debugging exception: 
org.openqa.selenium.remote.UnreachableBrowserException: Error communicating with the remote browser. It may have died.
Build info: version: '4.33.0', revision: '2c6aaad03a'
System info: os.name: 'Windows 10', os.arch: 'amd64', os.version: '10.0', java.version: '21.0.7'
Driver info: org.openqa.selenium.chrome.ChromeDriver
Command: [97b1db6fc8325e23f3a118e005ed93f9, sendKeysToElement [value, id]]
Capabilities {acceptInsecureCerts: false, browserName: chrome, browserVersion: 138.0.7204.169, chrome: {chromedriverVersion: 138.0.7204.168 (3e8d82e86e9..., userDataDir: C:\Users\pc\AppData\Local\T...}, fedcm:accounts: true, goog:chromeOptions: {debuggerAddress: localhost:60869}, networkConnectionEnabled: false, pageLoadStrategy: normal, platformName: windows, proxy: Proxy(), se:cdp: ws://localhost:60869/devtoo..., se:cdpVersion: 138.0.7204.169, setWindowRect: true, strictFileInteractability: false, timeouts: {implicit: 0, pageLoad: 300000, script: 30000}, unhandledPromptBehavior: dismiss and notify, webauthn:extension:credBlob: true, webauthn:extension:largeBlob: true, webauthn:extension:minPinLength: true, webauthn:extension:prf: true, webauthn:virtualAuthenticators: true}
Element: [[ChromeDriver: chrome on windows (97b1db6fc8325e23f3a118e005ed93f9)] -> id: email]
Session ID: 97b1db6fc8325e23f3a118e005ed93f9
	at org.openqa.selenium.remote.RemoteWebDriver.execute(RemoteWebDriver.java:571)
	at org.openqa.selenium.remote.RemoteWebElement.execute(RemoteWebElement.java:223)
	at org.openqa.selenium.remote.RemoteWebElement.sendKeys(RemoteWebElement.java:110)
	at java.base/jdk.internal.reflect.DirectMethodHandleAccessor.invoke(DirectMethodHandleAccessor.java:103)
	at java.base/java.lang.reflect.Method.invoke(Method.java:580)
	at org.openqa.selenium.support.pagefactory.internal.LocatingElementHandler.invoke(LocatingElementHandler.java:51)
	at jdk.proxy2/jdk.proxy2.$Proxy41.sendKeys(Unknown Source)
	at pages.SignInPage.logincred(SignInPage.java:21)
	at stepDefinitions.CategorySteps.user_logins_successfully_with_valid_email_id_and_password(CategorySteps.java:46)
	at java.base/jdk.internal.reflect.DirectMethodHandleAccessor.invoke(DirectMethodHandleAccessor.java:103)
	at java.base/java.lang.reflect.Method.invoke(Method.java:580)
	at io.cucumber.java.Invoker.doInvoke(Invoker.java:66)
	at io.cucumber.java.Invoker.invoke(Invoker.java:24)
	at io.cucumber.java.AbstractGlueDefinition.invokeMethod(AbstractGlueDefinition.java:47)
	at io.cucumber.java.JavaStepDefinition.execute(JavaStepDefinition.java:29)
	at io.cucumber.core.runner.CoreStepDefinition.execute(CoreStepDefinition.java:66)
	at io.cucumber.core.runner.PickleStepDefinitionMatch.runStep(PickleStepDefinitionMatch.java:62)
	at io.cucumber.core.runner.ExecutionMode$1.execute(ExecutionMode.java:10)
	at io.cucumber.core.runner.TestStep.executeStep(TestStep.java:81)
	at io.cucumber.core.runner.TestStep.run(TestStep.java:53)
	at io.cucumber.core.runner.PickleStepTestStep.run(PickleStepTestStep.java:51)
	at io.cucumber.core.runner.TestCase.run(TestCase.java:86)
	at io.cucumber.core.runner.Runner.runPickle(Runner.java:77)
	at io.cucumber.testng.TestNGCucumberRunner.lambda$runScenario$1(TestNGCucumberRunner.java:135)
	at io.cucumber.core.runtime.CucumberExecutionContext.lambda$runTestCase$5(CucumberExecutionContext.java:136)
	at io.cucumber.core.runtime.RethrowingThrowableCollector.executeAndThrow(RethrowingThrowableCollector.java:23)
	at io.cucumber.core.runtime.CucumberExecutionContext.runTestCase(CucumberExecutionContext.java:136)
	at io.cucumber.testng.TestNGCucumberRunner.runScenario(TestNGCucumberRunner.java:132)
	at io.cucumber.testng.AbstractTestNGCucumberTests.runScenario(AbstractTestNGCucumberTests.java:35)
	at java.base/jdk.internal.reflect.DirectMethodHandleAccessor.invoke(DirectMethodHandleAccessor.java:103)
	at java.base/java.lang.reflect.Method.invoke(Method.java:580)
	at org.testng.internal.invokers.MethodInvocationHelper.invokeMethod(MethodInvocationHelper.java:141)
	at org.testng.internal.invokers.TestInvoker.invokeMethod(TestInvoker.java:687)
	at org.testng.internal.invokers.TestInvoker.invokeTestMethod(TestInvoker.java:230)
	at org.testng.internal.invokers.MethodRunner.runInSequence(MethodRunner.java:63)
	at org.testng.internal.invokers.TestInvoker$MethodInvocationAgent.invoke(TestInvoker.java:995)
	at org.testng.internal.invokers.TestInvoker.invokeTestMethods(TestInvoker.java:203)
	at org.testng.internal.invokers.TestMethodWorker.invokeTestMethods(TestMethodWorker.java:154)
	at org.testng.internal.invokers.TestMethodWorker.run(TestMethodWorker.java:134)
	at java.base/java.util.ArrayList.forEach(ArrayList.java:1596)
	at org.testng.TestRunner.privateRun(TestRunner.java:741)
	at org.testng.TestRunner.run(TestRunner.java:616)
	at org.testng.SuiteRunner.runTest(SuiteRunner.java:421)
	at org.testng.SuiteRunner$SuiteWorker.run(SuiteRunner.java:463)
	at org.testng.internal.thread.ThreadUtil.lambda$execute$0(ThreadUtil.java:64)
	at java.base/java.util.concurrent.FutureTask.run(FutureTask.java:317)
	at java.base/java.util.concurrent.ThreadPoolExecutor.runWorker(ThreadPoolExecutor.java:1144)
	at java.base/java.util.concurrent.ThreadPoolExecutor$Worker.run(ThreadPoolExecutor.java:642)
	at java.base/java.lang.Thread.run(Thread.java:1583)
Caused by: java.io.UncheckedIOException: java.io.IOException: Task jdk.internal.net.http.common.SequentialScheduler$SchedulableTask@586ed302 rejected from java.util.concurrent.ThreadPoolExecutor@23b255a9[Shutting down, pool size = 2, active threads = 2, queued tasks = 0, completed tasks = 70]
	at org.openqa.selenium.remote.http.jdk.JdkHttpClient.execute0(JdkHttpClient.java:500)
	at org.openqa.selenium.remote.http.AddSeleniumUserAgent.lambda$apply$0(AddSeleniumUserAgent.java:42)
	at org.openqa.selenium.remote.http.Filter.lambda$andFinally$1(Filter.java:55)
	at org.openqa.selenium.remote.http.jdk.JdkHttpClient.lambda$executeAsync$2(JdkHttpClient.java:387)
	at java.base/java.util.concurrent.Executors$RunnableAdapter.call(Executors.java:572)
	... 4 more
Caused by: java.io.IOException: Task jdk.internal.net.http.common.SequentialScheduler$SchedulableTask@586ed302 rejected from java.util.concurrent.ThreadPoolExecutor@23b255a9[Shutting down, pool size = 2, active threads = 2, queued tasks = 0, completed tasks = 70]
	at java.net.http/jdk.internal.net.http.HttpClientImpl.send(HttpClientImpl.java:969)
	at java.net.http/jdk.internal.net.http.HttpClientFacade.send(HttpClientFacade.java:133)
	at org.openqa.selenium.remote.http.jdk.JdkHttpClient.execute0(JdkHttpClient.java:459)
	... 8 more
Caused by: java.util.concurrent.RejectedExecutionException: Task jdk.internal.net.http.common.SequentialScheduler$SchedulableTask@586ed302 rejected from java.util.concurrent.ThreadPoolExecutor@23b255a9[Shutting down, pool size = 2, active threads = 2, queued tasks = 0, completed tasks = 70]
	at java.base/java.util.concurrent.ThreadPoolExecutor$AbortPolicy.rejectedExecution(ThreadPoolExecutor.java:2081)
	at java.base/java.util.concurrent.ThreadPoolExecutor.reject(ThreadPoolExecutor.java:841)
	at java.base/java.util.concurrent.ThreadPoolExecutor.execute(ThreadPoolExecutor.java:1376)
	at java.net.http/jdk.internal.net.http.HttpClientImpl$DelegatingExecutor.ensureExecutedAsync(HttpClientImpl.java:183)
	at java.net.http/jdk.internal.net.http.HttpClientImpl$DelegatingExecutor.execute(HttpClientImpl.java:175)
	at java.net.http/jdk.internal.net.http.common.SequentialScheduler.runOrSchedule(SequentialScheduler.java:282)
	at java.net.http/jdk.internal.net.http.common.SequentialScheduler.runOrSchedule(SequentialScheduler.java:251)
	at java.net.http/jdk.internal.net.http.Http1AsyncReceiver.onReadError(Http1AsyncReceiver.java:516)
	at java.net.http/jdk.internal.net.http.Http1AsyncReceiver$Http1TubeSubscriber.onComplete(Http1AsyncReceiver.java:601)
	at java.net.http/jdk.internal.net.http.SocketTube$InternalReadPublisher$ReadSubscription.signalCompletion(SocketTube.java:648)
	at java.net.http/jdk.internal.net.http.SocketTube$InternalReadPublisher$InternalReadSubscription.read(SocketTube.java:853)
	at java.net.http/jdk.internal.net.http.SocketTube$SocketFlowTask.run(SocketTube.java:181)
	at java.net.http/jdk.internal.net.http.common.SequentialScheduler$SchedulableTask.run(SequentialScheduler.java:207)
	at java.net.http/jdk.internal.net.http.common.SequentialScheduler.runOrSchedule(SequentialScheduler.java:280)
	at java.net.http/jdk.internal.net.http.common.SequentialScheduler.runOrSchedule(SequentialScheduler.java:233)
	at java.net.http/jdk.internal.net.http.SocketTube$InternalReadPublisher$InternalReadSubscription.signalReadable(SocketTube.java:782)
	at java.net.http/jdk.internal.net.http.SocketTube$InternalReadPublisher$ReadEvent.signalEvent(SocketTube.java:965)
	at java.net.http/jdk.internal.net.http.SocketTube$SocketFlowEvent.handle(SocketTube.java:253)
	at java.net.http/jdk.internal.net.http.HttpClientImpl$SelectorManager.handleEvent(HttpClientImpl.java:1470)
	at java.net.http/jdk.internal.net.http.HttpClientImpl$SelectorManager.lambda$run$3(HttpClientImpl.java:1415)
	at java.base/java.util.ArrayList.forEach(ArrayList.java:1596)
	at java.net.http/jdk.internal.net.http.HttpClientImpl$SelectorManager.run(HttpClientImpl.java:1415)
2025-07-28 19:07:50 [TestNG-tests-3] INFO  stepDefinitions.Hooks - Browser is close
2025-07-28 19:07:57 [TestNG-tests-1] INFO  stepDefinitions.Hooks - Browser is openchrome
2025-07-28 19:07:57 [TestNG-tests-1] INFO  stepDefinitions.LoginSteps - User is in login page
2025-07-28 19:07:57 [TestNG-tests-2] INFO  stepDefinitions.Hooks - Browser is openchrome
2025-07-28 19:07:57 [TestNG-tests-2] INFO  stepDefinitions.LoginSteps - User is in login page
2025-07-28 19:07:57 [TestNG-tests-3] INFO  stepDefinitions.Hooks - Browser is openchrome
2025-07-28 19:07:57 [TestNG-tests-3] INFO  stepDefinitions.LoginSteps - User is in login page
2025-07-28 19:07:59 [TestNG-tests-1] INFO  stepDefinitions.LoginSteps - User has clicked on sign in button
2025-07-28 19:07:59 [TestNG-tests-2] INFO  stepDefinitions.Hooks - Browser is close
2025-07-28 19:12:45 [TestNG-tests-1] INFO  stepDefinitions.Hooks - Browser is openchrome
2025-07-28 19:12:45 [TestNG-tests-3] INFO  stepDefinitions.Hooks - Browser is openchrome
2025-07-28 19:12:46 [TestNG-tests-3] INFO  stepDefinitions.CategorySteps - User is on homepage
2025-07-28 19:12:46 [TestNG-tests-2] INFO  stepDefinitions.Hooks - Browser is openchrome
2025-07-28 19:12:47 [TestNG-tests-2] INFO  stepDefinitions.CategorySteps - User is on homepage
2025-07-28 19:12:47 [TestNG-tests-2] DEBUG stepDefinitions.CategorySteps - Debugging exception: 
org.openqa.selenium.remote.UnreachableBrowserException: Error communicating with the remote browser. It may have died.
Build info: version: '4.33.0', revision: '2c6aaad03a'
System info: os.name: 'Windows 10', os.arch: 'amd64', os.version: '10.0', java.version: '21.0.7'
Driver info: org.openqa.selenium.chrome.ChromeDriver
Command: [0db27ebddd4a8a15053fdda3e202b161, findElement [using, value]]
Capabilities {acceptInsecureCerts: false, browserName: chrome, browserVersion: 138.0.7204.169, chrome: {chromedriverVersion: 138.0.7204.168 (3e8d82e86e9..., userDataDir: C:\Users\pc\AppData\Local\T...}, fedcm:accounts: true, goog:chromeOptions: {debuggerAddress: localhost:61301}, networkConnectionEnabled: false, pageLoadStrategy: normal, platformName: windows, proxy: Proxy(), se:cdp: ws://localhost:61301/devtoo..., se:cdpVersion: 138.0.7204.169, setWindowRect: true, strictFileInteractability: false, timeouts: {implicit: 0, pageLoad: 300000, script: 30000}, unhandledPromptBehavior: dismiss and notify, webauthn:extension:credBlob: true, webauthn:extension:largeBlob: true, webauthn:extension:minPinLength: true, webauthn:extension:prf: true, webauthn:virtualAuthenticators: true}
Session ID: 0db27ebddd4a8a15053fdda3e202b161
	at org.openqa.selenium.remote.RemoteWebDriver.execute(RemoteWebDriver.java:571)
	at org.openqa.selenium.remote.ElementLocation$ElementFinder$2.findElement(ElementLocation.java:165)
	at org.openqa.selenium.remote.ElementLocation.findElement(ElementLocation.java:59)
	at org.openqa.selenium.remote.RemoteWebDriver.findElement(RemoteWebDriver.java:367)
	at org.openqa.selenium.remote.RemoteWebDriver.findElement(RemoteWebDriver.java:361)
	at org.openqa.selenium.support.pagefactory.DefaultElementLocator.findElement(DefaultElementLocator.java:68)
	at org.openqa.selenium.support.pagefactory.internal.LocatingElementHandler.invoke(LocatingElementHandler.java:38)
	at jdk.proxy2/jdk.proxy2.$Proxy42.sendKeys(Unknown Source)
	at pages.SignInPage.logincred(SignInPage.java:21)
	at stepDefinitions.CategorySteps.user_logins_successfully_with_valid_email_id_and_password(CategorySteps.java:46)
	at java.base/jdk.internal.reflect.DirectMethodHandleAccessor.invoke(DirectMethodHandleAccessor.java:103)
	at java.base/java.lang.reflect.Method.invoke(Method.java:580)
	at io.cucumber.java.Invoker.doInvoke(Invoker.java:66)
	at io.cucumber.java.Invoker.invoke(Invoker.java:24)
	at io.cucumber.java.AbstractGlueDefinition.invokeMethod(AbstractGlueDefinition.java:47)
	at io.cucumber.java.JavaStepDefinition.execute(JavaStepDefinition.java:29)
	at io.cucumber.core.runner.CoreStepDefinition.execute(CoreStepDefinition.java:66)
	at io.cucumber.core.runner.PickleStepDefinitionMatch.runStep(PickleStepDefinitionMatch.java:62)
	at io.cucumber.core.runner.ExecutionMode$1.execute(ExecutionMode.java:10)
	at io.cucumber.core.runner.TestStep.executeStep(TestStep.java:81)
	at io.cucumber.core.runner.TestStep.run(TestStep.java:53)
	at io.cucumber.core.runner.PickleStepTestStep.run(PickleStepTestStep.java:51)
	at io.cucumber.core.runner.TestCase.run(TestCase.java:86)
	at io.cucumber.core.runner.Runner.runPickle(Runner.java:77)
	at io.cucumber.testng.TestNGCucumberRunner.lambda$runScenario$1(TestNGCucumberRunner.java:135)
	at io.cucumber.core.runtime.CucumberExecutionContext.lambda$runTestCase$5(CucumberExecutionContext.java:136)
	at io.cucumber.core.runtime.RethrowingThrowableCollector.executeAndThrow(RethrowingThrowableCollector.java:23)
	at io.cucumber.core.runtime.CucumberExecutionContext.runTestCase(CucumberExecutionContext.java:136)
	at io.cucumber.testng.TestNGCucumberRunner.runScenario(TestNGCucumberRunner.java:132)
	at io.cucumber.testng.AbstractTestNGCucumberTests.runScenario(AbstractTestNGCucumberTests.java:35)
	at java.base/jdk.internal.reflect.DirectMethodHandleAccessor.invoke(DirectMethodHandleAccessor.java:103)
	at java.base/java.lang.reflect.Method.invoke(Method.java:580)
	at org.testng.internal.invokers.MethodInvocationHelper.invokeMethod(MethodInvocationHelper.java:141)
	at org.testng.internal.invokers.TestInvoker.invokeMethod(TestInvoker.java:687)
	at org.testng.internal.invokers.TestInvoker.invokeTestMethod(TestInvoker.java:230)
	at org.testng.internal.invokers.MethodRunner.runInSequence(MethodRunner.java:63)
	at org.testng.internal.invokers.TestInvoker$MethodInvocationAgent.invoke(TestInvoker.java:995)
	at org.testng.internal.invokers.TestInvoker.invokeTestMethods(TestInvoker.java:203)
	at org.testng.internal.invokers.TestMethodWorker.invokeTestMethods(TestMethodWorker.java:154)
	at org.testng.internal.invokers.TestMethodWorker.run(TestMethodWorker.java:134)
	at java.base/java.util.ArrayList.forEach(ArrayList.java:1596)
	at org.testng.TestRunner.privateRun(TestRunner.java:741)
	at org.testng.TestRunner.run(TestRunner.java:616)
	at org.testng.SuiteRunner.runTest(SuiteRunner.java:421)
	at org.testng.SuiteRunner$SuiteWorker.run(SuiteRunner.java:463)
	at org.testng.internal.thread.ThreadUtil.lambda$execute$0(ThreadUtil.java:64)
	at java.base/java.util.concurrent.FutureTask.run(FutureTask.java:317)
	at java.base/java.util.concurrent.ThreadPoolExecutor.runWorker(ThreadPoolExecutor.java:1144)
	at java.base/java.util.concurrent.ThreadPoolExecutor$Worker.run(ThreadPoolExecutor.java:642)
	at java.base/java.lang.Thread.run(Thread.java:1583)
Caused by: java.io.UncheckedIOException: java.io.IOException: Task jdk.internal.net.http.common.SequentialScheduler$SchedulableTask@2ceefbc2 rejected from java.util.concurrent.ThreadPoolExecutor@72ede3cc[Shutting down, pool size = 3, active threads = 3, queued tasks = 0, completed tasks = 77]
	at org.openqa.selenium.remote.http.jdk.JdkHttpClient.execute0(JdkHttpClient.java:500)
	at org.openqa.selenium.remote.http.AddSeleniumUserAgent.lambda$apply$0(AddSeleniumUserAgent.java:42)
	at org.openqa.selenium.remote.http.Filter.lambda$andFinally$1(Filter.java:55)
	at org.openqa.selenium.remote.http.jdk.JdkHttpClient.lambda$executeAsync$2(JdkHttpClient.java:387)
	at java.base/java.util.concurrent.Executors$RunnableAdapter.call(Executors.java:572)
	... 4 more
Caused by: java.io.IOException: Task jdk.internal.net.http.common.SequentialScheduler$SchedulableTask@2ceefbc2 rejected from java.util.concurrent.ThreadPoolExecutor@72ede3cc[Shutting down, pool size = 3, active threads = 3, queued tasks = 0, completed tasks = 77]
	at java.net.http/jdk.internal.net.http.HttpClientImpl.send(HttpClientImpl.java:969)
	at java.net.http/jdk.internal.net.http.HttpClientFacade.send(HttpClientFacade.java:133)
	at org.openqa.selenium.remote.http.jdk.JdkHttpClient.execute0(JdkHttpClient.java:459)
	... 8 more
Caused by: java.util.concurrent.RejectedExecutionException: Task jdk.internal.net.http.common.SequentialScheduler$SchedulableTask@2ceefbc2 rejected from java.util.concurrent.ThreadPoolExecutor@72ede3cc[Shutting down, pool size = 3, active threads = 3, queued tasks = 0, completed tasks = 77]
	at java.base/java.util.concurrent.ThreadPoolExecutor$AbortPolicy.rejectedExecution(ThreadPoolExecutor.java:2081)
	at java.base/java.util.concurrent.ThreadPoolExecutor.reject(ThreadPoolExecutor.java:841)
	at java.base/java.util.concurrent.ThreadPoolExecutor.execute(ThreadPoolExecutor.java:1376)
	at java.net.http/jdk.internal.net.http.HttpClientImpl$DelegatingExecutor.ensureExecutedAsync(HttpClientImpl.java:183)
	at java.net.http/jdk.internal.net.http.HttpClientImpl$DelegatingExecutor.execute(HttpClientImpl.java:175)
	at java.net.http/jdk.internal.net.http.common.SequentialScheduler.runOrSchedule(SequentialScheduler.java:282)
	at java.net.http/jdk.internal.net.http.common.SequentialScheduler.runOrSchedule(SequentialScheduler.java:251)
	at java.net.http/jdk.internal.net.http.Http1AsyncReceiver.onReadError(Http1AsyncReceiver.java:516)
	at java.net.http/jdk.internal.net.http.Http1AsyncReceiver$Http1TubeSubscriber.onComplete(Http1AsyncReceiver.java:601)
	at java.net.http/jdk.internal.net.http.SocketTube$InternalReadPublisher$ReadSubscription.signalCompletion(SocketTube.java:648)
	at java.net.http/jdk.internal.net.http.SocketTube$InternalReadPublisher$InternalReadSubscription.read(SocketTube.java:853)
	at java.net.http/jdk.internal.net.http.SocketTube$SocketFlowTask.run(SocketTube.java:181)
	at java.net.http/jdk.internal.net.http.common.SequentialScheduler$SchedulableTask.run(SequentialScheduler.java:207)
	at java.net.http/jdk.internal.net.http.common.SequentialScheduler.runOrSchedule(SequentialScheduler.java:280)
	at java.net.http/jdk.internal.net.http.common.SequentialScheduler.runOrSchedule(SequentialScheduler.java:233)
	at java.net.http/jdk.internal.net.http.SocketTube$InternalReadPublisher$InternalReadSubscription.signalReadable(SocketTube.java:782)
	at java.net.http/jdk.internal.net.http.SocketTube$InternalReadPublisher$ReadEvent.signalEvent(SocketTube.java:965)
	at java.net.http/jdk.internal.net.http.SocketTube$SocketFlowEvent.handle(SocketTube.java:253)
	at java.net.http/jdk.internal.net.http.HttpClientImpl$SelectorManager.handleEvent(HttpClientImpl.java:1470)
	at java.net.http/jdk.internal.net.http.HttpClientImpl$SelectorManager.lambda$run$3(HttpClientImpl.java:1415)
	at java.base/java.util.ArrayList.forEach(ArrayList.java:1596)
	at java.net.http/jdk.internal.net.http.HttpClientImpl$SelectorManager.run(HttpClientImpl.java:1415)
2025-07-28 19:12:47 [TestNG-tests-3] DEBUG stepDefinitions.CategorySteps - Debugging exception: 
org.openqa.selenium.remote.UnreachableBrowserException: Error communicating with the remote browser. It may have died.
Build info: version: '4.33.0', revision: '2c6aaad03a'
System info: os.name: 'Windows 10', os.arch: 'amd64', os.version: '10.0', java.version: '21.0.7'
Driver info: org.openqa.selenium.chrome.ChromeDriver
Command: [0db27ebddd4a8a15053fdda3e202b161, findElement [using, value]]
Capabilities {acceptInsecureCerts: false, browserName: chrome, browserVersion: 138.0.7204.169, chrome: {chromedriverVersion: 138.0.7204.168 (3e8d82e86e9..., userDataDir: C:\Users\pc\AppData\Local\T...}, fedcm:accounts: true, goog:chromeOptions: {debuggerAddress: localhost:61301}, networkConnectionEnabled: false, pageLoadStrategy: normal, platformName: windows, proxy: Proxy(), se:cdp: ws://localhost:61301/devtoo..., se:cdpVersion: 138.0.7204.169, setWindowRect: true, strictFileInteractability: false, timeouts: {implicit: 0, pageLoad: 300000, script: 30000}, unhandledPromptBehavior: dismiss and notify, webauthn:extension:credBlob: true, webauthn:extension:largeBlob: true, webauthn:extension:minPinLength: true, webauthn:extension:prf: true, webauthn:virtualAuthenticators: true}
Session ID: 0db27ebddd4a8a15053fdda3e202b161
	at org.openqa.selenium.remote.RemoteWebDriver.execute(RemoteWebDriver.java:571)
	at org.openqa.selenium.remote.ElementLocation$ElementFinder$2.findElement(ElementLocation.java:165)
	at org.openqa.selenium.remote.ElementLocation.findElement(ElementLocation.java:59)
	at org.openqa.selenium.remote.RemoteWebDriver.findElement(RemoteWebDriver.java:367)
	at org.openqa.selenium.remote.RemoteWebDriver.findElement(RemoteWebDriver.java:361)
	at org.openqa.selenium.support.pagefactory.DefaultElementLocator.findElement(DefaultElementLocator.java:68)
	at org.openqa.selenium.support.pagefactory.internal.LocatingElementHandler.invoke(LocatingElementHandler.java:38)
	at jdk.proxy2/jdk.proxy2.$Proxy42.sendKeys(Unknown Source)
	at pages.SignInPage.logincred(SignInPage.java:22)
	at stepDefinitions.CategorySteps.user_logins_successfully_with_valid_email_id_and_password(CategorySteps.java:46)
	at java.base/jdk.internal.reflect.DirectMethodHandleAccessor.invoke(DirectMethodHandleAccessor.java:103)
	at java.base/java.lang.reflect.Method.invoke(Method.java:580)
	at io.cucumber.java.Invoker.doInvoke(Invoker.java:66)
	at io.cucumber.java.Invoker.invoke(Invoker.java:24)
	at io.cucumber.java.AbstractGlueDefinition.invokeMethod(AbstractGlueDefinition.java:47)
	at io.cucumber.java.JavaStepDefinition.execute(JavaStepDefinition.java:29)
	at io.cucumber.core.runner.CoreStepDefinition.execute(CoreStepDefinition.java:66)
	at io.cucumber.core.runner.PickleStepDefinitionMatch.runStep(PickleStepDefinitionMatch.java:62)
	at io.cucumber.core.runner.ExecutionMode$1.execute(ExecutionMode.java:10)
	at io.cucumber.core.runner.TestStep.executeStep(TestStep.java:81)
	at io.cucumber.core.runner.TestStep.run(TestStep.java:53)
	at io.cucumber.core.runner.PickleStepTestStep.run(PickleStepTestStep.java:51)
	at io.cucumber.core.runner.TestCase.run(TestCase.java:86)
	at io.cucumber.core.runner.Runner.runPickle(Runner.java:77)
	at io.cucumber.testng.TestNGCucumberRunner.lambda$runScenario$1(TestNGCucumberRunner.java:135)
	at io.cucumber.core.runtime.CucumberExecutionContext.lambda$runTestCase$5(CucumberExecutionContext.java:136)
	at io.cucumber.core.runtime.RethrowingThrowableCollector.executeAndThrow(RethrowingThrowableCollector.java:23)
	at io.cucumber.core.runtime.CucumberExecutionContext.runTestCase(CucumberExecutionContext.java:136)
	at io.cucumber.testng.TestNGCucumberRunner.runScenario(TestNGCucumberRunner.java:132)
	at io.cucumber.testng.AbstractTestNGCucumberTests.runScenario(AbstractTestNGCucumberTests.java:35)
	at java.base/jdk.internal.reflect.DirectMethodHandleAccessor.invoke(DirectMethodHandleAccessor.java:103)
	at java.base/java.lang.reflect.Method.invoke(Method.java:580)
	at org.testng.internal.invokers.MethodInvocationHelper.invokeMethod(MethodInvocationHelper.java:141)
	at org.testng.internal.invokers.TestInvoker.invokeMethod(TestInvoker.java:687)
	at org.testng.internal.invokers.TestInvoker.invokeTestMethod(TestInvoker.java:230)
	at org.testng.internal.invokers.MethodRunner.runInSequence(MethodRunner.java:63)
	at org.testng.internal.invokers.TestInvoker$MethodInvocationAgent.invoke(TestInvoker.java:995)
	at org.testng.internal.invokers.TestInvoker.invokeTestMethods(TestInvoker.java:203)
	at org.testng.internal.invokers.TestMethodWorker.invokeTestMethods(TestMethodWorker.java:154)
	at org.testng.internal.invokers.TestMethodWorker.run(TestMethodWorker.java:134)
	at java.base/java.util.ArrayList.forEach(ArrayList.java:1596)
	at org.testng.TestRunner.privateRun(TestRunner.java:741)
	at org.testng.TestRunner.run(TestRunner.java:616)
	at org.testng.SuiteRunner.runTest(SuiteRunner.java:421)
	at org.testng.SuiteRunner$SuiteWorker.run(SuiteRunner.java:463)
	at org.testng.internal.thread.ThreadUtil.lambda$execute$0(ThreadUtil.java:64)
	at java.base/java.util.concurrent.FutureTask.run(FutureTask.java:317)
	at java.base/java.util.concurrent.ThreadPoolExecutor.runWorker(ThreadPoolExecutor.java:1144)
	at java.base/java.util.concurrent.ThreadPoolExecutor$Worker.run(ThreadPoolExecutor.java:642)
	at java.base/java.lang.Thread.run(Thread.java:1583)
Caused by: java.io.UncheckedIOException: java.io.IOException: Task jdk.internal.net.http.common.SequentialScheduler$SchedulableTask@2ceefbc2 rejected from java.util.concurrent.ThreadPoolExecutor@72ede3cc[Shutting down, pool size = 3, active threads = 3, queued tasks = 0, completed tasks = 77]
	at org.openqa.selenium.remote.http.jdk.JdkHttpClient.execute0(JdkHttpClient.java:500)
	at org.openqa.selenium.remote.http.AddSeleniumUserAgent.lambda$apply$0(AddSeleniumUserAgent.java:42)
	at org.openqa.selenium.remote.http.Filter.lambda$andFinally$1(Filter.java:55)
	at org.openqa.selenium.remote.http.jdk.JdkHttpClient.lambda$executeAsync$2(JdkHttpClient.java:387)
	at java.base/java.util.concurrent.Executors$RunnableAdapter.call(Executors.java:572)
	... 4 more
Caused by: java.io.IOException: Task jdk.internal.net.http.common.SequentialScheduler$SchedulableTask@2ceefbc2 rejected from java.util.concurrent.ThreadPoolExecutor@72ede3cc[Shutting down, pool size = 3, active threads = 3, queued tasks = 0, completed tasks = 77]
	at java.net.http/jdk.internal.net.http.HttpClientImpl.send(HttpClientImpl.java:969)
	at java.net.http/jdk.internal.net.http.HttpClientFacade.send(HttpClientFacade.java:133)
	at org.openqa.selenium.remote.http.jdk.JdkHttpClient.execute0(JdkHttpClient.java:459)
	... 8 more
Caused by: java.util.concurrent.RejectedExecutionException: Task jdk.internal.net.http.common.SequentialScheduler$SchedulableTask@2ceefbc2 rejected from java.util.concurrent.ThreadPoolExecutor@72ede3cc[Shutting down, pool size = 3, active threads = 3, queued tasks = 0, completed tasks = 77]
	at java.base/java.util.concurrent.ThreadPoolExecutor$AbortPolicy.rejectedExecution(ThreadPoolExecutor.java:2081)
	at java.base/java.util.concurrent.ThreadPoolExecutor.reject(ThreadPoolExecutor.java:841)
	at java.base/java.util.concurrent.ThreadPoolExecutor.execute(ThreadPoolExecutor.java:1376)
	at java.net.http/jdk.internal.net.http.HttpClientImpl$DelegatingExecutor.ensureExecutedAsync(HttpClientImpl.java:183)
	at java.net.http/jdk.internal.net.http.HttpClientImpl$DelegatingExecutor.execute(HttpClientImpl.java:175)
	at java.net.http/jdk.internal.net.http.common.SequentialScheduler.runOrSchedule(SequentialScheduler.java:282)
	at java.net.http/jdk.internal.net.http.common.SequentialScheduler.runOrSchedule(SequentialScheduler.java:251)
	at java.net.http/jdk.internal.net.http.Http1AsyncReceiver.onReadError(Http1AsyncReceiver.java:516)
	at java.net.http/jdk.internal.net.http.Http1AsyncReceiver$Http1TubeSubscriber.onComplete(Http1AsyncReceiver.java:601)
	at java.net.http/jdk.internal.net.http.SocketTube$InternalReadPublisher$ReadSubscription.signalCompletion(SocketTube.java:648)
	at java.net.http/jdk.internal.net.http.SocketTube$InternalReadPublisher$InternalReadSubscription.read(SocketTube.java:853)
	at java.net.http/jdk.internal.net.http.SocketTube$SocketFlowTask.run(SocketTube.java:181)
	at java.net.http/jdk.internal.net.http.common.SequentialScheduler$SchedulableTask.run(SequentialScheduler.java:207)
	at java.net.http/jdk.internal.net.http.common.SequentialScheduler.runOrSchedule(SequentialScheduler.java:280)
	at java.net.http/jdk.internal.net.http.common.SequentialScheduler.runOrSchedule(SequentialScheduler.java:233)
	at java.net.http/jdk.internal.net.http.SocketTube$InternalReadPublisher$InternalReadSubscription.signalReadable(SocketTube.java:782)
	at java.net.http/jdk.internal.net.http.SocketTube$InternalReadPublisher$ReadEvent.signalEvent(SocketTube.java:965)
	at java.net.http/jdk.internal.net.http.SocketTube$SocketFlowEvent.handle(SocketTube.java:253)
	at java.net.http/jdk.internal.net.http.HttpClientImpl$SelectorManager.handleEvent(HttpClientImpl.java:1470)
	at java.net.http/jdk.internal.net.http.HttpClientImpl$SelectorManager.lambda$run$3(HttpClientImpl.java:1415)
	at java.base/java.util.ArrayList.forEach(ArrayList.java:1596)
	at java.net.http/jdk.internal.net.http.HttpClientImpl$SelectorManager.run(HttpClientImpl.java:1415)
2025-07-28 19:12:47 [TestNG-tests-1] INFO  stepDefinitions.Hooks - Browser is close
2025-07-28 19:12:53 [TestNG-tests-3] INFO  stepDefinitions.Hooks - Browser is openchrome
2025-07-28 19:12:53 [TestNG-tests-2] INFO  stepDefinitions.Hooks - Browser is openchrome
2025-07-28 19:12:53 [TestNG-tests-1] INFO  stepDefinitions.Hooks - Browser is openchrome
2025-07-28 19:12:55 [TestNG-tests-3] INFO  stepDefinitions.CategorySteps - User is on homepage
2025-07-28 19:12:55 [TestNG-tests-3] DEBUG stepDefinitions.CategorySteps - Debugging exception: 
org.openqa.selenium.remote.UnreachableBrowserException: Error communicating with the remote browser. It may have died.
Build info: version: '4.33.0', revision: '2c6aaad03a'
System info: os.name: 'Windows 10', os.arch: 'amd64', os.version: '10.0', java.version: '21.0.7'
Driver info: org.openqa.selenium.chrome.ChromeDriver
Command: [80927c1a8f05648661e08a2da0c04a70, sendKeysToElement [id, value]]
Capabilities {acceptInsecureCerts: false, browserName: chrome, browserVersion: 138.0.7204.169, chrome: {chromedriverVersion: 138.0.7204.168 (3e8d82e86e9..., userDataDir: C:\Users\pc\AppData\Local\T...}, fedcm:accounts: true, goog:chromeOptions: {debuggerAddress: localhost:61395}, networkConnectionEnabled: false, pageLoadStrategy: normal, platformName: windows, proxy: Proxy(), se:cdp: ws://localhost:61395/devtoo..., se:cdpVersion: 138.0.7204.169, setWindowRect: true, strictFileInteractability: false, timeouts: {implicit: 0, pageLoad: 300000, script: 30000}, unhandledPromptBehavior: dismiss and notify, webauthn:extension:credBlob: true, webauthn:extension:largeBlob: true, webauthn:extension:minPinLength: true, webauthn:extension:prf: true, webauthn:virtualAuthenticators: true}
Element: [[ChromeDriver: chrome on windows (80927c1a8f05648661e08a2da0c04a70)] -> id: email]
Session ID: 80927c1a8f05648661e08a2da0c04a70
	at org.openqa.selenium.remote.RemoteWebDriver.execute(RemoteWebDriver.java:571)
	at org.openqa.selenium.remote.RemoteWebElement.execute(RemoteWebElement.java:223)
	at org.openqa.selenium.remote.RemoteWebElement.sendKeys(RemoteWebElement.java:110)
	at java.base/jdk.internal.reflect.DirectMethodHandleAccessor.invoke(DirectMethodHandleAccessor.java:103)
	at java.base/java.lang.reflect.Method.invoke(Method.java:580)
	at org.openqa.selenium.support.pagefactory.internal.LocatingElementHandler.invoke(LocatingElementHandler.java:51)
	at jdk.proxy2/jdk.proxy2.$Proxy42.sendKeys(Unknown Source)
	at pages.SignInPage.logincred(SignInPage.java:21)
	at stepDefinitions.CategorySteps.user_logins_successfully_with_valid_email_id_and_password(CategorySteps.java:46)
	at java.base/jdk.internal.reflect.DirectMethodHandleAccessor.invoke(DirectMethodHandleAccessor.java:103)
	at java.base/java.lang.reflect.Method.invoke(Method.java:580)
	at io.cucumber.java.Invoker.doInvoke(Invoker.java:66)
	at io.cucumber.java.Invoker.invoke(Invoker.java:24)
	at io.cucumber.java.AbstractGlueDefinition.invokeMethod(AbstractGlueDefinition.java:47)
	at io.cucumber.java.JavaStepDefinition.execute(JavaStepDefinition.java:29)
	at io.cucumber.core.runner.CoreStepDefinition.execute(CoreStepDefinition.java:66)
	at io.cucumber.core.runner.PickleStepDefinitionMatch.runStep(PickleStepDefinitionMatch.java:62)
	at io.cucumber.core.runner.ExecutionMode$1.execute(ExecutionMode.java:10)
	at io.cucumber.core.runner.TestStep.executeStep(TestStep.java:81)
	at io.cucumber.core.runner.TestStep.run(TestStep.java:53)
	at io.cucumber.core.runner.PickleStepTestStep.run(PickleStepTestStep.java:51)
	at io.cucumber.core.runner.TestCase.run(TestCase.java:86)
	at io.cucumber.core.runner.Runner.runPickle(Runner.java:77)
	at io.cucumber.testng.TestNGCucumberRunner.lambda$runScenario$1(TestNGCucumberRunner.java:135)
	at io.cucumber.core.runtime.CucumberExecutionContext.lambda$runTestCase$5(CucumberExecutionContext.java:136)
	at io.cucumber.core.runtime.RethrowingThrowableCollector.executeAndThrow(RethrowingThrowableCollector.java:23)
	at io.cucumber.core.runtime.CucumberExecutionContext.runTestCase(CucumberExecutionContext.java:136)
	at io.cucumber.testng.TestNGCucumberRunner.runScenario(TestNGCucumberRunner.java:132)
	at io.cucumber.testng.AbstractTestNGCucumberTests.runScenario(AbstractTestNGCucumberTests.java:35)
	at java.base/jdk.internal.reflect.DirectMethodHandleAccessor.invoke(DirectMethodHandleAccessor.java:103)
	at java.base/java.lang.reflect.Method.invoke(Method.java:580)
	at org.testng.internal.invokers.MethodInvocationHelper.invokeMethod(MethodInvocationHelper.java:141)
	at org.testng.internal.invokers.TestInvoker.invokeMethod(TestInvoker.java:687)
	at org.testng.internal.invokers.TestInvoker.invokeTestMethod(TestInvoker.java:230)
	at org.testng.internal.invokers.MethodRunner.runInSequence(MethodRunner.java:63)
	at org.testng.internal.invokers.TestInvoker$MethodInvocationAgent.invoke(TestInvoker.java:995)
	at org.testng.internal.invokers.TestInvoker.invokeTestMethods(TestInvoker.java:203)
	at org.testng.internal.invokers.TestMethodWorker.invokeTestMethods(TestMethodWorker.java:154)
	at org.testng.internal.invokers.TestMethodWorker.run(TestMethodWorker.java:134)
	at java.base/java.util.ArrayList.forEach(ArrayList.java:1596)
	at org.testng.TestRunner.privateRun(TestRunner.java:741)
	at org.testng.TestRunner.run(TestRunner.java:616)
	at org.testng.SuiteRunner.runTest(SuiteRunner.java:421)
	at org.testng.SuiteRunner$SuiteWorker.run(SuiteRunner.java:463)
	at org.testng.internal.thread.ThreadUtil.lambda$execute$0(ThreadUtil.java:64)
	at java.base/java.util.concurrent.FutureTask.run(FutureTask.java:317)
	at java.base/java.util.concurrent.ThreadPoolExecutor.runWorker(ThreadPoolExecutor.java:1144)
	at java.base/java.util.concurrent.ThreadPoolExecutor$Worker.run(ThreadPoolExecutor.java:642)
	at java.base/java.lang.Thread.run(Thread.java:1583)
Caused by: java.io.UncheckedIOException: java.io.IOException: Task jdk.internal.net.http.common.SequentialScheduler$SchedulableTask@7cf51477 rejected from java.util.concurrent.ThreadPoolExecutor@5fa34e2c[Shutting down, pool size = 2, active threads = 2, queued tasks = 0, completed tasks = 70]
	at org.openqa.selenium.remote.http.jdk.JdkHttpClient.execute0(JdkHttpClient.java:500)
	at org.openqa.selenium.remote.http.AddSeleniumUserAgent.lambda$apply$0(AddSeleniumUserAgent.java:42)
	at org.openqa.selenium.remote.http.Filter.lambda$andFinally$1(Filter.java:55)
	at org.openqa.selenium.remote.http.jdk.JdkHttpClient.lambda$executeAsync$2(JdkHttpClient.java:387)
	at java.base/java.util.concurrent.Executors$RunnableAdapter.call(Executors.java:572)
	... 4 more
Caused by: java.io.IOException: Task jdk.internal.net.http.common.SequentialScheduler$SchedulableTask@7cf51477 rejected from java.util.concurrent.ThreadPoolExecutor@5fa34e2c[Shutting down, pool size = 2, active threads = 2, queued tasks = 0, completed tasks = 70]
	at java.net.http/jdk.internal.net.http.HttpClientImpl.send(HttpClientImpl.java:969)
	at java.net.http/jdk.internal.net.http.HttpClientFacade.send(HttpClientFacade.java:133)
	at org.openqa.selenium.remote.http.jdk.JdkHttpClient.execute0(JdkHttpClient.java:459)
	... 8 more
Caused by: java.util.concurrent.RejectedExecutionException: Task jdk.internal.net.http.common.SequentialScheduler$SchedulableTask@7cf51477 rejected from java.util.concurrent.ThreadPoolExecutor@5fa34e2c[Shutting down, pool size = 2, active threads = 2, queued tasks = 0, completed tasks = 70]
	at java.base/java.util.concurrent.ThreadPoolExecutor$AbortPolicy.rejectedExecution(ThreadPoolExecutor.java:2081)
	at java.base/java.util.concurrent.ThreadPoolExecutor.reject(ThreadPoolExecutor.java:841)
	at java.base/java.util.concurrent.ThreadPoolExecutor.execute(ThreadPoolExecutor.java:1376)
	at java.net.http/jdk.internal.net.http.HttpClientImpl$DelegatingExecutor.ensureExecutedAsync(HttpClientImpl.java:183)
	at java.net.http/jdk.internal.net.http.HttpClientImpl$DelegatingExecutor.execute(HttpClientImpl.java:175)
	at java.net.http/jdk.internal.net.http.common.SequentialScheduler.runOrSchedule(SequentialScheduler.java:282)
	at java.net.http/jdk.internal.net.http.common.SequentialScheduler.runOrSchedule(SequentialScheduler.java:251)
	at java.net.http/jdk.internal.net.http.Http1AsyncReceiver.onReadError(Http1AsyncReceiver.java:516)
	at java.net.http/jdk.internal.net.http.Http1AsyncReceiver$Http1TubeSubscriber.onComplete(Http1AsyncReceiver.java:601)
	at java.net.http/jdk.internal.net.http.SocketTube$InternalReadPublisher$ReadSubscription.signalCompletion(SocketTube.java:648)
	at java.net.http/jdk.internal.net.http.SocketTube$InternalReadPublisher$InternalReadSubscription.read(SocketTube.java:853)
	at java.net.http/jdk.internal.net.http.SocketTube$SocketFlowTask.run(SocketTube.java:181)
	at java.net.http/jdk.internal.net.http.common.SequentialScheduler$SchedulableTask.run(SequentialScheduler.java:207)
	at java.net.http/jdk.internal.net.http.common.SequentialScheduler.runOrSchedule(SequentialScheduler.java:280)
	at java.net.http/jdk.internal.net.http.common.SequentialScheduler.runOrSchedule(SequentialScheduler.java:233)
	at java.net.http/jdk.internal.net.http.SocketTube$InternalReadPublisher$InternalReadSubscription.signalReadable(SocketTube.java:782)
	at java.net.http/jdk.internal.net.http.SocketTube$InternalReadPublisher$ReadEvent.signalEvent(SocketTube.java:965)
	at java.net.http/jdk.internal.net.http.SocketTube$SocketFlowEvent.handle(SocketTube.java:253)
	at java.net.http/jdk.internal.net.http.HttpClientImpl$SelectorManager.handleEvent(HttpClientImpl.java:1470)
	at java.net.http/jdk.internal.net.http.HttpClientImpl$SelectorManager.lambda$run$3(HttpClientImpl.java:1415)
	at java.base/java.util.ArrayList.forEach(ArrayList.java:1596)
	at java.net.http/jdk.internal.net.http.HttpClientImpl$SelectorManager.run(HttpClientImpl.java:1415)
2025-07-28 19:12:56 [TestNG-tests-2] INFO  stepDefinitions.Hooks - Browser is close
2025-07-28 19:12:56 [TestNG-tests-3] INFO  stepDefinitions.Hooks - Browser is close
2025-07-28 19:13:02 [TestNG-tests-3] INFO  stepDefinitions.Hooks - Browser is openchrome
2025-07-28 19:13:02 [TestNG-tests-2] INFO  stepDefinitions.Hooks - Browser is openchrome
2025-07-28 19:13:02 [TestNG-tests-1] INFO  stepDefinitions.Hooks - Browser is openchrome
2025-07-28 19:13:03 [TestNG-tests-3] INFO  stepDefinitions.CategorySteps - User is on homepage
2025-07-28 19:13:04 [TestNG-tests-3] DEBUG stepDefinitions.CategorySteps - Debugging exception: 
org.openqa.selenium.remote.UnreachableBrowserException: Error communicating with the remote browser. It may have died.
Build info: version: '4.33.0', revision: '2c6aaad03a'
System info: os.name: 'Windows 10', os.arch: 'amd64', os.version: '10.0', java.version: '21.0.7'
Driver info: org.openqa.selenium.chrome.ChromeDriver
Command: [ab814236dd93bd7aa4427554bf1edc6f, sendKeysToElement [id, value]]
Capabilities {acceptInsecureCerts: false, browserName: chrome, browserVersion: 138.0.7204.169, chrome: {chromedriverVersion: 138.0.7204.168 (3e8d82e86e9..., userDataDir: C:\Users\pc\AppData\Local\T...}, fedcm:accounts: true, goog:chromeOptions: {debuggerAddress: localhost:61488}, networkConnectionEnabled: false, pageLoadStrategy: normal, platformName: windows, proxy: Proxy(), se:cdp: ws://localhost:61488/devtoo..., se:cdpVersion: 138.0.7204.169, setWindowRect: true, strictFileInteractability: false, timeouts: {implicit: 0, pageLoad: 300000, script: 30000}, unhandledPromptBehavior: dismiss and notify, webauthn:extension:credBlob: true, webauthn:extension:largeBlob: true, webauthn:extension:minPinLength: true, webauthn:extension:prf: true, webauthn:virtualAuthenticators: true}
Element: [[ChromeDriver: chrome on windows (ab814236dd93bd7aa4427554bf1edc6f)] -> id: email]
Session ID: ab814236dd93bd7aa4427554bf1edc6f
	at org.openqa.selenium.remote.RemoteWebDriver.execute(RemoteWebDriver.java:571)
	at org.openqa.selenium.remote.RemoteWebElement.execute(RemoteWebElement.java:223)
	at org.openqa.selenium.remote.RemoteWebElement.sendKeys(RemoteWebElement.java:110)
	at java.base/jdk.internal.reflect.DirectMethodHandleAccessor.invoke(DirectMethodHandleAccessor.java:103)
	at java.base/java.lang.reflect.Method.invoke(Method.java:580)
	at org.openqa.selenium.support.pagefactory.internal.LocatingElementHandler.invoke(LocatingElementHandler.java:51)
	at jdk.proxy2/jdk.proxy2.$Proxy42.sendKeys(Unknown Source)
	at pages.SignInPage.logincred(SignInPage.java:21)
	at stepDefinitions.CategorySteps.user_logins_successfully_with_valid_email_id_and_password(CategorySteps.java:46)
	at java.base/jdk.internal.reflect.DirectMethodHandleAccessor.invoke(DirectMethodHandleAccessor.java:103)
	at java.base/java.lang.reflect.Method.invoke(Method.java:580)
	at io.cucumber.java.Invoker.doInvoke(Invoker.java:66)
	at io.cucumber.java.Invoker.invoke(Invoker.java:24)
	at io.cucumber.java.AbstractGlueDefinition.invokeMethod(AbstractGlueDefinition.java:47)
	at io.cucumber.java.JavaStepDefinition.execute(JavaStepDefinition.java:29)
	at io.cucumber.core.runner.CoreStepDefinition.execute(CoreStepDefinition.java:66)
	at io.cucumber.core.runner.PickleStepDefinitionMatch.runStep(PickleStepDefinitionMatch.java:62)
	at io.cucumber.core.runner.ExecutionMode$1.execute(ExecutionMode.java:10)
	at io.cucumber.core.runner.TestStep.executeStep(TestStep.java:81)
	at io.cucumber.core.runner.TestStep.run(TestStep.java:53)
	at io.cucumber.core.runner.PickleStepTestStep.run(PickleStepTestStep.java:51)
	at io.cucumber.core.runner.TestCase.run(TestCase.java:86)
	at io.cucumber.core.runner.Runner.runPickle(Runner.java:77)
	at io.cucumber.testng.TestNGCucumberRunner.lambda$runScenario$1(TestNGCucumberRunner.java:135)
	at io.cucumber.core.runtime.CucumberExecutionContext.lambda$runTestCase$5(CucumberExecutionContext.java:136)
	at io.cucumber.core.runtime.RethrowingThrowableCollector.executeAndThrow(RethrowingThrowableCollector.java:23)
	at io.cucumber.core.runtime.CucumberExecutionContext.runTestCase(CucumberExecutionContext.java:136)
	at io.cucumber.testng.TestNGCucumberRunner.runScenario(TestNGCucumberRunner.java:132)
	at io.cucumber.testng.AbstractTestNGCucumberTests.runScenario(AbstractTestNGCucumberTests.java:35)
	at java.base/jdk.internal.reflect.DirectMethodHandleAccessor.invoke(DirectMethodHandleAccessor.java:103)
	at java.base/java.lang.reflect.Method.invoke(Method.java:580)
	at org.testng.internal.invokers.MethodInvocationHelper.invokeMethod(MethodInvocationHelper.java:141)
	at org.testng.internal.invokers.TestInvoker.invokeMethod(TestInvoker.java:687)
	at org.testng.internal.invokers.TestInvoker.invokeTestMethod(TestInvoker.java:230)
	at org.testng.internal.invokers.MethodRunner.runInSequence(MethodRunner.java:63)
	at org.testng.internal.invokers.TestInvoker$MethodInvocationAgent.invoke(TestInvoker.java:995)
	at org.testng.internal.invokers.TestInvoker.invokeTestMethods(TestInvoker.java:203)
	at org.testng.internal.invokers.TestMethodWorker.invokeTestMethods(TestMethodWorker.java:154)
	at org.testng.internal.invokers.TestMethodWorker.run(TestMethodWorker.java:134)
	at java.base/java.util.ArrayList.forEach(ArrayList.java:1596)
	at org.testng.TestRunner.privateRun(TestRunner.java:741)
	at org.testng.TestRunner.run(TestRunner.java:616)
	at org.testng.SuiteRunner.runTest(SuiteRunner.java:421)
	at org.testng.SuiteRunner$SuiteWorker.run(SuiteRunner.java:463)
	at org.testng.internal.thread.ThreadUtil.lambda$execute$0(ThreadUtil.java:64)
	at java.base/java.util.concurrent.FutureTask.run(FutureTask.java:317)
	at java.base/java.util.concurrent.ThreadPoolExecutor.runWorker(ThreadPoolExecutor.java:1144)
	at java.base/java.util.concurrent.ThreadPoolExecutor$Worker.run(ThreadPoolExecutor.java:642)
	at java.base/java.lang.Thread.run(Thread.java:1583)
Caused by: java.io.UncheckedIOException: java.io.IOException: Task jdk.internal.net.http.common.SequentialScheduler$SchedulableTask@447c2820 rejected from java.util.concurrent.ThreadPoolExecutor@23d5d2e1[Shutting down, pool size = 2, active threads = 2, queued tasks = 0, completed tasks = 70]
	at org.openqa.selenium.remote.http.jdk.JdkHttpClient.execute0(JdkHttpClient.java:500)
	at org.openqa.selenium.remote.http.AddSeleniumUserAgent.lambda$apply$0(AddSeleniumUserAgent.java:42)
	at org.openqa.selenium.remote.http.Filter.lambda$andFinally$1(Filter.java:55)
	at org.openqa.selenium.remote.http.jdk.JdkHttpClient.lambda$executeAsync$2(JdkHttpClient.java:387)
	at java.base/java.util.concurrent.Executors$RunnableAdapter.call(Executors.java:572)
	... 4 more
Caused by: java.io.IOException: Task jdk.internal.net.http.common.SequentialScheduler$SchedulableTask@447c2820 rejected from java.util.concurrent.ThreadPoolExecutor@23d5d2e1[Shutting down, pool size = 2, active threads = 2, queued tasks = 0, completed tasks = 70]
	at java.net.http/jdk.internal.net.http.HttpClientImpl.send(HttpClientImpl.java:969)
	at java.net.http/jdk.internal.net.http.HttpClientFacade.send(HttpClientFacade.java:133)
	at org.openqa.selenium.remote.http.jdk.JdkHttpClient.execute0(JdkHttpClient.java:459)
	... 8 more
Caused by: java.util.concurrent.RejectedExecutionException: Task jdk.internal.net.http.common.SequentialScheduler$SchedulableTask@447c2820 rejected from java.util.concurrent.ThreadPoolExecutor@23d5d2e1[Shutting down, pool size = 2, active threads = 2, queued tasks = 0, completed tasks = 70]
	at java.base/java.util.concurrent.ThreadPoolExecutor$AbortPolicy.rejectedExecution(ThreadPoolExecutor.java:2081)
	at java.base/java.util.concurrent.ThreadPoolExecutor.reject(ThreadPoolExecutor.java:841)
	at java.base/java.util.concurrent.ThreadPoolExecutor.execute(ThreadPoolExecutor.java:1376)
	at java.net.http/jdk.internal.net.http.HttpClientImpl$DelegatingExecutor.ensureExecutedAsync(HttpClientImpl.java:183)
	at java.net.http/jdk.internal.net.http.HttpClientImpl$DelegatingExecutor.execute(HttpClientImpl.java:175)
	at java.net.http/jdk.internal.net.http.common.SequentialScheduler.runOrSchedule(SequentialScheduler.java:282)
	at java.net.http/jdk.internal.net.http.common.SequentialScheduler.runOrSchedule(SequentialScheduler.java:251)
	at java.net.http/jdk.internal.net.http.Http1AsyncReceiver.onReadError(Http1AsyncReceiver.java:516)
	at java.net.http/jdk.internal.net.http.Http1AsyncReceiver$Http1TubeSubscriber.onComplete(Http1AsyncReceiver.java:601)
	at java.net.http/jdk.internal.net.http.SocketTube$InternalReadPublisher$ReadSubscription.signalCompletion(SocketTube.java:648)
	at java.net.http/jdk.internal.net.http.SocketTube$InternalReadPublisher$InternalReadSubscription.read(SocketTube.java:853)
	at java.net.http/jdk.internal.net.http.SocketTube$SocketFlowTask.run(SocketTube.java:181)
	at java.net.http/jdk.internal.net.http.common.SequentialScheduler$SchedulableTask.run(SequentialScheduler.java:207)
	at java.net.http/jdk.internal.net.http.common.SequentialScheduler.runOrSchedule(SequentialScheduler.java:280)
	at java.net.http/jdk.internal.net.http.common.SequentialScheduler.runOrSchedule(SequentialScheduler.java:233)
	at java.net.http/jdk.internal.net.http.SocketTube$InternalReadPublisher$InternalReadSubscription.signalReadable(SocketTube.java:782)
	at java.net.http/jdk.internal.net.http.SocketTube$InternalReadPublisher$ReadEvent.signalEvent(SocketTube.java:965)
	at java.net.http/jdk.internal.net.http.SocketTube$SocketFlowEvent.handle(SocketTube.java:253)
	at java.net.http/jdk.internal.net.http.HttpClientImpl$SelectorManager.handleEvent(HttpClientImpl.java:1470)
	at java.net.http/jdk.internal.net.http.HttpClientImpl$SelectorManager.lambda$run$3(HttpClientImpl.java:1415)
	at java.base/java.util.ArrayList.forEach(ArrayList.java:1596)
	at java.net.http/jdk.internal.net.http.HttpClientImpl$SelectorManager.run(HttpClientImpl.java:1415)
2025-07-28 19:13:04 [TestNG-tests-2] INFO  stepDefinitions.Hooks - Browser is close
2025-07-28 19:13:12 [TestNG-tests-2] INFO  stepDefinitions.Hooks - Browser is openchrome
2025-07-28 19:13:12 [TestNG-tests-3] INFO  stepDefinitions.Hooks - Browser is openchrome
2025-07-28 19:13:12 [TestNG-tests-1] INFO  stepDefinitions.Hooks - Browser is openchrome
2025-07-28 19:13:13 [TestNG-tests-2] INFO  stepDefinitions.CategorySteps - User is on homepage
2025-07-28 19:13:13 [TestNG-tests-2] DEBUG stepDefinitions.CategorySteps - Debugging exception: 
org.openqa.selenium.remote.UnreachableBrowserException: Error communicating with the remote browser. It may have died.
Build info: version: '4.33.0', revision: '2c6aaad03a'
System info: os.name: 'Windows 10', os.arch: 'amd64', os.version: '10.0', java.version: '21.0.7'
Driver info: org.openqa.selenium.chrome.ChromeDriver
Command: [d351ffb8bf2a804087605ad6bdf01302, sendKeysToElement [id, value]]
Capabilities {acceptInsecureCerts: false, browserName: chrome, browserVersion: 138.0.7204.169, chrome: {chromedriverVersion: 138.0.7204.168 (3e8d82e86e9..., userDataDir: C:\Users\pc\AppData\Local\T...}, fedcm:accounts: true, goog:chromeOptions: {debuggerAddress: localhost:61581}, networkConnectionEnabled: false, pageLoadStrategy: normal, platformName: windows, proxy: Proxy(), se:cdp: ws://localhost:61581/devtoo..., se:cdpVersion: 138.0.7204.169, setWindowRect: true, strictFileInteractability: false, timeouts: {implicit: 0, pageLoad: 300000, script: 30000}, unhandledPromptBehavior: dismiss and notify, webauthn:extension:credBlob: true, webauthn:extension:largeBlob: true, webauthn:extension:minPinLength: true, webauthn:extension:prf: true, webauthn:virtualAuthenticators: true}
Element: [[ChromeDriver: chrome on windows (d351ffb8bf2a804087605ad6bdf01302)] -> id: email]
Session ID: d351ffb8bf2a804087605ad6bdf01302
	at org.openqa.selenium.remote.RemoteWebDriver.execute(RemoteWebDriver.java:571)
	at org.openqa.selenium.remote.RemoteWebElement.execute(RemoteWebElement.java:223)
	at org.openqa.selenium.remote.RemoteWebElement.sendKeys(RemoteWebElement.java:110)
	at java.base/jdk.internal.reflect.DirectMethodHandleAccessor.invoke(DirectMethodHandleAccessor.java:103)
	at java.base/java.lang.reflect.Method.invoke(Method.java:580)
	at org.openqa.selenium.support.pagefactory.internal.LocatingElementHandler.invoke(LocatingElementHandler.java:51)
	at jdk.proxy2/jdk.proxy2.$Proxy42.sendKeys(Unknown Source)
	at pages.SignInPage.logincred(SignInPage.java:21)
	at stepDefinitions.CategorySteps.user_logins_successfully_with_valid_email_id_and_password(CategorySteps.java:46)
	at java.base/jdk.internal.reflect.DirectMethodHandleAccessor.invoke(DirectMethodHandleAccessor.java:103)
	at java.base/java.lang.reflect.Method.invoke(Method.java:580)
	at io.cucumber.java.Invoker.doInvoke(Invoker.java:66)
	at io.cucumber.java.Invoker.invoke(Invoker.java:24)
	at io.cucumber.java.AbstractGlueDefinition.invokeMethod(AbstractGlueDefinition.java:47)
	at io.cucumber.java.JavaStepDefinition.execute(JavaStepDefinition.java:29)
	at io.cucumber.core.runner.CoreStepDefinition.execute(CoreStepDefinition.java:66)
	at io.cucumber.core.runner.PickleStepDefinitionMatch.runStep(PickleStepDefinitionMatch.java:62)
	at io.cucumber.core.runner.ExecutionMode$1.execute(ExecutionMode.java:10)
	at io.cucumber.core.runner.TestStep.executeStep(TestStep.java:81)
	at io.cucumber.core.runner.TestStep.run(TestStep.java:53)
	at io.cucumber.core.runner.PickleStepTestStep.run(PickleStepTestStep.java:51)
	at io.cucumber.core.runner.TestCase.run(TestCase.java:86)
	at io.cucumber.core.runner.Runner.runPickle(Runner.java:77)
	at io.cucumber.testng.TestNGCucumberRunner.lambda$runScenario$1(TestNGCucumberRunner.java:135)
	at io.cucumber.core.runtime.CucumberExecutionContext.lambda$runTestCase$5(CucumberExecutionContext.java:136)
	at io.cucumber.core.runtime.RethrowingThrowableCollector.executeAndThrow(RethrowingThrowableCollector.java:23)
	at io.cucumber.core.runtime.CucumberExecutionContext.runTestCase(CucumberExecutionContext.java:136)
	at io.cucumber.testng.TestNGCucumberRunner.runScenario(TestNGCucumberRunner.java:132)
	at io.cucumber.testng.AbstractTestNGCucumberTests.runScenario(AbstractTestNGCucumberTests.java:35)
	at java.base/jdk.internal.reflect.DirectMethodHandleAccessor.invoke(DirectMethodHandleAccessor.java:103)
	at java.base/java.lang.reflect.Method.invoke(Method.java:580)
	at org.testng.internal.invokers.MethodInvocationHelper.invokeMethod(MethodInvocationHelper.java:141)
	at org.testng.internal.invokers.TestInvoker.invokeMethod(TestInvoker.java:687)
	at org.testng.internal.invokers.TestInvoker.invokeTestMethod(TestInvoker.java:230)
	at org.testng.internal.invokers.MethodRunner.runInSequence(MethodRunner.java:63)
	at org.testng.internal.invokers.TestInvoker$MethodInvocationAgent.invoke(TestInvoker.java:995)
	at org.testng.internal.invokers.TestInvoker.invokeTestMethods(TestInvoker.java:203)
	at org.testng.internal.invokers.TestMethodWorker.invokeTestMethods(TestMethodWorker.java:154)
	at org.testng.internal.invokers.TestMethodWorker.run(TestMethodWorker.java:134)
	at java.base/java.util.ArrayList.forEach(ArrayList.java:1596)
	at org.testng.TestRunner.privateRun(TestRunner.java:741)
	at org.testng.TestRunner.run(TestRunner.java:616)
	at org.testng.SuiteRunner.runTest(SuiteRunner.java:421)
	at org.testng.SuiteRunner$SuiteWorker.run(SuiteRunner.java:463)
	at org.testng.internal.thread.ThreadUtil.lambda$execute$0(ThreadUtil.java:64)
	at java.base/java.util.concurrent.FutureTask.run(FutureTask.java:317)
	at java.base/java.util.concurrent.ThreadPoolExecutor.runWorker(ThreadPoolExecutor.java:1144)
	at java.base/java.util.concurrent.ThreadPoolExecutor$Worker.run(ThreadPoolExecutor.java:642)
	at java.base/java.lang.Thread.run(Thread.java:1583)
Caused by: java.io.UncheckedIOException: java.io.IOException: Task jdk.internal.net.http.common.SequentialScheduler$SchedulableTask@4c0badf2 rejected from java.util.concurrent.ThreadPoolExecutor@20fedf07[Shutting down, pool size = 2, active threads = 2, queued tasks = 0, completed tasks = 70]
	at org.openqa.selenium.remote.http.jdk.JdkHttpClient.execute0(JdkHttpClient.java:500)
	at org.openqa.selenium.remote.http.AddSeleniumUserAgent.lambda$apply$0(AddSeleniumUserAgent.java:42)
	at org.openqa.selenium.remote.http.Filter.lambda$andFinally$1(Filter.java:55)
	at org.openqa.selenium.remote.http.jdk.JdkHttpClient.lambda$executeAsync$2(JdkHttpClient.java:387)
	at java.base/java.util.concurrent.Executors$RunnableAdapter.call(Executors.java:572)
	... 4 more
Caused by: java.io.IOException: Task jdk.internal.net.http.common.SequentialScheduler$SchedulableTask@4c0badf2 rejected from java.util.concurrent.ThreadPoolExecutor@20fedf07[Shutting down, pool size = 2, active threads = 2, queued tasks = 0, completed tasks = 70]
	at java.net.http/jdk.internal.net.http.HttpClientImpl.send(HttpClientImpl.java:969)
	at java.net.http/jdk.internal.net.http.HttpClientFacade.send(HttpClientFacade.java:133)
	at org.openqa.selenium.remote.http.jdk.JdkHttpClient.execute0(JdkHttpClient.java:459)
	... 8 more
Caused by: java.util.concurrent.RejectedExecutionException: Task jdk.internal.net.http.common.SequentialScheduler$SchedulableTask@4c0badf2 rejected from java.util.concurrent.ThreadPoolExecutor@20fedf07[Shutting down, pool size = 2, active threads = 2, queued tasks = 0, completed tasks = 70]
	at java.base/java.util.concurrent.ThreadPoolExecutor$AbortPolicy.rejectedExecution(ThreadPoolExecutor.java:2081)
	at java.base/java.util.concurrent.ThreadPoolExecutor.reject(ThreadPoolExecutor.java:841)
	at java.base/java.util.concurrent.ThreadPoolExecutor.execute(ThreadPoolExecutor.java:1376)
	at java.net.http/jdk.internal.net.http.HttpClientImpl$DelegatingExecutor.ensureExecutedAsync(HttpClientImpl.java:183)
	at java.net.http/jdk.internal.net.http.HttpClientImpl$DelegatingExecutor.execute(HttpClientImpl.java:175)
	at java.net.http/jdk.internal.net.http.common.SequentialScheduler.runOrSchedule(SequentialScheduler.java:282)
	at java.net.http/jdk.internal.net.http.common.SequentialScheduler.runOrSchedule(SequentialScheduler.java:251)
	at java.net.http/jdk.internal.net.http.Http1AsyncReceiver.onReadError(Http1AsyncReceiver.java:516)
	at java.net.http/jdk.internal.net.http.Http1AsyncReceiver$Http1TubeSubscriber.onComplete(Http1AsyncReceiver.java:601)
	at java.net.http/jdk.internal.net.http.SocketTube$InternalReadPublisher$ReadSubscription.signalCompletion(SocketTube.java:648)
	at java.net.http/jdk.internal.net.http.SocketTube$InternalReadPublisher$InternalReadSubscription.read(SocketTube.java:853)
	at java.net.http/jdk.internal.net.http.SocketTube$SocketFlowTask.run(SocketTube.java:181)
	at java.net.http/jdk.internal.net.http.common.SequentialScheduler$SchedulableTask.run(SequentialScheduler.java:207)
	at java.net.http/jdk.internal.net.http.common.SequentialScheduler.runOrSchedule(SequentialScheduler.java:280)
	at java.net.http/jdk.internal.net.http.common.SequentialScheduler.runOrSchedule(SequentialScheduler.java:233)
	at java.net.http/jdk.internal.net.http.SocketTube$InternalReadPublisher$InternalReadSubscription.signalReadable(SocketTube.java:782)
	at java.net.http/jdk.internal.net.http.SocketTube$InternalReadPublisher$ReadEvent.signalEvent(SocketTube.java:965)
	at java.net.http/jdk.internal.net.http.SocketTube$SocketFlowEvent.handle(SocketTube.java:253)
	at java.net.http/jdk.internal.net.http.HttpClientImpl$SelectorManager.handleEvent(HttpClientImpl.java:1470)
	at java.net.http/jdk.internal.net.http.HttpClientImpl$SelectorManager.lambda$run$3(HttpClientImpl.java:1415)
	at java.base/java.util.ArrayList.forEach(ArrayList.java:1596)
	at java.net.http/jdk.internal.net.http.HttpClientImpl$SelectorManager.run(HttpClientImpl.java:1415)
2025-07-28 19:13:13 [TestNG-tests-3] INFO  stepDefinitions.Hooks - Browser is close
2025-07-28 19:13:22 [TestNG-tests-3] INFO  stepDefinitions.Hooks - Browser is openchrome
2025-07-28 19:13:22 [TestNG-tests-1] INFO  stepDefinitions.Hooks - Browser is openchrome
2025-07-28 19:13:22 [TestNG-tests-1] INFO  stepDefinitions.LoginSteps - User is in login page
2025-07-28 19:13:22 [TestNG-tests-2] INFO  stepDefinitions.Hooks - Browser is openchrome
2025-07-28 19:13:23 [TestNG-tests-3] INFO  stepDefinitions.CategorySteps - User is on homepage
2025-07-28 19:13:23 [TestNG-tests-3] DEBUG stepDefinitions.CategorySteps - Debugging exception: 
org.openqa.selenium.remote.UnreachableBrowserException: Error communicating with the remote browser. It may have died.
Build info: version: '4.33.0', revision: '2c6aaad03a'
System info: os.name: 'Windows 10', os.arch: 'amd64', os.version: '10.0', java.version: '21.0.7'
Driver info: org.openqa.selenium.chrome.ChromeDriver
Command: [0625f61c7092578b7056eb2834a21530, sendKeysToElement [id, value]]
Capabilities {acceptInsecureCerts: false, browserName: chrome, browserVersion: 138.0.7204.169, chrome: {chromedriverVersion: 138.0.7204.168 (3e8d82e86e9..., userDataDir: C:\Users\pc\AppData\Local\T...}, fedcm:accounts: true, goog:chromeOptions: {debuggerAddress: localhost:61680}, networkConnectionEnabled: false, pageLoadStrategy: normal, platformName: windows, proxy: Proxy(), se:cdp: ws://localhost:61680/devtoo..., se:cdpVersion: 138.0.7204.169, setWindowRect: true, strictFileInteractability: false, timeouts: {implicit: 0, pageLoad: 300000, script: 30000}, unhandledPromptBehavior: dismiss and notify, webauthn:extension:credBlob: true, webauthn:extension:largeBlob: true, webauthn:extension:minPinLength: true, webauthn:extension:prf: true, webauthn:virtualAuthenticators: true}
Element: [[ChromeDriver: chrome on windows (0625f61c7092578b7056eb2834a21530)] -> id: email]
Session ID: 0625f61c7092578b7056eb2834a21530
	at org.openqa.selenium.remote.RemoteWebDriver.execute(RemoteWebDriver.java:571)
	at org.openqa.selenium.remote.RemoteWebElement.execute(RemoteWebElement.java:223)
	at org.openqa.selenium.remote.RemoteWebElement.sendKeys(RemoteWebElement.java:110)
	at java.base/jdk.internal.reflect.DirectMethodHandleAccessor.invoke(DirectMethodHandleAccessor.java:103)
	at java.base/java.lang.reflect.Method.invoke(Method.java:580)
	at org.openqa.selenium.support.pagefactory.internal.LocatingElementHandler.invoke(LocatingElementHandler.java:51)
	at jdk.proxy2/jdk.proxy2.$Proxy42.sendKeys(Unknown Source)
	at pages.SignInPage.logincred(SignInPage.java:21)
	at stepDefinitions.CategorySteps.user_logins_successfully_with_valid_email_id_and_password(CategorySteps.java:46)
	at java.base/jdk.internal.reflect.DirectMethodHandleAccessor.invoke(DirectMethodHandleAccessor.java:103)
	at java.base/java.lang.reflect.Method.invoke(Method.java:580)
	at io.cucumber.java.Invoker.doInvoke(Invoker.java:66)
	at io.cucumber.java.Invoker.invoke(Invoker.java:24)
	at io.cucumber.java.AbstractGlueDefinition.invokeMethod(AbstractGlueDefinition.java:47)
	at io.cucumber.java.JavaStepDefinition.execute(JavaStepDefinition.java:29)
	at io.cucumber.core.runner.CoreStepDefinition.execute(CoreStepDefinition.java:66)
	at io.cucumber.core.runner.PickleStepDefinitionMatch.runStep(PickleStepDefinitionMatch.java:62)
	at io.cucumber.core.runner.ExecutionMode$1.execute(ExecutionMode.java:10)
	at io.cucumber.core.runner.TestStep.executeStep(TestStep.java:81)
	at io.cucumber.core.runner.TestStep.run(TestStep.java:53)
	at io.cucumber.core.runner.PickleStepTestStep.run(PickleStepTestStep.java:51)
	at io.cucumber.core.runner.TestCase.run(TestCase.java:86)
	at io.cucumber.core.runner.Runner.runPickle(Runner.java:77)
	at io.cucumber.testng.TestNGCucumberRunner.lambda$runScenario$1(TestNGCucumberRunner.java:135)
	at io.cucumber.core.runtime.CucumberExecutionContext.lambda$runTestCase$5(CucumberExecutionContext.java:136)
	at io.cucumber.core.runtime.RethrowingThrowableCollector.executeAndThrow(RethrowingThrowableCollector.java:23)
	at io.cucumber.core.runtime.CucumberExecutionContext.runTestCase(CucumberExecutionContext.java:136)
	at io.cucumber.testng.TestNGCucumberRunner.runScenario(TestNGCucumberRunner.java:132)
	at io.cucumber.testng.AbstractTestNGCucumberTests.runScenario(AbstractTestNGCucumberTests.java:35)
	at java.base/jdk.internal.reflect.DirectMethodHandleAccessor.invoke(DirectMethodHandleAccessor.java:103)
	at java.base/java.lang.reflect.Method.invoke(Method.java:580)
	at org.testng.internal.invokers.MethodInvocationHelper.invokeMethod(MethodInvocationHelper.java:141)
	at org.testng.internal.invokers.TestInvoker.invokeMethod(TestInvoker.java:687)
	at org.testng.internal.invokers.TestInvoker.invokeTestMethod(TestInvoker.java:230)
	at org.testng.internal.invokers.MethodRunner.runInSequence(MethodRunner.java:63)
	at org.testng.internal.invokers.TestInvoker$MethodInvocationAgent.invoke(TestInvoker.java:995)
	at org.testng.internal.invokers.TestInvoker.invokeTestMethods(TestInvoker.java:203)
	at org.testng.internal.invokers.TestMethodWorker.invokeTestMethods(TestMethodWorker.java:154)
	at org.testng.internal.invokers.TestMethodWorker.run(TestMethodWorker.java:134)
	at java.base/java.util.ArrayList.forEach(ArrayList.java:1596)
	at org.testng.TestRunner.privateRun(TestRunner.java:741)
	at org.testng.TestRunner.run(TestRunner.java:616)
	at org.testng.SuiteRunner.runTest(SuiteRunner.java:421)
	at org.testng.SuiteRunner$SuiteWorker.run(SuiteRunner.java:463)
	at org.testng.internal.thread.ThreadUtil.lambda$execute$0(ThreadUtil.java:64)
	at java.base/java.util.concurrent.FutureTask.run(FutureTask.java:317)
	at java.base/java.util.concurrent.ThreadPoolExecutor.runWorker(ThreadPoolExecutor.java:1144)
	at java.base/java.util.concurrent.ThreadPoolExecutor$Worker.run(ThreadPoolExecutor.java:642)
	at java.base/java.lang.Thread.run(Thread.java:1583)
Caused by: java.io.UncheckedIOException: java.io.IOException: Task jdk.internal.net.http.common.SequentialScheduler$SchedulableTask@49854a80 rejected from java.util.concurrent.ThreadPoolExecutor@2efff71b[Shutting down, pool size = 2, active threads = 2, queued tasks = 0, completed tasks = 70]
	at org.openqa.selenium.remote.http.jdk.JdkHttpClient.execute0(JdkHttpClient.java:500)
	at org.openqa.selenium.remote.http.AddSeleniumUserAgent.lambda$apply$0(AddSeleniumUserAgent.java:42)
	at org.openqa.selenium.remote.http.Filter.lambda$andFinally$1(Filter.java:55)
	at org.openqa.selenium.remote.http.jdk.JdkHttpClient.lambda$executeAsync$2(JdkHttpClient.java:387)
	at java.base/java.util.concurrent.Executors$RunnableAdapter.call(Executors.java:572)
	... 4 more
Caused by: java.io.IOException: Task jdk.internal.net.http.common.SequentialScheduler$SchedulableTask@49854a80 rejected from java.util.concurrent.ThreadPoolExecutor@2efff71b[Shutting down, pool size = 2, active threads = 2, queued tasks = 0, completed tasks = 70]
	at java.net.http/jdk.internal.net.http.HttpClientImpl.send(HttpClientImpl.java:969)
	at java.net.http/jdk.internal.net.http.HttpClientFacade.send(HttpClientFacade.java:133)
	at org.openqa.selenium.remote.http.jdk.JdkHttpClient.execute0(JdkHttpClient.java:459)
	... 8 more
Caused by: java.util.concurrent.RejectedExecutionException: Task jdk.internal.net.http.common.SequentialScheduler$SchedulableTask@49854a80 rejected from java.util.concurrent.ThreadPoolExecutor@2efff71b[Shutting down, pool size = 2, active threads = 2, queued tasks = 0, completed tasks = 70]
	at java.base/java.util.concurrent.ThreadPoolExecutor$AbortPolicy.rejectedExecution(ThreadPoolExecutor.java:2081)
	at java.base/java.util.concurrent.ThreadPoolExecutor.reject(ThreadPoolExecutor.java:841)
	at java.base/java.util.concurrent.ThreadPoolExecutor.execute(ThreadPoolExecutor.java:1376)
	at java.net.http/jdk.internal.net.http.HttpClientImpl$DelegatingExecutor.ensureExecutedAsync(HttpClientImpl.java:183)
	at java.net.http/jdk.internal.net.http.HttpClientImpl$DelegatingExecutor.execute(HttpClientImpl.java:175)
	at java.net.http/jdk.internal.net.http.common.SequentialScheduler.runOrSchedule(SequentialScheduler.java:282)
	at java.net.http/jdk.internal.net.http.common.SequentialScheduler.runOrSchedule(SequentialScheduler.java:251)
	at java.net.http/jdk.internal.net.http.Http1AsyncReceiver.onReadError(Http1AsyncReceiver.java:516)
	at java.net.http/jdk.internal.net.http.Http1AsyncReceiver$Http1TubeSubscriber.onComplete(Http1AsyncReceiver.java:601)
	at java.net.http/jdk.internal.net.http.SocketTube$InternalReadPublisher$ReadSubscription.signalCompletion(SocketTube.java:648)
	at java.net.http/jdk.internal.net.http.SocketTube$InternalReadPublisher$InternalReadSubscription.read(SocketTube.java:853)
	at java.net.http/jdk.internal.net.http.SocketTube$SocketFlowTask.run(SocketTube.java:181)
	at java.net.http/jdk.internal.net.http.common.SequentialScheduler$SchedulableTask.run(SequentialScheduler.java:207)
	at java.net.http/jdk.internal.net.http.common.SequentialScheduler.runOrSchedule(SequentialScheduler.java:280)
	at java.net.http/jdk.internal.net.http.common.SequentialScheduler.runOrSchedule(SequentialScheduler.java:233)
	at java.net.http/jdk.internal.net.http.SocketTube$InternalReadPublisher$InternalReadSubscription.signalReadable(SocketTube.java:782)
	at java.net.http/jdk.internal.net.http.SocketTube$InternalReadPublisher$ReadEvent.signalEvent(SocketTube.java:965)
	at java.net.http/jdk.internal.net.http.SocketTube$SocketFlowEvent.handle(SocketTube.java:253)
	at java.net.http/jdk.internal.net.http.HttpClientImpl$SelectorManager.handleEvent(HttpClientImpl.java:1470)
	at java.net.http/jdk.internal.net.http.HttpClientImpl$SelectorManager.lambda$run$3(HttpClientImpl.java:1415)
	at java.base/java.util.ArrayList.forEach(ArrayList.java:1596)
	at java.net.http/jdk.internal.net.http.HttpClientImpl$SelectorManager.run(HttpClientImpl.java:1415)
2025-07-28 19:13:23 [TestNG-tests-1] INFO  stepDefinitions.Hooks - Browser is close
2025-07-28 19:13:30 [TestNG-tests-3] INFO  stepDefinitions.Hooks - Browser is openchrome
2025-07-28 19:13:30 [TestNG-tests-3] INFO  stepDefinitions.LoginSteps - User is in login page
2025-07-28 19:13:30 [TestNG-tests-2] INFO  stepDefinitions.Hooks - Browser is openchrome
2025-07-28 19:13:30 [TestNG-tests-2] INFO  stepDefinitions.LoginSteps - User is in login page
2025-07-28 19:13:31 [TestNG-tests-3] INFO  stepDefinitions.LoginSteps - User has clicked on sign in button
2025-07-28 19:13:31 [TestNG-tests-2] INFO  stepDefinitions.Hooks - Browser is close
2025-07-28 19:31:44 [TestNG-tests-1] INFO  stepDefinitions.Hooks - Browser is openfirefox
2025-07-28 19:31:44 [TestNG-tests-3] INFO  stepDefinitions.Hooks - Browser is openfirefox
2025-07-28 19:31:45 [TestNG-tests-2] INFO  stepDefinitions.Hooks - Browser is openfirefox
2025-07-28 19:31:46 [TestNG-tests-3] INFO  stepDefinitions.CategorySteps - User is on homepage
2025-07-28 19:31:46 [TestNG-tests-1] INFO  stepDefinitions.CategorySteps - User is on homepage
2025-07-28 19:31:46 [TestNG-tests-3] INFO  stepDefinitions.CategorySteps - User has entered the credentials
2025-07-28 19:31:46 [TestNG-tests-1] INFO  stepDefinitions.CategorySteps - User has entered the credentials
2025-07-28 19:31:46 [TestNG-tests-2] INFO  stepDefinitions.CategorySteps - User is on homepage
2025-07-28 19:31:47 [TestNG-tests-2] INFO  stepDefinitions.CategorySteps - User has entered the credentials
2025-07-28 19:31:47 [TestNG-tests-3] INFO  stepDefinitions.CategorySteps - User clicked on sign in
2025-07-28 19:31:48 [TestNG-tests-1] INFO  stepDefinitions.CategorySteps - User clicked on sign in
2025-07-28 19:31:48 [TestNG-tests-2] INFO  stepDefinitions.CategorySteps - User clicked on sign in
2025-07-28 19:32:47 [TestNG-tests-3] INFO  stepDefinitions.Hooks - Browser is openedge
2025-07-28 19:32:48 [TestNG-tests-3] INFO  stepDefinitions.CategorySteps - User is on homepage
2025-07-28 19:32:49 [TestNG-tests-3] INFO  stepDefinitions.CategorySteps - User has entered the credentials
2025-07-28 19:32:49 [TestNG-tests-2] INFO  stepDefinitions.Hooks - Browser is openedge
2025-07-28 19:32:49 [TestNG-tests-1] INFO  stepDefinitions.Hooks - Browser is openedge
2025-07-28 19:32:50 [TestNG-tests-3] INFO  stepDefinitions.CategorySteps - User clicked on sign in
2025-07-28 19:32:50 [TestNG-tests-2] INFO  stepDefinitions.CategorySteps - User is on homepage
2025-07-28 19:32:51 [TestNG-tests-1] INFO  stepDefinitions.CategorySteps - User is on homepage
2025-07-28 19:32:51 [TestNG-tests-2] INFO  stepDefinitions.CategorySteps - User has entered the credentials
2025-07-28 19:32:51 [TestNG-tests-1] INFO  stepDefinitions.CategorySteps - User has entered the credentials
2025-07-28 19:32:52 [TestNG-tests-2] INFO  stepDefinitions.CategorySteps - User clicked on sign in
2025-07-28 19:32:52 [TestNG-tests-3] INFO  stepDefinitions.CategorySteps - Clicked on women category
2025-07-28 19:32:52 [TestNG-tests-1] INFO  stepDefinitions.CategorySteps - User clicked on sign in
2025-07-28 19:32:53 [TestNG-tests-3] INFO  stepDefinitions.Hooks - Browser is close
2025-07-28 19:32:55 [TestNG-tests-1] INFO  stepDefinitions.CategorySteps - Clicked on women category
2025-07-28 19:32:55 [TestNG-tests-2] INFO  stepDefinitions.CategorySteps - Clicked on women category
2025-07-28 19:32:56 [TestNG-tests-2] INFO  stepDefinitions.Hooks - Browser is close
2025-07-28 19:32:57 [TestNG-tests-1] INFO  stepDefinitions.Hooks - Browser is close
2025-07-28 19:32:58 [TestNG-tests-3] INFO  stepDefinitions.Hooks - Browser is openedge
2025-07-28 19:33:00 [TestNG-tests-3] INFO  stepDefinitions.CategorySteps - User is on homepage
2025-07-28 19:33:00 [TestNG-tests-3] INFO  stepDefinitions.CategorySteps - User has entered the credentials
2025-07-28 19:33:01 [TestNG-tests-3] INFO  stepDefinitions.CategorySteps - User clicked on sign in
2025-07-28 19:33:02 [TestNG-tests-3] INFO  stepDefinitions.CategorySteps - User hover on Women Category
2025-07-28 19:33:04 [TestNG-tests-3] INFO  stepDefinitions.CategorySteps - User cliks on Tops sub category
2025-07-28 19:33:05 [TestNG-tests-1] INFO  stepDefinitions.Hooks - Browser is openedge
2025-07-28 19:33:05 [TestNG-tests-2] INFO  stepDefinitions.Hooks - Browser is openedge
2025-07-28 19:33:06 [TestNG-tests-3] INFO  stepDefinitions.Hooks - Browser is close
2025-07-28 19:33:06 [TestNG-tests-1] INFO  stepDefinitions.CategorySteps - User is on homepage
2025-07-28 19:33:06 [TestNG-tests-1] INFO  stepDefinitions.CategorySteps - User has entered the credentials
2025-07-28 19:33:06 [TestNG-tests-2] INFO  stepDefinitions.CategorySteps - User is on homepage
2025-07-28 19:33:07 [TestNG-tests-2] INFO  stepDefinitions.CategorySteps - User has entered the credentials
2025-07-28 19:33:07 [TestNG-tests-1] INFO  stepDefinitions.CategorySteps - User clicked on sign in
2025-07-28 19:33:08 [TestNG-tests-1] INFO  stepDefinitions.CategorySteps - User hover on Women Category
2025-07-28 19:33:08 [TestNG-tests-2] INFO  stepDefinitions.CategorySteps - User clicked on sign in
2025-07-28 19:33:08 [TestNG-tests-2] INFO  stepDefinitions.CategorySteps - User hover on Women Category
2025-07-28 19:33:09 [TestNG-tests-1] INFO  stepDefinitions.CategorySteps - User cliks on Tops sub category
2025-07-28 19:33:10 [TestNG-tests-2] INFO  stepDefinitions.CategorySteps - User cliks on Tops sub category
2025-07-28 19:33:11 [TestNG-tests-1] INFO  stepDefinitions.Hooks - Browser is close
2025-07-28 19:33:11 [TestNG-tests-2] INFO  stepDefinitions.Hooks - Browser is close
2025-07-28 19:33:12 [TestNG-tests-3] INFO  stepDefinitions.Hooks - Browser is openedge
2025-07-28 19:33:13 [TestNG-tests-3] INFO  stepDefinitions.CategorySteps - User is on homepage
2025-07-28 19:33:13 [TestNG-tests-3] INFO  stepDefinitions.CategorySteps - User has entered the credentials
2025-07-28 19:33:15 [TestNG-tests-3] INFO  stepDefinitions.CategorySteps - User clicked on sign in
2025-07-28 19:33:17 [TestNG-tests-3] INFO  stepDefinitions.CategorySteps - User navigates to Dresses category
2025-07-28 19:33:18 [TestNG-tests-3] INFO  stepDefinitions.Hooks - Browser is close
2025-07-28 19:33:18 [TestNG-tests-1] INFO  stepDefinitions.Hooks - Browser is openedge
2025-07-28 19:33:20 [TestNG-tests-2] INFO  stepDefinitions.Hooks - Browser is openedge
2025-07-28 19:33:20 [TestNG-tests-1] INFO  stepDefinitions.CategorySteps - User is on homepage
2025-07-28 19:33:20 [TestNG-tests-1] INFO  stepDefinitions.CategorySteps - User has entered the credentials
2025-07-28 19:33:22 [TestNG-tests-2] INFO  stepDefinitions.CategorySteps - User is on homepage
2025-07-28 19:33:22 [TestNG-tests-1] INFO  stepDefinitions.CategorySteps - User clicked on sign in
2025-07-28 19:33:22 [TestNG-tests-2] INFO  stepDefinitions.CategorySteps - User has entered the credentials
2025-07-28 19:33:23 [TestNG-tests-2] INFO  stepDefinitions.CategorySteps - User clicked on sign in
2025-07-28 19:33:24 [TestNG-tests-1] INFO  stepDefinitions.CategorySteps - User navigates to Dresses category
2025-07-28 19:33:25 [TestNG-tests-3] INFO  stepDefinitions.Hooks - Browser is openedge
2025-07-28 19:33:25 [TestNG-tests-2] INFO  stepDefinitions.CategorySteps - User navigates to Dresses category
2025-07-28 19:33:26 [TestNG-tests-1] INFO  stepDefinitions.Hooks - Browser is close
2025-07-28 19:33:26 [TestNG-tests-3] INFO  stepDefinitions.CategorySteps - User is on homepage
2025-07-28 19:33:26 [TestNG-tests-3] INFO  stepDefinitions.CategorySteps - User has entered the credentials
2025-07-28 19:33:26 [TestNG-tests-3] INFO  stepDefinitions.CategorySteps - User clicked on sign in
2025-07-28 19:33:26 [TestNG-tests-2] INFO  stepDefinitions.Hooks - Browser is close
2025-07-28 19:33:29 [TestNG-tests-3] INFO  stepDefinitions.CategorySteps - Clicked on women category
2025-07-28 19:33:31 [TestNG-tests-3] INFO  stepDefinitions.CategorySteps - Size S is selected
2025-07-28 19:33:32 [TestNG-tests-1] INFO  stepDefinitions.Hooks - Browser is openedge
2025-07-28 19:33:34 [TestNG-tests-1] INFO  stepDefinitions.CategorySteps - User is on homepage
2025-07-28 19:33:34 [TestNG-tests-3] INFO  stepDefinitions.CategorySteps - Color Yellow is selected
2025-07-28 19:33:34 [TestNG-tests-1] INFO  stepDefinitions.CategorySteps - User has entered the credentials
2025-07-28 19:33:35 [TestNG-tests-2] INFO  stepDefinitions.Hooks - Browser is openedge
2025-07-28 19:33:36 [TestNG-tests-2] INFO  stepDefinitions.CategorySteps - User is on homepage
2025-07-28 19:33:36 [TestNG-tests-2] INFO  stepDefinitions.CategorySteps - User has entered the credentials
2025-07-28 19:33:36 [TestNG-tests-1] INFO  stepDefinitions.CategorySteps - User clicked on sign in
2025-07-28 19:33:38 [TestNG-tests-2] INFO  stepDefinitions.CategorySteps - User clicked on sign in
2025-07-28 19:33:38 [TestNG-tests-1] INFO  stepDefinitions.CategorySteps - Clicked on women category
2025-07-28 19:33:40 [TestNG-tests-1] INFO  stepDefinitions.CategorySteps - Size S is selected
2025-07-28 19:33:40 [TestNG-tests-2] INFO  stepDefinitions.CategorySteps - Clicked on women category
2025-07-28 19:33:40 [TestNG-tests-3] INFO  stepDefinitions.Hooks - Browser is close
2025-07-28 19:33:42 [TestNG-tests-2] INFO  stepDefinitions.CategorySteps - Size S is selected
2025-07-28 19:33:43 [TestNG-tests-1] INFO  stepDefinitions.CategorySteps - Color Yellow is selected
2025-07-28 19:33:46 [TestNG-tests-2] INFO  stepDefinitions.CategorySteps - Color Yellow is selected
2025-07-28 19:33:47 [TestNG-tests-3] INFO  stepDefinitions.Hooks - Browser is openedge
2025-07-28 19:33:48 [TestNG-tests-3] INFO  stepDefinitions.CategorySteps - User is on homepage
2025-07-28 19:33:48 [TestNG-tests-3] INFO  stepDefinitions.CategorySteps - User has entered the credentials
2025-07-28 19:33:49 [TestNG-tests-1] INFO  stepDefinitions.Hooks - Browser is close
2025-07-28 19:33:49 [TestNG-tests-3] INFO  stepDefinitions.CategorySteps - User clicked on sign in
2025-07-28 19:33:51 [TestNG-tests-3] INFO  stepDefinitions.CategorySteps - Clicked on women category
2025-07-28 19:33:51 [TestNG-tests-3] INFO  stepDefinitions.CategorySteps - User clicks on list view
2025-07-28 19:33:52 [TestNG-tests-2] INFO  stepDefinitions.Hooks - Browser is close
2025-07-28 19:33:53 [TestNG-tests-3] INFO  stepDefinitions.Hooks - Browser is close
2025-07-28 19:33:56 [TestNG-tests-1] INFO  stepDefinitions.Hooks - Browser is openedge
2025-07-28 19:33:57 [TestNG-tests-1] INFO  stepDefinitions.CategorySteps - User is on homepage
2025-07-28 19:33:58 [TestNG-tests-1] INFO  stepDefinitions.CategorySteps - User has entered the credentials
2025-07-28 19:33:58 [TestNG-tests-2] INFO  stepDefinitions.Hooks - Browser is openedge
2025-07-28 19:33:59 [TestNG-tests-1] INFO  stepDefinitions.CategorySteps - User clicked on sign in
2025-07-28 19:34:00 [TestNG-tests-2] INFO  stepDefinitions.CategorySteps - User is on homepage
2025-07-28 19:34:00 [TestNG-tests-2] INFO  stepDefinitions.CategorySteps - User has entered the credentials
2025-07-28 19:34:00 [TestNG-tests-3] INFO  stepDefinitions.Hooks - Browser is openedge
2025-07-28 19:34:00 [TestNG-tests-3] INFO  stepDefinitions.LoginSteps - User is in login page
2025-07-28 19:34:01 [TestNG-tests-1] INFO  stepDefinitions.CategorySteps - Clicked on women category
2025-07-28 19:34:01 [TestNG-tests-1] INFO  stepDefinitions.CategorySteps - User clicks on list view
2025-07-28 19:34:01 [TestNG-tests-2] INFO  stepDefinitions.CategorySteps - User clicked on sign in
2025-07-28 19:34:02 [TestNG-tests-3] INFO  stepDefinitions.LoginSteps - User has clicked on sign in button
2025-07-28 19:34:02 [TestNG-tests-3] INFO  stepDefinitions.LoginSteps - User has entered the credentials
2025-07-28 19:34:02 [TestNG-tests-1] INFO  stepDefinitions.Hooks - Browser is close
2025-07-28 19:34:04 [TestNG-tests-2] INFO  stepDefinitions.CategorySteps - Clicked on women category
2025-07-28 19:34:04 [TestNG-tests-3] INFO  stepDefinitions.LoginSteps - User has clicked on sign in button
2025-07-28 19:34:04 [TestNG-tests-2] INFO  stepDefinitions.CategorySteps - User clicks on list view
2025-07-28 19:34:04 [TestNG-tests-3] INFO  stepDefinitions.LoginSteps - User is able to login successfully. MyAccount logo is visible.
2025-07-28 19:34:05 [TestNG-tests-3] INFO  stepDefinitions.Hooks - Browser is close
2025-07-28 19:34:05 [TestNG-tests-2] INFO  stepDefinitions.Hooks - Browser is close
2025-07-28 19:34:09 [TestNG-tests-1] INFO  stepDefinitions.Hooks - Browser is openedge
2025-07-28 19:34:09 [TestNG-tests-1] INFO  stepDefinitions.LoginSteps - User is in login page
2025-07-28 19:34:11 [TestNG-tests-1] INFO  stepDefinitions.LoginSteps - User has clicked on sign in button
2025-07-28 19:34:11 [TestNG-tests-1] INFO  stepDefinitions.LoginSteps - User has entered the credentials
2025-07-28 19:34:11 [TestNG-tests-2] INFO  stepDefinitions.Hooks - Browser is openedge
2025-07-28 19:34:11 [TestNG-tests-2] INFO  stepDefinitions.LoginSteps - User is in login page
2025-07-28 19:34:12 [TestNG-tests-1] INFO  stepDefinitions.LoginSteps - User has clicked on sign in button
2025-07-28 19:34:12 [TestNG-tests-1] INFO  stepDefinitions.LoginSteps - User is able to login successfully. MyAccount logo is visible.
2025-07-28 19:34:13 [TestNG-tests-2] INFO  stepDefinitions.LoginSteps - User has clicked on sign in button
2025-07-28 19:34:13 [TestNG-tests-2] INFO  stepDefinitions.LoginSteps - User has entered the credentials
2025-07-28 19:34:13 [TestNG-tests-2] INFO  stepDefinitions.LoginSteps - User has clicked on sign in button
2025-07-28 19:34:13 [TestNG-tests-1] INFO  stepDefinitions.Hooks - Browser is close
2025-07-28 19:34:14 [TestNG-tests-2] INFO  stepDefinitions.LoginSteps - User is able to login successfully. MyAccount logo is visible.
2025-07-28 19:34:15 [TestNG-tests-2] INFO  stepDefinitions.Hooks - Browser is close
2025-07-28 19:43:13 [TestNG-tests-2] INFO  stepDefinitions.Hooks - Browser is openchrome
2025-07-28 19:43:13 [TestNG-tests-1] INFO  stepDefinitions.Hooks - Browser is openchrome
2025-07-28 19:43:13 [TestNG-tests-3] INFO  stepDefinitions.Hooks - Browser is openchrome
2025-07-28 19:43:15 [TestNG-tests-1] INFO  stepDefinitions.CategorySteps - User is on homepage
2025-07-28 19:43:15 [TestNG-tests-2] INFO  stepDefinitions.CategorySteps - User is on homepage
2025-07-28 19:43:15 [TestNG-tests-3] INFO  stepDefinitions.CategorySteps - User is on homepage
2025-07-28 19:43:15 [TestNG-tests-1] INFO  stepDefinitions.CategorySteps - User has entered the credentials
2025-07-28 19:43:15 [TestNG-tests-3] INFO  stepDefinitions.CategorySteps - User has entered the credentials
2025-07-28 19:43:15 [TestNG-tests-2] INFO  stepDefinitions.CategorySteps - User has entered the credentials
2025-07-28 19:43:16 [TestNG-tests-1] INFO  stepDefinitions.CategorySteps - User clicked on sign in
2025-07-28 19:43:16 [TestNG-tests-2] INFO  stepDefinitions.CategorySteps - User clicked on sign in
2025-07-28 19:43:16 [TestNG-tests-3] INFO  stepDefinitions.CategorySteps - User clicked on sign in
2025-07-28 19:43:18 [TestNG-tests-1] INFO  stepDefinitions.CategorySteps - Clicked on women category
2025-07-28 19:43:18 [TestNG-tests-3] INFO  stepDefinitions.CategorySteps - Clicked on women category
2025-07-28 19:43:18 [TestNG-tests-2] INFO  stepDefinitions.CategorySteps - Clicked on women category
2025-07-28 19:43:18 [TestNG-tests-3] INFO  stepDefinitions.Hooks - Browser is close
2025-07-28 19:43:18 [TestNG-tests-1] INFO  stepDefinitions.Hooks - Browser is close
2025-07-28 19:43:18 [TestNG-tests-2] INFO  stepDefinitions.Hooks - Browser is close
2025-07-28 19:43:24 [TestNG-tests-1] INFO  stepDefinitions.Hooks - Browser is openchrome
2025-07-28 19:43:24 [TestNG-tests-3] INFO  stepDefinitions.Hooks - Browser is openchrome
2025-07-28 19:43:24 [TestNG-tests-2] INFO  stepDefinitions.Hooks - Browser is openchrome
2025-07-28 19:43:25 [TestNG-tests-3] INFO  stepDefinitions.CategorySteps - User is on homepage
2025-07-28 19:43:25 [TestNG-tests-1] INFO  stepDefinitions.CategorySteps - User is on homepage
2025-07-28 19:43:25 [TestNG-tests-3] INFO  stepDefinitions.CategorySteps - User has entered the credentials
2025-07-28 19:43:25 [TestNG-tests-2] INFO  stepDefinitions.CategorySteps - User is on homepage
2025-07-28 19:43:25 [TestNG-tests-1] INFO  stepDefinitions.CategorySteps - User has entered the credentials
2025-07-28 19:43:25 [TestNG-tests-2] INFO  stepDefinitions.CategorySteps - User has entered the credentials
2025-07-28 19:43:26 [TestNG-tests-3] INFO  stepDefinitions.CategorySteps - User clicked on sign in
2025-07-28 19:43:27 [TestNG-tests-3] INFO  stepDefinitions.CategorySteps - User hover on Women Category
2025-07-28 19:43:27 [TestNG-tests-2] INFO  stepDefinitions.CategorySteps - User clicked on sign in
2025-07-28 19:43:27 [TestNG-tests-1] INFO  stepDefinitions.CategorySteps - User clicked on sign in
2025-07-28 19:43:27 [TestNG-tests-3] INFO  stepDefinitions.CategorySteps - User cliks on Tops sub category
2025-07-28 19:43:27 [TestNG-tests-1] INFO  stepDefinitions.CategorySteps - User hover on Women Category
2025-07-28 19:43:27 [TestNG-tests-2] INFO  stepDefinitions.CategorySteps - User hover on Women Category
2025-07-28 19:43:27 [TestNG-tests-2] INFO  stepDefinitions.CategorySteps - User cliks on Tops sub category
2025-07-28 19:43:27 [TestNG-tests-1] INFO  stepDefinitions.CategorySteps - User cliks on Tops sub category
2025-07-28 19:43:47 [TestNG-tests-3] DEBUG stepDefinitions.CategorySteps - Exception occurred,stack trace 
org.openqa.selenium.TimeoutException: Expected condition failed: waiting for visibility of element located by By.cssSelector: ul.product_list (tried for 20 second(s) with 500 milliseconds interval)
Build info: version: '4.33.0', revision: '2c6aaad03a'
System info: os.name: 'Windows 10', os.arch: 'amd64', os.version: '10.0', java.version: '21.0.7'
Driver info: org.openqa.selenium.chrome.ChromeDriver
Capabilities {acceptInsecureCerts: false, browserName: chrome, browserVersion: 138.0.7204.169, chrome: {chromedriverVersion: 138.0.7204.168 (3e8d82e86e9..., userDataDir: C:\Users\pc\AppData\Local\T...}, fedcm:accounts: true, goog:chromeOptions: {debuggerAddress: localhost:64417}, networkConnectionEnabled: false, pageLoadStrategy: normal, platformName: windows, proxy: Proxy(), se:cdp: ws://localhost:64417/devtoo..., se:cdpVersion: 138.0.7204.169, setWindowRect: true, strictFileInteractability: false, timeouts: {implicit: 0, pageLoad: 300000, script: 30000}, unhandledPromptBehavior: dismiss and notify, webauthn:extension:credBlob: true, webauthn:extension:largeBlob: true, webauthn:extension:minPinLength: true, webauthn:extension:prf: true, webauthn:virtualAuthenticators: true}
Session ID: 0c3d13ed5f7f18988664024cfd6526ac
	at org.openqa.selenium.support.ui.WebDriverWait.timeoutException(WebDriverWait.java:84)
	at org.openqa.selenium.support.ui.FluentWait.until(FluentWait.java:228)
	at stepDefinitions.CategorySteps.product_list_for_sub_category_should_be_displayed(CategorySteps.java:105)
	at java.base/jdk.internal.reflect.DirectMethodHandleAccessor.invoke(DirectMethodHandleAccessor.java:103)
	at java.base/java.lang.reflect.Method.invoke(Method.java:580)
	at io.cucumber.java.Invoker.doInvoke(Invoker.java:66)
	at io.cucumber.java.Invoker.invoke(Invoker.java:24)
	at io.cucumber.java.AbstractGlueDefinition.invokeMethod(AbstractGlueDefinition.java:47)
	at io.cucumber.java.JavaStepDefinition.execute(JavaStepDefinition.java:29)
	at io.cucumber.core.runner.CoreStepDefinition.execute(CoreStepDefinition.java:66)
	at io.cucumber.core.runner.PickleStepDefinitionMatch.runStep(PickleStepDefinitionMatch.java:62)
	at io.cucumber.core.runner.ExecutionMode$1.execute(ExecutionMode.java:10)
	at io.cucumber.core.runner.TestStep.executeStep(TestStep.java:81)
	at io.cucumber.core.runner.TestStep.run(TestStep.java:53)
	at io.cucumber.core.runner.PickleStepTestStep.run(PickleStepTestStep.java:51)
	at io.cucumber.core.runner.TestCase.run(TestCase.java:86)
	at io.cucumber.core.runner.Runner.runPickle(Runner.java:77)
	at io.cucumber.testng.TestNGCucumberRunner.lambda$runScenario$1(TestNGCucumberRunner.java:135)
	at io.cucumber.core.runtime.CucumberExecutionContext.lambda$runTestCase$5(CucumberExecutionContext.java:136)
	at io.cucumber.core.runtime.RethrowingThrowableCollector.executeAndThrow(RethrowingThrowableCollector.java:23)
	at io.cucumber.core.runtime.CucumberExecutionContext.runTestCase(CucumberExecutionContext.java:136)
	at io.cucumber.testng.TestNGCucumberRunner.runScenario(TestNGCucumberRunner.java:132)
	at io.cucumber.testng.AbstractTestNGCucumberTests.runScenario(AbstractTestNGCucumberTests.java:35)
	at java.base/jdk.internal.reflect.DirectMethodHandleAccessor.invoke(DirectMethodHandleAccessor.java:103)
	at java.base/java.lang.reflect.Method.invoke(Method.java:580)
	at org.testng.internal.invokers.MethodInvocationHelper.invokeMethod(MethodInvocationHelper.java:141)
	at org.testng.internal.invokers.TestInvoker.invokeMethod(TestInvoker.java:687)
	at org.testng.internal.invokers.TestInvoker.invokeTestMethod(TestInvoker.java:230)
	at org.testng.internal.invokers.MethodRunner.runInSequence(MethodRunner.java:63)
	at org.testng.internal.invokers.TestInvoker$MethodInvocationAgent.invoke(TestInvoker.java:995)
	at org.testng.internal.invokers.TestInvoker.invokeTestMethods(TestInvoker.java:203)
	at org.testng.internal.invokers.TestMethodWorker.invokeTestMethods(TestMethodWorker.java:154)
	at org.testng.internal.invokers.TestMethodWorker.run(TestMethodWorker.java:134)
	at java.base/java.util.ArrayList.forEach(ArrayList.java:1596)
	at org.testng.TestRunner.privateRun(TestRunner.java:741)
	at org.testng.TestRunner.run(TestRunner.java:616)
	at org.testng.SuiteRunner.runTest(SuiteRunner.java:421)
	at org.testng.SuiteRunner$SuiteWorker.run(SuiteRunner.java:463)
	at org.testng.internal.thread.ThreadUtil.lambda$execute$0(ThreadUtil.java:64)
	at java.base/java.util.concurrent.FutureTask.run(FutureTask.java:317)
	at java.base/java.util.concurrent.ThreadPoolExecutor.runWorker(ThreadPoolExecutor.java:1144)
	at java.base/java.util.concurrent.ThreadPoolExecutor$Worker.run(ThreadPoolExecutor.java:642)
	at java.base/java.lang.Thread.run(Thread.java:1583)
2025-07-28 19:43:47 [TestNG-tests-3] INFO  stepDefinitions.Hooks - Browser is close
2025-07-28 19:43:47 [TestNG-tests-2] DEBUG stepDefinitions.CategorySteps - Exception occurred,stack trace 
org.openqa.selenium.TimeoutException: Expected condition failed: waiting for visibility of element located by By.cssSelector: ul.product_list (tried for 20 second(s) with 500 milliseconds interval)
Build info: version: '4.33.0', revision: '2c6aaad03a'
System info: os.name: 'Windows 10', os.arch: 'amd64', os.version: '10.0', java.version: '21.0.7'
Driver info: org.openqa.selenium.chrome.ChromeDriver
Capabilities {acceptInsecureCerts: false, browserName: chrome, browserVersion: 138.0.7204.169, chrome: {chromedriverVersion: 138.0.7204.168 (3e8d82e86e9..., userDataDir: C:\Users\pc\AppData\Local\T...}, fedcm:accounts: true, goog:chromeOptions: {debuggerAddress: localhost:64422}, networkConnectionEnabled: false, pageLoadStrategy: normal, platformName: windows, proxy: Proxy(), se:cdp: ws://localhost:64422/devtoo..., se:cdpVersion: 138.0.7204.169, setWindowRect: true, strictFileInteractability: false, timeouts: {implicit: 0, pageLoad: 300000, script: 30000}, unhandledPromptBehavior: dismiss and notify, webauthn:extension:credBlob: true, webauthn:extension:largeBlob: true, webauthn:extension:minPinLength: true, webauthn:extension:prf: true, webauthn:virtualAuthenticators: true}
Session ID: 7761670722d564e5fee7cdb5a42e4b75
	at org.openqa.selenium.support.ui.WebDriverWait.timeoutException(WebDriverWait.java:84)
	at org.openqa.selenium.support.ui.FluentWait.until(FluentWait.java:228)
	at stepDefinitions.CategorySteps.product_list_for_sub_category_should_be_displayed(CategorySteps.java:105)
	at java.base/jdk.internal.reflect.DirectMethodHandleAccessor.invoke(DirectMethodHandleAccessor.java:103)
	at java.base/java.lang.reflect.Method.invoke(Method.java:580)
	at io.cucumber.java.Invoker.doInvoke(Invoker.java:66)
	at io.cucumber.java.Invoker.invoke(Invoker.java:24)
	at io.cucumber.java.AbstractGlueDefinition.invokeMethod(AbstractGlueDefinition.java:47)
	at io.cucumber.java.JavaStepDefinition.execute(JavaStepDefinition.java:29)
	at io.cucumber.core.runner.CoreStepDefinition.execute(CoreStepDefinition.java:66)
	at io.cucumber.core.runner.PickleStepDefinitionMatch.runStep(PickleStepDefinitionMatch.java:62)
	at io.cucumber.core.runner.ExecutionMode$1.execute(ExecutionMode.java:10)
	at io.cucumber.core.runner.TestStep.executeStep(TestStep.java:81)
	at io.cucumber.core.runner.TestStep.run(TestStep.java:53)
	at io.cucumber.core.runner.PickleStepTestStep.run(PickleStepTestStep.java:51)
	at io.cucumber.core.runner.TestCase.run(TestCase.java:86)
	at io.cucumber.core.runner.Runner.runPickle(Runner.java:77)
	at io.cucumber.testng.TestNGCucumberRunner.lambda$runScenario$1(TestNGCucumberRunner.java:135)
	at io.cucumber.core.runtime.CucumberExecutionContext.lambda$runTestCase$5(CucumberExecutionContext.java:136)
	at io.cucumber.core.runtime.RethrowingThrowableCollector.executeAndThrow(RethrowingThrowableCollector.java:23)
	at io.cucumber.core.runtime.CucumberExecutionContext.runTestCase(CucumberExecutionContext.java:136)
	at io.cucumber.testng.TestNGCucumberRunner.runScenario(TestNGCucumberRunner.java:132)
	at io.cucumber.testng.AbstractTestNGCucumberTests.runScenario(AbstractTestNGCucumberTests.java:35)
	at java.base/jdk.internal.reflect.DirectMethodHandleAccessor.invoke(DirectMethodHandleAccessor.java:103)
	at java.base/java.lang.reflect.Method.invoke(Method.java:580)
	at org.testng.internal.invokers.MethodInvocationHelper.invokeMethod(MethodInvocationHelper.java:141)
	at org.testng.internal.invokers.TestInvoker.invokeMethod(TestInvoker.java:687)
	at org.testng.internal.invokers.TestInvoker.invokeTestMethod(TestInvoker.java:230)
	at org.testng.internal.invokers.MethodRunner.runInSequence(MethodRunner.java:63)
	at org.testng.internal.invokers.TestInvoker$MethodInvocationAgent.invoke(TestInvoker.java:995)
	at org.testng.internal.invokers.TestInvoker.invokeTestMethods(TestInvoker.java:203)
	at org.testng.internal.invokers.TestMethodWorker.invokeTestMethods(TestMethodWorker.java:154)
	at org.testng.internal.invokers.TestMethodWorker.run(TestMethodWorker.java:134)
	at java.base/java.util.ArrayList.forEach(ArrayList.java:1596)
	at org.testng.TestRunner.privateRun(TestRunner.java:741)
	at org.testng.TestRunner.run(TestRunner.java:616)
	at org.testng.SuiteRunner.runTest(SuiteRunner.java:421)
	at org.testng.SuiteRunner$SuiteWorker.run(SuiteRunner.java:463)
	at org.testng.internal.thread.ThreadUtil.lambda$execute$0(ThreadUtil.java:64)
	at java.base/java.util.concurrent.FutureTask.run(FutureTask.java:317)
	at java.base/java.util.concurrent.ThreadPoolExecutor.runWorker(ThreadPoolExecutor.java:1144)
	at java.base/java.util.concurrent.ThreadPoolExecutor$Worker.run(ThreadPoolExecutor.java:642)
	at java.base/java.lang.Thread.run(Thread.java:1583)
2025-07-28 19:43:47 [TestNG-tests-1] DEBUG stepDefinitions.CategorySteps - Exception occurred,stack trace 
org.openqa.selenium.TimeoutException: Expected condition failed: waiting for visibility of element located by By.cssSelector: ul.product_list (tried for 20 second(s) with 500 milliseconds interval)
Build info: version: '4.33.0', revision: '2c6aaad03a'
System info: os.name: 'Windows 10', os.arch: 'amd64', os.version: '10.0', java.version: '21.0.7'
Driver info: org.openqa.selenium.chrome.ChromeDriver
Capabilities {acceptInsecureCerts: false, browserName: chrome, browserVersion: 138.0.7204.169, chrome: {chromedriverVersion: 138.0.7204.168 (3e8d82e86e9..., userDataDir: C:\Users\pc\AppData\Local\T...}, fedcm:accounts: true, goog:chromeOptions: {debuggerAddress: localhost:64419}, networkConnectionEnabled: false, pageLoadStrategy: normal, platformName: windows, proxy: Proxy(), se:cdp: ws://localhost:64419/devtoo..., se:cdpVersion: 138.0.7204.169, setWindowRect: true, strictFileInteractability: false, timeouts: {implicit: 0, pageLoad: 300000, script: 30000}, unhandledPromptBehavior: dismiss and notify, webauthn:extension:credBlob: true, webauthn:extension:largeBlob: true, webauthn:extension:minPinLength: true, webauthn:extension:prf: true, webauthn:virtualAuthenticators: true}
Session ID: 6d58c2f7d60ec16d8edd0f14f08def2d
	at org.openqa.selenium.support.ui.WebDriverWait.timeoutException(WebDriverWait.java:84)
	at org.openqa.selenium.support.ui.FluentWait.until(FluentWait.java:228)
	at stepDefinitions.CategorySteps.product_list_for_sub_category_should_be_displayed(CategorySteps.java:105)
	at java.base/jdk.internal.reflect.DirectMethodHandleAccessor.invoke(DirectMethodHandleAccessor.java:103)
	at java.base/java.lang.reflect.Method.invoke(Method.java:580)
	at io.cucumber.java.Invoker.doInvoke(Invoker.java:66)
	at io.cucumber.java.Invoker.invoke(Invoker.java:24)
	at io.cucumber.java.AbstractGlueDefinition.invokeMethod(AbstractGlueDefinition.java:47)
	at io.cucumber.java.JavaStepDefinition.execute(JavaStepDefinition.java:29)
	at io.cucumber.core.runner.CoreStepDefinition.execute(CoreStepDefinition.java:66)
	at io.cucumber.core.runner.PickleStepDefinitionMatch.runStep(PickleStepDefinitionMatch.java:62)
	at io.cucumber.core.runner.ExecutionMode$1.execute(ExecutionMode.java:10)
	at io.cucumber.core.runner.TestStep.executeStep(TestStep.java:81)
	at io.cucumber.core.runner.TestStep.run(TestStep.java:53)
	at io.cucumber.core.runner.PickleStepTestStep.run(PickleStepTestStep.java:51)
	at io.cucumber.core.runner.TestCase.run(TestCase.java:86)
	at io.cucumber.core.runner.Runner.runPickle(Runner.java:77)
	at io.cucumber.testng.TestNGCucumberRunner.lambda$runScenario$1(TestNGCucumberRunner.java:135)
	at io.cucumber.core.runtime.CucumberExecutionContext.lambda$runTestCase$5(CucumberExecutionContext.java:136)
	at io.cucumber.core.runtime.RethrowingThrowableCollector.executeAndThrow(RethrowingThrowableCollector.java:23)
	at io.cucumber.core.runtime.CucumberExecutionContext.runTestCase(CucumberExecutionContext.java:136)
	at io.cucumber.testng.TestNGCucumberRunner.runScenario(TestNGCucumberRunner.java:132)
	at io.cucumber.testng.AbstractTestNGCucumberTests.runScenario(AbstractTestNGCucumberTests.java:35)
	at java.base/jdk.internal.reflect.DirectMethodHandleAccessor.invoke(DirectMethodHandleAccessor.java:103)
	at java.base/java.lang.reflect.Method.invoke(Method.java:580)
	at org.testng.internal.invokers.MethodInvocationHelper.invokeMethod(MethodInvocationHelper.java:141)
	at org.testng.internal.invokers.TestInvoker.invokeMethod(TestInvoker.java:687)
	at org.testng.internal.invokers.TestInvoker.invokeTestMethod(TestInvoker.java:230)
	at org.testng.internal.invokers.MethodRunner.runInSequence(MethodRunner.java:63)
	at org.testng.internal.invokers.TestInvoker$MethodInvocationAgent.invoke(TestInvoker.java:995)
	at org.testng.internal.invokers.TestInvoker.invokeTestMethods(TestInvoker.java:203)
	at org.testng.internal.invokers.TestMethodWorker.invokeTestMethods(TestMethodWorker.java:154)
	at org.testng.internal.invokers.TestMethodWorker.run(TestMethodWorker.java:134)
	at java.base/java.util.ArrayList.forEach(ArrayList.java:1596)
	at org.testng.TestRunner.privateRun(TestRunner.java:741)
	at org.testng.TestRunner.run(TestRunner.java:616)
	at org.testng.SuiteRunner.runTest(SuiteRunner.java:421)
	at org.testng.SuiteRunner$SuiteWorker.run(SuiteRunner.java:463)
	at org.testng.internal.thread.ThreadUtil.lambda$execute$0(ThreadUtil.java:64)
	at java.base/java.util.concurrent.FutureTask.run(FutureTask.java:317)
	at java.base/java.util.concurrent.ThreadPoolExecutor.runWorker(ThreadPoolExecutor.java:1144)
	at java.base/java.util.concurrent.ThreadPoolExecutor$Worker.run(ThreadPoolExecutor.java:642)
	at java.base/java.lang.Thread.run(Thread.java:1583)
2025-07-28 19:43:47 [TestNG-tests-2] INFO  stepDefinitions.Hooks - Browser is close
2025-07-28 19:43:48 [TestNG-tests-1] INFO  stepDefinitions.Hooks - Browser is close
2025-07-28 19:43:52 [TestNG-tests-3] INFO  stepDefinitions.Hooks - Browser is openchrome
2025-07-28 19:43:53 [TestNG-tests-2] INFO  stepDefinitions.Hooks - Browser is openchrome
2025-07-28 19:43:53 [TestNG-tests-1] INFO  stepDefinitions.Hooks - Browser is openchrome
2025-07-28 19:43:53 [TestNG-tests-3] INFO  stepDefinitions.CategorySteps - User is on homepage
2025-07-28 19:43:53 [TestNG-tests-3] INFO  stepDefinitions.CategorySteps - User has entered the credentials
2025-07-28 19:43:53 [TestNG-tests-3] INFO  stepDefinitions.CategorySteps - User clicked on sign in
2025-07-28 19:43:54 [TestNG-tests-2] INFO  stepDefinitions.CategorySteps - User is on homepage
2025-07-28 19:43:54 [TestNG-tests-2] INFO  stepDefinitions.CategorySteps - User has entered the credentials
2025-07-28 19:43:54 [TestNG-tests-2] INFO  stepDefinitions.CategorySteps - User clicked on sign in
2025-07-28 19:43:54 [TestNG-tests-1] INFO  stepDefinitions.CategorySteps - User is on homepage
2025-07-28 19:43:54 [TestNG-tests-1] INFO  stepDefinitions.CategorySteps - User has entered the credentials
2025-07-28 19:43:55 [TestNG-tests-1] INFO  stepDefinitions.CategorySteps - User clicked on sign in
2025-07-28 19:43:56 [TestNG-tests-3] INFO  stepDefinitions.CategorySteps - User navigates to Dresses category
2025-07-28 19:43:56 [TestNG-tests-3] INFO  stepDefinitions.Hooks - Browser is close
2025-07-28 19:43:56 [TestNG-tests-2] INFO  stepDefinitions.CategorySteps - User navigates to Dresses category
2025-07-28 19:43:57 [TestNG-tests-2] INFO  stepDefinitions.Hooks - Browser is close
2025-07-28 19:43:57 [TestNG-tests-1] INFO  stepDefinitions.CategorySteps - User navigates to Dresses category
2025-07-28 19:43:57 [TestNG-tests-1] INFO  stepDefinitions.Hooks - Browser is close
2025-07-28 19:44:01 [TestNG-tests-3] INFO  stepDefinitions.Hooks - Browser is openchrome
2025-07-28 19:44:02 [TestNG-tests-2] INFO  stepDefinitions.Hooks - Browser is openchrome
2025-07-28 19:44:03 [TestNG-tests-3] INFO  stepDefinitions.CategorySteps - User is on homepage
2025-07-28 19:44:03 [TestNG-tests-2] INFO  stepDefinitions.CategorySteps - User is on homepage
2025-07-28 19:44:03 [TestNG-tests-1] INFO  stepDefinitions.Hooks - Browser is openchrome
2025-07-28 19:44:03 [TestNG-tests-2] INFO  stepDefinitions.CategorySteps - User has entered the credentials
2025-07-28 19:44:03 [TestNG-tests-3] INFO  stepDefinitions.CategorySteps - User has entered the credentials
2025-07-28 19:44:04 [TestNG-tests-3] INFO  stepDefinitions.CategorySteps - User clicked on sign in
2025-07-28 19:44:04 [TestNG-tests-1] INFO  stepDefinitions.CategorySteps - User is on homepage
2025-07-28 19:44:04 [TestNG-tests-2] INFO  stepDefinitions.CategorySteps - User clicked on sign in
2025-07-28 19:44:04 [TestNG-tests-1] INFO  stepDefinitions.CategorySteps - User has entered the credentials
2025-07-28 19:44:05 [TestNG-tests-1] INFO  stepDefinitions.CategorySteps - User clicked on sign in
2025-07-28 19:44:06 [TestNG-tests-2] INFO  stepDefinitions.CategorySteps - Clicked on women category
2025-07-28 19:44:06 [TestNG-tests-3] INFO  stepDefinitions.CategorySteps - Clicked on women category
2025-07-28 19:44:07 [TestNG-tests-1] INFO  stepDefinitions.CategorySteps - Clicked on women category
2025-07-28 19:44:26 [TestNG-tests-2] INFO  stepDefinitions.CategorySteps - Size S is selected
2025-07-28 19:44:26 [TestNG-tests-3] INFO  stepDefinitions.CategorySteps - Size S is selected
2025-07-28 19:44:28 [TestNG-tests-1] INFO  stepDefinitions.CategorySteps - Size S is selected
2025-07-28 19:44:46 [TestNG-tests-2] INFO  stepDefinitions.CategorySteps - Color Yellow is selected
2025-07-28 19:44:46 [TestNG-tests-3] INFO  stepDefinitions.CategorySteps - Color Yellow is selected
2025-07-28 19:44:48 [TestNG-tests-1] INFO  stepDefinitions.CategorySteps - Color Yellow is selected
2025-07-28 19:45:27 [TestNG-tests-3] ERROR stepDefinitions.CategorySteps - Assertion failed 
2025-07-28 19:45:27 [TestNG-tests-2] ERROR stepDefinitions.CategorySteps - Assertion failed 
2025-07-28 19:45:27 [TestNG-tests-3] INFO  stepDefinitions.Hooks - Browser is close
2025-07-28 19:45:27 [TestNG-tests-2] INFO  stepDefinitions.Hooks - Browser is close
2025-07-28 19:45:43 [TestNG-tests-2] INFO  stepDefinitions.Hooks - Browser is openchrome
2025-07-28 19:45:43 [TestNG-tests-3] INFO  stepDefinitions.Hooks - Browser is openchrome
2025-07-28 19:45:43 [TestNG-tests-1] INFO  stepDefinitions.Hooks - Browser is openchrome
2025-07-28 19:45:45 [TestNG-tests-1] INFO  stepDefinitions.CategorySteps - User is on homepage
2025-07-28 19:45:45 [TestNG-tests-1] INFO  stepDefinitions.CategorySteps - User has entered the credentials
2025-07-28 19:45:45 [TestNG-tests-3] INFO  stepDefinitions.CategorySteps - User is on homepage
2025-07-28 19:45:45 [TestNG-tests-2] INFO  stepDefinitions.CategorySteps - User is on homepage
2025-07-28 19:45:45 [TestNG-tests-3] INFO  stepDefinitions.CategorySteps - User has entered the credentials
2025-07-28 19:45:45 [TestNG-tests-2] INFO  stepDefinitions.CategorySteps - User has entered the credentials
2025-07-28 19:45:45 [TestNG-tests-2] INFO  stepDefinitions.CategorySteps - User clicked on sign in
2025-07-28 19:45:46 [TestNG-tests-3] INFO  stepDefinitions.CategorySteps - User clicked on sign in
2025-07-28 19:45:46 [TestNG-tests-1] INFO  stepDefinitions.CategorySteps - User clicked on sign in
2025-07-28 19:45:48 [TestNG-tests-1] INFO  stepDefinitions.CategorySteps - Clicked on women category
2025-07-28 19:45:48 [TestNG-tests-1] INFO  stepDefinitions.Hooks - Browser is close
2025-07-28 19:45:49 [TestNG-tests-3] INFO  stepDefinitions.CategorySteps - Clicked on women category
2025-07-28 19:45:49 [TestNG-tests-2] INFO  stepDefinitions.CategorySteps - Clicked on women category
2025-07-28 19:45:49 [TestNG-tests-3] INFO  stepDefinitions.Hooks - Browser is close
2025-07-28 19:45:49 [TestNG-tests-2] INFO  stepDefinitions.Hooks - Browser is close
2025-07-28 19:45:54 [TestNG-tests-1] INFO  stepDefinitions.Hooks - Browser is openchrome
2025-07-28 19:45:55 [TestNG-tests-2] INFO  stepDefinitions.Hooks - Browser is openedge
2025-07-28 19:45:55 [TestNG-tests-1] INFO  stepDefinitions.CategorySteps - User is on homepage
2025-07-28 19:45:55 [TestNG-tests-1] INFO  stepDefinitions.CategorySteps - User has entered the credentials
2025-07-28 19:45:56 [TestNG-tests-2] INFO  stepDefinitions.CategorySteps - User is on homepage
2025-07-28 19:45:56 [TestNG-tests-2] INFO  stepDefinitions.CategorySteps - User has entered the credentials
2025-07-28 19:45:57 [TestNG-tests-1] INFO  stepDefinitions.CategorySteps - User clicked on sign in
2025-07-28 19:45:57 [TestNG-tests-1] INFO  stepDefinitions.CategorySteps - User hover on Women Category
2025-07-28 19:45:57 [TestNG-tests-2] INFO  stepDefinitions.CategorySteps - User clicked on sign in
2025-07-28 19:45:57 [TestNG-tests-2] INFO  stepDefinitions.CategorySteps - User hover on Women Category
2025-07-28 19:45:58 [TestNG-tests-1] INFO  stepDefinitions.CategorySteps - User cliks on Tops sub category
2025-07-28 19:45:59 [TestNG-tests-1] INFO  stepDefinitions.Hooks - Browser is close
2025-07-28 19:45:59 [TestNG-tests-2] INFO  stepDefinitions.CategorySteps - User cliks on Tops sub category
2025-07-28 19:45:59 [TestNG-tests-3] INFO  stepDefinitions.Hooks - Browser is openfirefox
2025-07-28 19:46:00 [TestNG-tests-3] INFO  stepDefinitions.CategorySteps - User is on homepage
2025-07-28 19:46:00 [TestNG-tests-3] INFO  stepDefinitions.CategorySteps - User has entered the credentials
2025-07-28 19:46:01 [TestNG-tests-2] INFO  stepDefinitions.Hooks - Browser is close
2025-07-28 19:46:01 [TestNG-tests-3] INFO  stepDefinitions.CategorySteps - User clicked on sign in
2025-07-28 19:46:01 [TestNG-tests-3] INFO  stepDefinitions.CategorySteps - User hover on Women Category
2025-07-28 19:46:03 [TestNG-tests-3] INFO  stepDefinitions.Hooks - Browser is close
2025-07-28 19:46:04 [TestNG-tests-1] INFO  stepDefinitions.Hooks - Browser is openchrome
2025-07-28 19:46:06 [TestNG-tests-1] INFO  stepDefinitions.CategorySteps - User is on homepage
2025-07-28 19:46:06 [TestNG-tests-1] INFO  stepDefinitions.CategorySteps - User has entered the credentials
2025-07-28 19:46:06 [TestNG-tests-1] INFO  stepDefinitions.CategorySteps - User clicked on sign in
2025-07-28 19:46:07 [TestNG-tests-2] INFO  stepDefinitions.Hooks - Browser is openedge
2025-07-28 19:46:08 [TestNG-tests-1] INFO  stepDefinitions.CategorySteps - User navigates to Dresses category
2025-07-28 19:46:08 [TestNG-tests-1] INFO  stepDefinitions.Hooks - Browser is close
2025-07-28 19:46:09 [TestNG-tests-2] INFO  stepDefinitions.CategorySteps - User is on homepage
2025-07-28 19:46:09 [TestNG-tests-2] INFO  stepDefinitions.CategorySteps - User has entered the credentials
2025-07-28 19:46:09 [TestNG-tests-2] INFO  stepDefinitions.CategorySteps - User clicked on sign in
2025-07-28 19:46:12 [TestNG-tests-2] INFO  stepDefinitions.CategorySteps - User navigates to Dresses category
2025-07-28 19:46:12 [TestNG-tests-3] INFO  stepDefinitions.Hooks - Browser is openfirefox
2025-07-28 19:46:13 [TestNG-tests-1] INFO  stepDefinitions.Hooks - Browser is openchrome
2025-07-28 19:46:13 [TestNG-tests-2] INFO  stepDefinitions.Hooks - Browser is close
2025-07-28 19:46:13 [TestNG-tests-3] INFO  stepDefinitions.CategorySteps - User is on homepage
2025-07-28 19:46:14 [TestNG-tests-3] INFO  stepDefinitions.CategorySteps - User has entered the credentials
2025-07-28 19:46:15 [TestNG-tests-1] INFO  stepDefinitions.CategorySteps - User is on homepage
2025-07-28 19:46:15 [TestNG-tests-3] INFO  stepDefinitions.CategorySteps - User clicked on sign in
2025-07-28 19:46:15 [TestNG-tests-1] INFO  stepDefinitions.CategorySteps - User has entered the credentials
2025-07-28 19:46:16 [TestNG-tests-1] INFO  stepDefinitions.CategorySteps - User clicked on sign in
2025-07-28 19:46:16 [TestNG-tests-3] INFO  stepDefinitions.CategorySteps - User navigates to Dresses category
2025-07-28 19:46:17 [TestNG-tests-3] INFO  stepDefinitions.Hooks - Browser is close
2025-07-28 19:46:18 [TestNG-tests-1] INFO  stepDefinitions.CategorySteps - Clicked on women category
2025-07-28 19:46:19 [TestNG-tests-2] INFO  stepDefinitions.Hooks - Browser is openedge
2025-07-28 19:46:20 [TestNG-tests-2] INFO  stepDefinitions.CategorySteps - User is on homepage
2025-07-28 19:46:20 [TestNG-tests-2] INFO  stepDefinitions.CategorySteps - User has entered the credentials
2025-07-28 19:46:21 [TestNG-tests-2] INFO  stepDefinitions.CategorySteps - User clicked on sign in
2025-07-28 19:46:22 [TestNG-tests-2] INFO  stepDefinitions.CategorySteps - Clicked on women category
2025-07-28 19:46:24 [TestNG-tests-2] INFO  stepDefinitions.CategorySteps - Size S is selected
2025-07-28 19:46:27 [TestNG-tests-3] INFO  stepDefinitions.Hooks - Browser is openfirefox
2025-07-28 19:46:28 [TestNG-tests-2] INFO  stepDefinitions.CategorySteps - Color Yellow is selected
2025-07-28 19:46:28 [TestNG-tests-3] INFO  stepDefinitions.CategorySteps - User is on homepage
2025-07-28 19:46:29 [TestNG-tests-3] INFO  stepDefinitions.CategorySteps - User has entered the credentials
2025-07-28 19:46:30 [TestNG-tests-3] INFO  stepDefinitions.CategorySteps - User clicked on sign in
2025-07-28 19:46:32 [TestNG-tests-3] INFO  stepDefinitions.CategorySteps - Clicked on women category
2025-07-28 19:46:33 [TestNG-tests-3] INFO  stepDefinitions.CategorySteps - Size S is selected
2025-07-28 19:46:33 [TestNG-tests-2] INFO  stepDefinitions.Hooks - Browser is close
2025-07-28 19:46:36 [TestNG-tests-3] INFO  stepDefinitions.CategorySteps - Color Yellow is selected
2025-07-28 19:46:38 [TestNG-tests-1] INFO  stepDefinitions.CategorySteps - Size S is selected
2025-07-28 19:46:39 [TestNG-tests-2] INFO  stepDefinitions.Hooks - Browser is openedge
2025-07-28 19:46:40 [TestNG-tests-2] INFO  stepDefinitions.CategorySteps - User is on homepage
2025-07-28 19:46:40 [TestNG-tests-2] INFO  stepDefinitions.CategorySteps - User has entered the credentials
2025-07-28 19:46:41 [TestNG-tests-3] INFO  stepDefinitions.Hooks - Browser is close
2025-07-28 19:46:41 [TestNG-tests-2] INFO  stepDefinitions.CategorySteps - User clicked on sign in
2025-07-28 19:46:43 [TestNG-tests-2] INFO  stepDefinitions.CategorySteps - Clicked on women category
2025-07-28 19:46:43 [TestNG-tests-2] INFO  stepDefinitions.CategorySteps - User clicks on list view
2025-07-28 19:46:45 [TestNG-tests-2] INFO  stepDefinitions.Hooks - Browser is close
2025-07-28 19:46:50 [TestNG-tests-2] INFO  stepDefinitions.Hooks - Browser is openedge
2025-07-28 19:46:50 [TestNG-tests-2] INFO  stepDefinitions.LoginSteps - User is in login page
2025-07-28 19:46:50 [TestNG-tests-3] INFO  stepDefinitions.Hooks - Browser is openfirefox
2025-07-28 19:46:51 [TestNG-tests-2] INFO  stepDefinitions.LoginSteps - User has clicked on sign in button
2025-07-28 19:46:51 [TestNG-tests-2] INFO  stepDefinitions.LoginSteps - User has entered the credentials
2025-07-28 19:46:52 [TestNG-tests-3] INFO  stepDefinitions.CategorySteps - User is on homepage
2025-07-28 19:46:52 [TestNG-tests-3] INFO  stepDefinitions.CategorySteps - User has entered the credentials
2025-07-28 19:46:52 [TestNG-tests-2] INFO  stepDefinitions.LoginSteps - User has clicked on sign in button
2025-07-28 19:46:52 [TestNG-tests-2] INFO  stepDefinitions.LoginSteps - User is able to login successfully. MyAccount logo is visible.
2025-07-28 19:46:53 [TestNG-tests-3] INFO  stepDefinitions.CategorySteps - User clicked on sign in
2025-07-28 19:46:53 [TestNG-tests-2] INFO  stepDefinitions.Hooks - Browser is close
2025-07-28 19:46:54 [TestNG-tests-3] INFO  stepDefinitions.CategorySteps - Clicked on women category
2025-07-28 19:46:55 [TestNG-tests-3] INFO  stepDefinitions.CategorySteps - User clicks on list view
2025-07-28 19:46:56 [TestNG-tests-3] INFO  stepDefinitions.Hooks - Browser is close
2025-07-28 19:46:59 [TestNG-tests-1] INFO  stepDefinitions.CategorySteps - Color Yellow is selected
2025-07-28 19:47:05 [TestNG-tests-3] INFO  stepDefinitions.Hooks - Browser is openfirefox
2025-07-28 19:47:05 [TestNG-tests-3] INFO  stepDefinitions.LoginSteps - User is in login page
2025-07-28 19:47:06 [TestNG-tests-3] INFO  stepDefinitions.LoginSteps - User has clicked on sign in button
2025-07-28 19:47:06 [TestNG-tests-3] INFO  stepDefinitions.LoginSteps - User has entered the credentials
2025-07-28 19:47:07 [TestNG-tests-3] INFO  stepDefinitions.LoginSteps - User has clicked on sign in button
2025-07-28 19:47:08 [TestNG-tests-3] INFO  stepDefinitions.LoginSteps - User is able to login successfully. MyAccount logo is visible.
2025-07-28 19:47:08 [TestNG-tests-3] INFO  stepDefinitions.Hooks - Browser is close
2025-07-28 19:47:39 [TestNG-tests-1] ERROR stepDefinitions.CategorySteps - Assertion failed 
2025-07-28 19:47:39 [TestNG-tests-1] INFO  stepDefinitions.Hooks - Browser is close
2025-07-28 19:47:46 [TestNG-tests-1] INFO  stepDefinitions.Hooks - Browser is openchrome
2025-07-28 19:47:47 [TestNG-tests-1] INFO  stepDefinitions.CategorySteps - User is on homepage
2025-07-28 19:47:47 [TestNG-tests-1] INFO  stepDefinitions.CategorySteps - User has entered the credentials
2025-07-28 19:47:49 [TestNG-tests-1] INFO  stepDefinitions.CategorySteps - User clicked on sign in
2025-07-28 19:47:51 [TestNG-tests-1] INFO  stepDefinitions.CategorySteps - Clicked on women category
2025-07-28 19:48:11 [TestNG-tests-1] INFO  stepDefinitions.Hooks - Browser is close
2025-07-28 19:48:17 [TestNG-tests-1] INFO  stepDefinitions.Hooks - Browser is openchrome
2025-07-28 19:48:17 [TestNG-tests-1] INFO  stepDefinitions.LoginSteps - User is in login page
2025-07-28 19:48:18 [TestNG-tests-1] INFO  stepDefinitions.LoginSteps - User has clicked on sign in button
2025-07-28 19:48:18 [TestNG-tests-1] INFO  stepDefinitions.LoginSteps - User has entered the credentials
2025-07-28 19:48:18 [TestNG-tests-1] INFO  stepDefinitions.LoginSteps - User has clicked on sign in button
2025-07-28 19:48:20 [TestNG-tests-1] ERROR stepDefinitions.LoginSteps - Exception occurred while verifying login: stale element reference: stale element not found
  (Session info: chrome=138.0.7204.169)
For documentation on this error, please visit: https://www.selenium.dev/documentation/webdriver/troubleshooting/errors#stale-element-reference-exception
Build info: version: '4.33.0', revision: '2c6aaad03a'
System info: os.name: 'Windows 10', os.arch: 'amd64', os.version: '10.0', java.version: '21.0.7'
Driver info: org.openqa.selenium.chrome.ChromeDriver
Command: [1fbba9837e19873b3adfca510fd73f3c, isElementDisplayed {id=f.AA610C64DA7E5659DAC588C5867F66D3.d.6EBE3B786B4D372CC392F1BF1290FAFF.e.81}]
Capabilities {acceptInsecureCerts: false, browserName: chrome, browserVersion: 138.0.7204.169, chrome: {chromedriverVersion: 138.0.7204.168 (3e8d82e86e9..., userDataDir: C:\Users\pc\AppData\Local\T...}, fedcm:accounts: true, goog:chromeOptions: {debuggerAddress: localhost:49518}, networkConnectionEnabled: false, pageLoadStrategy: normal, platformName: windows, proxy: Proxy(), se:cdp: ws://localhost:49518/devtoo..., se:cdpVersion: 138.0.7204.169, setWindowRect: true, strictFileInteractability: false, timeouts: {implicit: 0, pageLoad: 300000, script: 30000}, unhandledPromptBehavior: dismiss and notify, webauthn:extension:credBlob: true, webauthn:extension:largeBlob: true, webauthn:extension:minPinLength: true, webauthn:extension:prf: true, webauthn:virtualAuthenticators: true}
Element: [[ChromeDriver: chrome on windows (1fbba9837e19873b3adfca510fd73f3c)] -> xpath: //img[@alt='My Shop']]
Session ID: 1fbba9837e19873b3adfca510fd73f3c
2025-07-28 19:48:20 [TestNG-tests-1] DEBUG stepDefinitions.LoginSteps - Stack trace: 
org.openqa.selenium.StaleElementReferenceException: stale element reference: stale element not found
  (Session info: chrome=138.0.7204.169)
For documentation on this error, please visit: https://www.selenium.dev/documentation/webdriver/troubleshooting/errors#stale-element-reference-exception
Build info: version: '4.33.0', revision: '2c6aaad03a'
System info: os.name: 'Windows 10', os.arch: 'amd64', os.version: '10.0', java.version: '21.0.7'
Driver info: org.openqa.selenium.chrome.ChromeDriver
Command: [1fbba9837e19873b3adfca510fd73f3c, isElementDisplayed {id=f.AA610C64DA7E5659DAC588C5867F66D3.d.6EBE3B786B4D372CC392F1BF1290FAFF.e.81}]
Capabilities {acceptInsecureCerts: false, browserName: chrome, browserVersion: 138.0.7204.169, chrome: {chromedriverVersion: 138.0.7204.168 (3e8d82e86e9..., userDataDir: C:\Users\pc\AppData\Local\T...}, fedcm:accounts: true, goog:chromeOptions: {debuggerAddress: localhost:49518}, networkConnectionEnabled: false, pageLoadStrategy: normal, platformName: windows, proxy: Proxy(), se:cdp: ws://localhost:49518/devtoo..., se:cdpVersion: 138.0.7204.169, setWindowRect: true, strictFileInteractability: false, timeouts: {implicit: 0, pageLoad: 300000, script: 30000}, unhandledPromptBehavior: dismiss and notify, webauthn:extension:credBlob: true, webauthn:extension:largeBlob: true, webauthn:extension:minPinLength: true, webauthn:extension:prf: true, webauthn:virtualAuthenticators: true}
Element: [[ChromeDriver: chrome on windows (1fbba9837e19873b3adfca510fd73f3c)] -> xpath: //img[@alt='My Shop']]
Session ID: 1fbba9837e19873b3adfca510fd73f3c
	at java.base/jdk.internal.reflect.DirectConstructorHandleAccessor.newInstance(DirectConstructorHandleAccessor.java:62)
	at java.base/java.lang.reflect.Constructor.newInstanceWithCaller(Constructor.java:502)
	at java.base/java.lang.reflect.Constructor.newInstance(Constructor.java:486)
	at org.openqa.selenium.remote.ErrorCodec.decode(ErrorCodec.java:167)
	at org.openqa.selenium.remote.codec.w3c.W3CHttpResponseCodec.decode(W3CHttpResponseCodec.java:138)
	at org.openqa.selenium.remote.codec.w3c.W3CHttpResponseCodec.decode(W3CHttpResponseCodec.java:50)
	at org.openqa.selenium.remote.HttpCommandExecutor.execute(HttpCommandExecutor.java:215)
	at org.openqa.selenium.remote.service.DriverCommandExecutor.invokeExecute(DriverCommandExecutor.java:216)
	at org.openqa.selenium.remote.service.DriverCommandExecutor.execute(DriverCommandExecutor.java:174)
	at org.openqa.selenium.remote.RemoteWebDriver.execute(RemoteWebDriver.java:544)
	at org.openqa.selenium.remote.RemoteWebElement.execute(RemoteWebElement.java:223)
	at org.openqa.selenium.remote.RemoteWebElement.isDisplayed(RemoteWebElement.java:282)
	at java.base/jdk.internal.reflect.DirectMethodHandleAccessor.invoke(DirectMethodHandleAccessor.java:103)
	at java.base/java.lang.reflect.Method.invoke(Method.java:580)
	at org.openqa.selenium.support.pagefactory.internal.LocatingElementHandler.invoke(LocatingElementHandler.java:51)
	at jdk.proxy2/jdk.proxy2.$Proxy43.isDisplayed(Unknown Source)
	at pages.MyAccount.isLogoDisplayed(MyAccount.java:16)
	at stepDefinitions.LoginSteps.u_ser_is_able_to_login_successfully(LoginSteps.java:52)
	at java.base/jdk.internal.reflect.DirectMethodHandleAccessor.invoke(DirectMethodHandleAccessor.java:103)
	at java.base/java.lang.reflect.Method.invoke(Method.java:580)
	at io.cucumber.java.Invoker.doInvoke(Invoker.java:66)
	at io.cucumber.java.Invoker.invoke(Invoker.java:24)
	at io.cucumber.java.AbstractGlueDefinition.invokeMethod(AbstractGlueDefinition.java:47)
	at io.cucumber.java.JavaStepDefinition.execute(JavaStepDefinition.java:29)
	at io.cucumber.core.runner.CoreStepDefinition.execute(CoreStepDefinition.java:66)
	at io.cucumber.core.runner.PickleStepDefinitionMatch.runStep(PickleStepDefinitionMatch.java:62)
	at io.cucumber.core.runner.ExecutionMode$1.execute(ExecutionMode.java:10)
	at io.cucumber.core.runner.TestStep.executeStep(TestStep.java:81)
	at io.cucumber.core.runner.TestStep.run(TestStep.java:53)
	at io.cucumber.core.runner.PickleStepTestStep.run(PickleStepTestStep.java:51)
	at io.cucumber.core.runner.TestCase.run(TestCase.java:86)
	at io.cucumber.core.runner.Runner.runPickle(Runner.java:77)
	at io.cucumber.testng.TestNGCucumberRunner.lambda$runScenario$1(TestNGCucumberRunner.java:135)
	at io.cucumber.core.runtime.CucumberExecutionContext.lambda$runTestCase$5(CucumberExecutionContext.java:136)
	at io.cucumber.core.runtime.RethrowingThrowableCollector.executeAndThrow(RethrowingThrowableCollector.java:23)
	at io.cucumber.core.runtime.CucumberExecutionContext.runTestCase(CucumberExecutionContext.java:136)
	at io.cucumber.testng.TestNGCucumberRunner.runScenario(TestNGCucumberRunner.java:132)
	at io.cucumber.testng.AbstractTestNGCucumberTests.runScenario(AbstractTestNGCucumberTests.java:35)
	at java.base/jdk.internal.reflect.DirectMethodHandleAccessor.invoke(DirectMethodHandleAccessor.java:103)
	at java.base/java.lang.reflect.Method.invoke(Method.java:580)
	at org.testng.internal.invokers.MethodInvocationHelper.invokeMethod(MethodInvocationHelper.java:141)
	at org.testng.internal.invokers.TestInvoker.invokeMethod(TestInvoker.java:687)
	at org.testng.internal.invokers.TestInvoker.invokeTestMethod(TestInvoker.java:230)
	at org.testng.internal.invokers.MethodRunner.runInSequence(MethodRunner.java:63)
	at org.testng.internal.invokers.TestInvoker$MethodInvocationAgent.invoke(TestInvoker.java:995)
	at org.testng.internal.invokers.TestInvoker.invokeTestMethods(TestInvoker.java:203)
	at org.testng.internal.invokers.TestMethodWorker.invokeTestMethods(TestMethodWorker.java:154)
	at org.testng.internal.invokers.TestMethodWorker.run(TestMethodWorker.java:134)
	at java.base/java.util.ArrayList.forEach(ArrayList.java:1596)
	at org.testng.TestRunner.privateRun(TestRunner.java:741)
	at org.testng.TestRunner.run(TestRunner.java:616)
	at org.testng.SuiteRunner.runTest(SuiteRunner.java:421)
	at org.testng.SuiteRunner$SuiteWorker.run(SuiteRunner.java:463)
	at org.testng.internal.thread.ThreadUtil.lambda$execute$0(ThreadUtil.java:64)
	at java.base/java.util.concurrent.FutureTask.run(FutureTask.java:317)
	at java.base/java.util.concurrent.ThreadPoolExecutor.runWorker(ThreadPoolExecutor.java:1144)
	at java.base/java.util.concurrent.ThreadPoolExecutor$Worker.run(ThreadPoolExecutor.java:642)
	at java.base/java.lang.Thread.run(Thread.java:1583)
2025-07-28 19:48:20 [TestNG-tests-1] INFO  stepDefinitions.Hooks - Browser is close
2025-07-28 19:53:59 [main] INFO  stepDefinitions.Hooks - Browser is openchrome
2025-07-28 19:54:00 [main] INFO  stepDefinitions.CategorySteps - User is on homepage
2025-07-28 19:54:01 [main] INFO  stepDefinitions.CategorySteps - User has entered the credentials
2025-07-28 19:54:02 [main] INFO  stepDefinitions.CategorySteps - User clicked on sign in
2025-07-28 19:54:03 [main] INFO  stepDefinitions.CategorySteps - Clicked on women category
2025-07-28 19:54:04 [main] INFO  stepDefinitions.Hooks - Browser is close
2025-07-28 19:54:09 [main] INFO  stepDefinitions.Hooks - Browser is openchrome
2025-07-28 19:54:10 [main] INFO  stepDefinitions.CategorySteps - User is on homepage
2025-07-28 19:54:10 [main] INFO  stepDefinitions.CategorySteps - User has entered the credentials
2025-07-28 19:54:10 [main] INFO  stepDefinitions.CategorySteps - User clicked on sign in
2025-07-28 19:54:12 [main] INFO  stepDefinitions.CategorySteps - User hover on Women Category
2025-07-28 19:54:13 [main] INFO  stepDefinitions.CategorySteps - User cliks on Tops sub category
2025-07-28 19:54:13 [main] INFO  stepDefinitions.Hooks - Browser is close
2025-07-28 19:54:18 [main] INFO  stepDefinitions.Hooks - Browser is openchrome
2025-07-28 19:54:19 [main] INFO  stepDefinitions.CategorySteps - User is on homepage
2025-07-28 19:54:19 [main] INFO  stepDefinitions.CategorySteps - User has entered the credentials
2025-07-28 19:54:20 [main] INFO  stepDefinitions.CategorySteps - User clicked on sign in
2025-07-28 19:54:21 [main] INFO  stepDefinitions.CategorySteps - User navigates to Dresses category
2025-07-28 19:54:22 [main] INFO  stepDefinitions.Hooks - Browser is close
2025-07-28 19:54:27 [main] INFO  stepDefinitions.Hooks - Browser is openchrome
2025-07-28 19:54:28 [main] INFO  stepDefinitions.CategorySteps - User is on homepage
2025-07-28 19:54:28 [main] INFO  stepDefinitions.CategorySteps - User has entered the credentials
2025-07-28 19:54:29 [main] INFO  stepDefinitions.CategorySteps - User clicked on sign in
2025-07-28 19:54:31 [main] INFO  stepDefinitions.CategorySteps - Clicked on women category
2025-07-28 19:54:51 [main] INFO  stepDefinitions.CategorySteps - Size S is selected
2025-07-28 19:55:11 [main] INFO  stepDefinitions.CategorySteps - Color Yellow is selected
2025-07-28 19:55:52 [main] ERROR stepDefinitions.CategorySteps - Assertion failed 
2025-07-28 19:55:52 [main] INFO  stepDefinitions.Hooks - Browser is close
2025-07-28 19:55:56 [main] INFO  stepDefinitions.Hooks - Browser is openchrome
2025-07-28 19:55:57 [main] INFO  stepDefinitions.CategorySteps - User is on homepage
2025-07-28 19:55:57 [main] INFO  stepDefinitions.CategorySteps - User has entered the credentials
2025-07-28 19:55:57 [main] INFO  stepDefinitions.CategorySteps - User clicked on sign in
2025-07-28 19:56:00 [main] INFO  stepDefinitions.CategorySteps - Clicked on women category
2025-07-28 19:56:20 [main] INFO  stepDefinitions.Hooks - Browser is close
2025-07-28 19:56:25 [main] INFO  stepDefinitions.Hooks - Browser is openchrome
2025-07-28 19:56:25 [main] INFO  stepDefinitions.LoginSteps - User is in login page
2025-07-28 19:56:26 [main] INFO  stepDefinitions.LoginSteps - User has clicked on sign in button
2025-07-28 19:56:26 [main] INFO  stepDefinitions.LoginSteps - User has entered the credentials
2025-07-28 19:56:26 [main] INFO  stepDefinitions.LoginSteps - User has clicked on sign in button
2025-07-28 19:56:27 [main] INFO  stepDefinitions.LoginSteps - User is able to login successfully. MyAccount logo is visible.
2025-07-28 19:56:28 [main] INFO  stepDefinitions.Hooks - Browser is close
2025-07-28 20:18:42 [main] INFO  stepDefinitions.Hooks - Browser is openchrome
2025-07-28 20:18:43 [main] INFO  stepDefinitions.CategorySteps - User is on homepage
2025-07-28 20:18:43 [main] INFO  stepDefinitions.CategorySteps - User has entered the credentials
2025-07-28 20:18:44 [main] INFO  stepDefinitions.CategorySteps - User clicked on sign in
2025-07-28 20:18:46 [main] INFO  stepDefinitions.CategorySteps - Clicked on women category
2025-07-28 20:18:46 [main] INFO  stepDefinitions.Hooks - Browser is close
2025-07-28 20:18:51 [main] INFO  stepDefinitions.Hooks - Browser is openchrome
2025-07-28 20:18:52 [main] INFO  stepDefinitions.CategorySteps - User is on homepage
2025-07-28 20:18:52 [main] INFO  stepDefinitions.CategorySteps - User has entered the credentials
2025-07-28 20:18:52 [main] INFO  stepDefinitions.CategorySteps - User clicked on sign in
2025-07-28 20:18:53 [main] INFO  stepDefinitions.CategorySteps - User hover on Women Category
2025-07-28 20:18:54 [main] INFO  stepDefinitions.CategorySteps - User cliks on Tops sub category
2025-07-28 20:18:55 [main] INFO  stepDefinitions.Hooks - Browser is close
2025-07-28 20:18:59 [main] INFO  stepDefinitions.Hooks - Browser is openchrome
2025-07-28 20:19:00 [main] INFO  stepDefinitions.CategorySteps - User is on homepage
2025-07-28 20:19:01 [main] INFO  stepDefinitions.CategorySteps - User has entered the credentials
2025-07-28 20:19:01 [main] INFO  stepDefinitions.CategorySteps - User clicked on sign in
2025-07-28 20:19:03 [main] INFO  stepDefinitions.CategorySteps - User navigates to Dresses category
2025-07-28 20:19:03 [main] INFO  stepDefinitions.Hooks - Browser is close
2025-07-28 20:19:08 [main] INFO  stepDefinitions.Hooks - Browser is openchrome
2025-07-28 20:19:09 [main] INFO  stepDefinitions.CategorySteps - User is on homepage
2025-07-28 20:19:09 [main] INFO  stepDefinitions.CategorySteps - User has entered the credentials
2025-07-28 20:19:10 [main] INFO  stepDefinitions.CategorySteps - User clicked on sign in
2025-07-28 20:19:11 [main] INFO  stepDefinitions.CategorySteps - Clicked on women category
2025-07-28 20:19:13 [main] INFO  stepDefinitions.CategorySteps - Size S is selected
2025-07-28 20:19:16 [main] INFO  stepDefinitions.CategorySteps - Color Yellow is selected
2025-07-28 20:19:20 [main] INFO  stepDefinitions.Hooks - Browser is close
2025-07-28 20:19:25 [main] INFO  stepDefinitions.Hooks - Browser is openchrome
2025-07-28 20:19:26 [main] INFO  stepDefinitions.CategorySteps - User is on homepage
2025-07-28 20:19:26 [main] INFO  stepDefinitions.CategorySteps - User has entered the credentials
2025-07-28 20:19:27 [main] INFO  stepDefinitions.CategorySteps - User clicked on sign in
2025-07-28 20:19:29 [main] INFO  stepDefinitions.CategorySteps - Clicked on women category
2025-07-28 20:19:29 [main] INFO  stepDefinitions.CategorySteps - User clicks on list view
2025-07-28 20:19:29 [main] INFO  stepDefinitions.Hooks - Browser is close
2025-07-28 20:19:34 [main] INFO  stepDefinitions.Hooks - Browser is openchrome
2025-07-28 20:19:34 [main] INFO  stepDefinitions.LoginSteps - User is in login page
2025-07-28 20:19:34 [main] INFO  stepDefinitions.LoginSteps - User has clicked on sign in button
2025-07-28 20:19:35 [main] INFO  stepDefinitions.LoginSteps - User has entered the credentials
2025-07-28 20:19:35 [main] INFO  stepDefinitions.LoginSteps - User has clicked on sign in button
2025-07-28 20:19:35 [main] INFO  stepDefinitions.LoginSteps - User is able to login successfully. MyAccount logo is visible.
2025-07-28 20:19:36 [main] INFO  stepDefinitions.Hooks - Browser is close
2025-07-28 20:20:25 [TestNG-tests-1] INFO  stepDefinitions.Hooks - Browser is openchrome
2025-07-28 20:20:26 [TestNG-tests-3] INFO  stepDefinitions.Hooks - Browser is openchrome
2025-07-28 20:20:26 [TestNG-tests-2] INFO  stepDefinitions.Hooks - Browser is openchrome
2025-07-28 20:20:26 [TestNG-tests-1] INFO  stepDefinitions.CategorySteps - User is on homepage
2025-07-28 20:20:27 [TestNG-tests-1] INFO  stepDefinitions.CategorySteps - User has entered the credentials
2025-07-28 20:20:27 [TestNG-tests-3] INFO  stepDefinitions.CategorySteps - User is on homepage
2025-07-28 20:20:27 [TestNG-tests-2] INFO  stepDefinitions.CategorySteps - User is on homepage
2025-07-28 20:20:27 [TestNG-tests-3] INFO  stepDefinitions.CategorySteps - User has entered the credentials
2025-07-28 20:20:27 [TestNG-tests-2] INFO  stepDefinitions.CategorySteps - User has entered the credentials
2025-07-28 20:20:28 [TestNG-tests-1] INFO  stepDefinitions.CategorySteps - User clicked on sign in
2025-07-28 20:20:28 [TestNG-tests-3] INFO  stepDefinitions.CategorySteps - User clicked on sign in
2025-07-28 20:20:28 [TestNG-tests-2] INFO  stepDefinitions.CategorySteps - User clicked on sign in
2025-07-28 20:20:29 [TestNG-tests-1] INFO  stepDefinitions.CategorySteps - Clicked on women category
2025-07-28 20:20:30 [TestNG-tests-1] INFO  stepDefinitions.Hooks - Browser is close
2025-07-28 20:20:30 [TestNG-tests-2] INFO  stepDefinitions.CategorySteps - Clicked on women category
2025-07-28 20:20:30 [TestNG-tests-3] INFO  stepDefinitions.CategorySteps - Clicked on women category
2025-07-28 20:20:31 [TestNG-tests-2] INFO  stepDefinitions.Hooks - Browser is close
2025-07-28 20:20:31 [TestNG-tests-3] INFO  stepDefinitions.Hooks - Browser is close
2025-07-28 20:20:35 [TestNG-tests-1] INFO  stepDefinitions.Hooks - Browser is openchrome
2025-07-28 20:20:36 [TestNG-tests-1] INFO  stepDefinitions.CategorySteps - User is on homepage
2025-07-28 20:20:36 [TestNG-tests-1] INFO  stepDefinitions.CategorySteps - User has entered the credentials
2025-07-28 20:20:36 [TestNG-tests-2] INFO  stepDefinitions.Hooks - Browser is openedge
2025-07-28 20:20:37 [TestNG-tests-1] INFO  stepDefinitions.CategorySteps - User clicked on sign in
2025-07-28 20:20:37 [TestNG-tests-1] INFO  stepDefinitions.CategorySteps - User hover on Women Category
2025-07-28 20:20:37 [TestNG-tests-2] INFO  stepDefinitions.CategorySteps - User is on homepage
2025-07-28 20:20:37 [TestNG-tests-2] INFO  stepDefinitions.CategorySteps - User has entered the credentials
2025-07-28 20:20:38 [TestNG-tests-2] INFO  stepDefinitions.CategorySteps - User clicked on sign in
2025-07-28 20:20:38 [TestNG-tests-1] INFO  stepDefinitions.CategorySteps - User cliks on Tops sub category
2025-07-28 20:20:39 [TestNG-tests-2] INFO  stepDefinitions.CategorySteps - User hover on Women Category
2025-07-28 20:20:39 [TestNG-tests-1] INFO  stepDefinitions.Hooks - Browser is close
2025-07-28 20:20:40 [TestNG-tests-2] INFO  stepDefinitions.CategorySteps - User cliks on Tops sub category
2025-07-28 20:20:42 [TestNG-tests-2] INFO  stepDefinitions.Hooks - Browser is close
2025-07-28 20:20:43 [TestNG-tests-3] INFO  stepDefinitions.Hooks - Browser is openfirefox
2025-07-28 20:20:44 [TestNG-tests-1] INFO  stepDefinitions.Hooks - Browser is openchrome
2025-07-28 20:20:44 [TestNG-tests-3] INFO  stepDefinitions.CategorySteps - User is on homepage
2025-07-28 20:20:44 [TestNG-tests-3] INFO  stepDefinitions.CategorySteps - User has entered the credentials
2025-07-28 20:20:45 [TestNG-tests-1] INFO  stepDefinitions.CategorySteps - User is on homepage
2025-07-28 20:20:45 [TestNG-tests-1] INFO  stepDefinitions.CategorySteps - User has entered the credentials
2025-07-28 20:20:45 [TestNG-tests-3] INFO  stepDefinitions.CategorySteps - User clicked on sign in
2025-07-28 20:20:45 [TestNG-tests-3] INFO  stepDefinitions.CategorySteps - User hover on Women Category
2025-07-28 20:20:46 [TestNG-tests-1] INFO  stepDefinitions.CategorySteps - User clicked on sign in
2025-07-28 20:20:46 [TestNG-tests-2] INFO  stepDefinitions.Hooks - Browser is openedge
2025-07-28 20:20:46 [TestNG-tests-3] INFO  stepDefinitions.Hooks - Browser is close
2025-07-28 20:20:47 [TestNG-tests-1] INFO  stepDefinitions.CategorySteps - User navigates to Dresses category
2025-07-28 20:20:47 [TestNG-tests-2] INFO  stepDefinitions.CategorySteps - User is on homepage
2025-07-28 20:20:48 [TestNG-tests-2] INFO  stepDefinitions.CategorySteps - User has entered the credentials
2025-07-28 20:20:48 [TestNG-tests-1] INFO  stepDefinitions.Hooks - Browser is close
2025-07-28 20:20:49 [TestNG-tests-2] INFO  stepDefinitions.CategorySteps - User clicked on sign in
2025-07-28 20:20:52 [TestNG-tests-2] INFO  stepDefinitions.CategorySteps - User navigates to Dresses category
2025-07-28 20:20:53 [TestNG-tests-2] INFO  stepDefinitions.Hooks - Browser is close
2025-07-28 20:20:54 [TestNG-tests-1] INFO  stepDefinitions.Hooks - Browser is openchrome
2025-07-28 20:20:55 [TestNG-tests-1] INFO  stepDefinitions.CategorySteps - User is on homepage
2025-07-28 20:20:55 [TestNG-tests-1] INFO  stepDefinitions.CategorySteps - User has entered the credentials
2025-07-28 20:20:57 [TestNG-tests-1] INFO  stepDefinitions.CategorySteps - User clicked on sign in
2025-07-28 20:20:57 [TestNG-tests-3] INFO  stepDefinitions.Hooks - Browser is openfirefox
2025-07-28 20:20:58 [TestNG-tests-3] INFO  stepDefinitions.CategorySteps - User is on homepage
2025-07-28 20:20:58 [TestNG-tests-1] INFO  stepDefinitions.CategorySteps - Clicked on women category
2025-07-28 20:20:59 [TestNG-tests-3] INFO  stepDefinitions.CategorySteps - User has entered the credentials
2025-07-28 20:20:59 [TestNG-tests-2] INFO  stepDefinitions.Hooks - Browser is openedge
2025-07-28 20:21:00 [TestNG-tests-3] INFO  stepDefinitions.CategorySteps - User clicked on sign in
2025-07-28 20:21:00 [TestNG-tests-2] INFO  stepDefinitions.CategorySteps - User is on homepage
2025-07-28 20:21:00 [TestNG-tests-1] INFO  stepDefinitions.CategorySteps - Size S is selected
2025-07-28 20:21:00 [TestNG-tests-2] INFO  stepDefinitions.CategorySteps - User has entered the credentials
2025-07-28 20:21:01 [TestNG-tests-3] INFO  stepDefinitions.CategorySteps - User navigates to Dresses category
2025-07-28 20:21:01 [TestNG-tests-2] INFO  stepDefinitions.CategorySteps - User clicked on sign in
2025-07-28 20:21:02 [TestNG-tests-3] INFO  stepDefinitions.Hooks - Browser is close
2025-07-28 20:21:03 [TestNG-tests-2] INFO  stepDefinitions.CategorySteps - Clicked on women category
2025-07-28 20:21:03 [TestNG-tests-1] INFO  stepDefinitions.CategorySteps - Color Yellow is selected
2025-07-28 20:21:04 [TestNG-tests-2] INFO  stepDefinitions.CategorySteps - Size S is selected
2025-07-28 20:21:08 [TestNG-tests-1] INFO  stepDefinitions.Hooks - Browser is close
2025-07-28 20:21:09 [TestNG-tests-2] INFO  stepDefinitions.CategorySteps - Color Yellow is selected
2025-07-28 20:21:12 [TestNG-tests-3] INFO  stepDefinitions.Hooks - Browser is openfirefox
2025-07-28 20:21:13 [TestNG-tests-1] INFO  stepDefinitions.Hooks - Browser is openchrome
2025-07-28 20:21:13 [TestNG-tests-3] INFO  stepDefinitions.CategorySteps - User is on homepage
2025-07-28 20:21:13 [TestNG-tests-3] INFO  stepDefinitions.CategorySteps - User has entered the credentials
2025-07-28 20:21:14 [TestNG-tests-1] INFO  stepDefinitions.CategorySteps - User is on homepage
2025-07-28 20:21:14 [TestNG-tests-1] INFO  stepDefinitions.CategorySteps - User has entered the credentials
2025-07-28 20:21:14 [TestNG-tests-3] INFO  stepDefinitions.CategorySteps - User clicked on sign in
2025-07-28 20:21:15 [TestNG-tests-2] INFO  stepDefinitions.Hooks - Browser is close
2025-07-28 20:21:16 [TestNG-tests-1] INFO  stepDefinitions.CategorySteps - User clicked on sign in
2025-07-28 20:21:16 [TestNG-tests-3] INFO  stepDefinitions.CategorySteps - Clicked on women category
2025-07-28 20:21:18 [TestNG-tests-3] INFO  stepDefinitions.CategorySteps - Size S is selected
2025-07-28 20:21:18 [TestNG-tests-1] INFO  stepDefinitions.CategorySteps - Clicked on women category
2025-07-28 20:21:18 [TestNG-tests-1] INFO  stepDefinitions.CategorySteps - User clicks on list view
2025-07-28 20:21:19 [TestNG-tests-1] INFO  stepDefinitions.Hooks - Browser is close
2025-07-28 20:21:21 [TestNG-tests-2] INFO  stepDefinitions.Hooks - Browser is openedge
2025-07-28 20:21:21 [TestNG-tests-3] INFO  stepDefinitions.CategorySteps - Color Yellow is selected
2025-07-28 20:21:23 [TestNG-tests-2] INFO  stepDefinitions.CategorySteps - User is on homepage
2025-07-28 20:21:23 [TestNG-tests-2] INFO  stepDefinitions.CategorySteps - User has entered the credentials
2025-07-28 20:21:24 [TestNG-tests-2] INFO  stepDefinitions.CategorySteps - User clicked on sign in
2025-07-28 20:21:25 [TestNG-tests-1] INFO  stepDefinitions.Hooks - Browser is openchrome
2025-07-28 20:21:25 [TestNG-tests-1] INFO  stepDefinitions.LoginSteps - User is in login page
2025-07-28 20:21:26 [TestNG-tests-2] INFO  stepDefinitions.CategorySteps - Clicked on women category
2025-07-28 20:21:26 [TestNG-tests-1] INFO  stepDefinitions.LoginSteps - User has clicked on sign in button
2025-07-28 20:21:26 [TestNG-tests-2] INFO  stepDefinitions.CategorySteps - User clicks on list view
2025-07-28 20:21:26 [TestNG-tests-1] INFO  stepDefinitions.LoginSteps - User has entered the credentials
2025-07-28 20:21:26 [TestNG-tests-1] INFO  stepDefinitions.LoginSteps - User has clicked on sign in button
2025-07-28 20:21:27 [TestNG-tests-3] INFO  stepDefinitions.Hooks - Browser is close
2025-07-28 20:21:27 [TestNG-tests-1] INFO  stepDefinitions.LoginSteps - User is able to login successfully. MyAccount logo is visible.
2025-07-28 20:21:27 [TestNG-tests-2] INFO  stepDefinitions.Hooks - Browser is close
2025-07-28 20:21:28 [TestNG-tests-1] INFO  stepDefinitions.Hooks - Browser is close
2025-07-28 20:21:33 [TestNG-tests-2] INFO  stepDefinitions.Hooks - Browser is openedge
2025-07-28 20:21:33 [TestNG-tests-2] INFO  stepDefinitions.LoginSteps - User is in login page
2025-07-28 20:21:34 [TestNG-tests-2] INFO  stepDefinitions.LoginSteps - User has clicked on sign in button
2025-07-28 20:21:35 [TestNG-tests-2] INFO  stepDefinitions.LoginSteps - User has entered the credentials
2025-07-28 20:21:35 [TestNG-tests-2] INFO  stepDefinitions.LoginSteps - User has clicked on sign in button
2025-07-28 20:21:36 [TestNG-tests-2] INFO  stepDefinitions.LoginSteps - User is able to login successfully. MyAccount logo is visible.
2025-07-28 20:21:37 [TestNG-tests-2] INFO  stepDefinitions.Hooks - Browser is close
2025-07-28 20:21:37 [TestNG-tests-3] INFO  stepDefinitions.Hooks - Browser is openfirefox
2025-07-28 20:21:38 [TestNG-tests-3] INFO  stepDefinitions.CategorySteps - User is on homepage
2025-07-28 20:21:38 [TestNG-tests-3] INFO  stepDefinitions.CategorySteps - User has entered the credentials
2025-07-28 20:21:40 [TestNG-tests-3] INFO  stepDefinitions.CategorySteps - User clicked on sign in
2025-07-28 20:21:42 [TestNG-tests-3] INFO  stepDefinitions.CategorySteps - Clicked on women category
2025-07-28 20:21:42 [TestNG-tests-3] INFO  stepDefinitions.CategorySteps - User clicks on list view
2025-07-28 20:21:43 [TestNG-tests-3] INFO  stepDefinitions.Hooks - Browser is close
2025-07-28 20:21:53 [TestNG-tests-3] INFO  stepDefinitions.Hooks - Browser is openfirefox
2025-07-28 20:21:53 [TestNG-tests-3] INFO  stepDefinitions.LoginSteps - User is in login page
2025-07-28 20:21:54 [TestNG-tests-3] INFO  stepDefinitions.LoginSteps - User has clicked on sign in button
2025-07-28 20:21:54 [TestNG-tests-3] INFO  stepDefinitions.LoginSteps - User has entered the credentials
2025-07-28 20:21:55 [TestNG-tests-3] INFO  stepDefinitions.LoginSteps - User has clicked on sign in button
2025-07-28 20:21:55 [TestNG-tests-3] INFO  stepDefinitions.LoginSteps - User is able to login successfully. MyAccount logo is visible.
2025-07-28 20:21:55 [TestNG-tests-3] INFO  stepDefinitions.Hooks - Browser is close
