<?xml version="1.0" encoding="UTF-8"?>
<testng-results ignored="0" total="6" passed="0" failed="6" skipped="0">
  <reporter-output>
  </reporter-output>
  <suite started-at="2025-07-28T19:02:25 IST" name="Surefire suite" finished-at="2025-07-28T19:02:27 IST" duration-ms="1851">
    <groups>
      <group name="cucumber">
        <method signature="AbstractTestNGCucumberTests.runScenario(io.cucumber.testng.PickleWrapper,io.cucumber.testng.FeatureWrapper)[pri:0, instance:runner.TestRunner@5b239d7d]" name="runScenario" class="io.cucumber.testng.AbstractTestNGCucumberTests"/>
      </group> <!-- cucumber -->
    </groups>
    <test started-at="2025-07-28T19:02:25 IST" name="Surefire test" finished-at="2025-07-28T19:02:27 IST" duration-ms="1851">
      <class name="runner.TestRunner">
        <test-method is-config="true" signature="setUpClass(org.testng.ITestContext)[pri:0, instance:runner.TestRunner@5b239d7d]" started-at="2025-07-28T19:02:25 IST" name="setUpClass" finished-at="2025-07-28T19:02:25 IST" duration-ms="515" status="PASS">
          <params>
            <param index="0">
              <value>
                <![CDATA[org.testng.TestRunner@6eb17ec8]]>
              </value>
            </param>
          </params>
          <reporter-output>
          </reporter-output>
        </test-method> <!-- setUpClass -->
        <test-method signature="runScenario(io.cucumber.testng.PickleWrapper,io.cucumber.testng.FeatureWrapper)[pri:0, instance:runner.TestRunner@5b239d7d]" started-at="2025-07-28T19:02:25 IST" name="runScenario" description="Runs Cucumber Scenarios" data-provider="scenarios" finished-at="2025-07-28T19:02:26 IST" duration-ms="836" status="FAIL">
          <params>
            <param index="0">
              <value>
                <![CDATA["Navigate to a Top-level category"]]>
              </value>
            </param>
            <param index="1">
              <value>
                <![CDATA["Category navigation"]]>
              </value>
            </param>
          </params>
          <exception class="java.lang.RuntimeException">
            <message>
              <![CDATA[Browser not supported: browser]]>
            </message>
            <full-stacktrace>
              <![CDATA[java.lang.RuntimeException: Browser not supported: browser
at factory.BrowserFactory.initBrowser(BrowserFactory.java:26)
at stepDefinitions.Hooks.setup(Hooks.java:21)
]]>
            </full-stacktrace>
          </exception> <!-- java.lang.RuntimeException -->
          <reporter-output>
          </reporter-output>
        </test-method> <!-- runScenario -->
        <test-method signature="runScenario(io.cucumber.testng.PickleWrapper,io.cucumber.testng.FeatureWrapper)[pri:0, instance:runner.TestRunner@5b239d7d]" started-at="2025-07-28T19:02:26 IST" name="runScenario" description="Runs Cucumber Scenarios" data-provider="scenarios" finished-at="2025-07-28T19:02:26 IST" duration-ms="10" status="FAIL">
          <params>
            <param index="0">
              <value>
                <![CDATA["Navigate to a sub-category"]]>
              </value>
            </param>
            <param index="1">
              <value>
                <![CDATA["Category navigation"]]>
              </value>
            </param>
          </params>
          <exception class="java.lang.RuntimeException">
            <message>
              <![CDATA[Browser not supported: browser]]>
            </message>
            <full-stacktrace>
              <![CDATA[java.lang.RuntimeException: Browser not supported: browser
at factory.BrowserFactory.initBrowser(BrowserFactory.java:26)
at stepDefinitions.Hooks.setup(Hooks.java:21)
]]>
            </full-stacktrace>
          </exception> <!-- java.lang.RuntimeException -->
          <reporter-output>
          </reporter-output>
        </test-method> <!-- runScenario -->
        <test-method signature="runScenario(io.cucumber.testng.PickleWrapper,io.cucumber.testng.FeatureWrapper)[pri:0, instance:runner.TestRunner@5b239d7d]" started-at="2025-07-28T19:02:26 IST" name="runScenario" description="Runs Cucumber Scenarios" data-provider="scenarios" finished-at="2025-07-28T19:02:26 IST" duration-ms="12" status="FAIL">
          <params>
            <param index="0">
              <value>
                <![CDATA["Verify breadcrumb navigation"]]>
              </value>
            </param>
            <param index="1">
              <value>
                <![CDATA["Category navigation"]]>
              </value>
            </param>
          </params>
          <exception class="java.lang.RuntimeException">
            <message>
              <![CDATA[Browser not supported: browser]]>
            </message>
            <full-stacktrace>
              <![CDATA[java.lang.RuntimeException: Browser not supported: browser
at factory.BrowserFactory.initBrowser(BrowserFactory.java:26)
at stepDefinitions.Hooks.setup(Hooks.java:21)
]]>
            </full-stacktrace>
          </exception> <!-- java.lang.RuntimeException -->
          <reporter-output>
          </reporter-output>
        </test-method> <!-- runScenario -->
        <test-method signature="runScenario(io.cucumber.testng.PickleWrapper,io.cucumber.testng.FeatureWrapper)[pri:0, instance:runner.TestRunner@5b239d7d]" started-at="2025-07-28T19:02:26 IST" name="runScenario" description="Runs Cucumber Scenarios" data-provider="scenarios" finished-at="2025-07-28T19:02:26 IST" duration-ms="11" status="FAIL">
          <params>
            <param index="0">
              <value>
                <![CDATA["Filter products by Size and Color"]]>
              </value>
            </param>
            <param index="1">
              <value>
                <![CDATA["Category navigation"]]>
              </value>
            </param>
          </params>
          <exception class="java.lang.RuntimeException">
            <message>
              <![CDATA[Browser not supported: browser]]>
            </message>
            <full-stacktrace>
              <![CDATA[java.lang.RuntimeException: Browser not supported: browser
at factory.BrowserFactory.initBrowser(BrowserFactory.java:26)
at stepDefinitions.Hooks.setup(Hooks.java:21)
]]>
            </full-stacktrace>
          </exception> <!-- java.lang.RuntimeException -->
          <reporter-output>
          </reporter-output>
        </test-method> <!-- runScenario -->
        <test-method signature="runScenario(io.cucumber.testng.PickleWrapper,io.cucumber.testng.FeatureWrapper)[pri:0, instance:runner.TestRunner@5b239d7d]" started-at="2025-07-28T19:02:26 IST" name="runScenario" description="Runs Cucumber Scenarios" data-provider="scenarios" finished-at="2025-07-28T19:02:26 IST" duration-ms="15" status="FAIL">
          <params>
            <param index="0">
              <value>
                <![CDATA["View Products in List"]]>
              </value>
            </param>
            <param index="1">
              <value>
                <![CDATA["Category navigation"]]>
              </value>
            </param>
          </params>
          <exception class="java.lang.RuntimeException">
            <message>
              <![CDATA[Browser not supported: browser]]>
            </message>
            <full-stacktrace>
              <![CDATA[java.lang.RuntimeException: Browser not supported: browser
at factory.BrowserFactory.initBrowser(BrowserFactory.java:26)
at stepDefinitions.Hooks.setup(Hooks.java:21)
]]>
            </full-stacktrace>
          </exception> <!-- java.lang.RuntimeException -->
          <reporter-output>
          </reporter-output>
        </test-method> <!-- runScenario -->
        <test-method signature="runScenario(io.cucumber.testng.PickleWrapper,io.cucumber.testng.FeatureWrapper)[pri:0, instance:runner.TestRunner@5b239d7d]" started-at="2025-07-28T19:02:26 IST" name="runScenario" description="Runs Cucumber Scenarios" data-provider="scenarios" finished-at="2025-07-28T19:02:26 IST" duration-ms="7" status="FAIL">
          <params>
            <param index="0">
              <value>
                <![CDATA["User should be able to login with valid credentials."]]>
              </value>
            </param>
            <param index="1">
              <value>
                <![CDATA["User login"]]>
              </value>
            </param>
          </params>
          <exception class="java.lang.RuntimeException">
            <message>
              <![CDATA[Browser not supported: browser]]>
            </message>
            <full-stacktrace>
              <![CDATA[java.lang.RuntimeException: Browser not supported: browser
at factory.BrowserFactory.initBrowser(BrowserFactory.java:26)
at stepDefinitions.Hooks.setup(Hooks.java:21)
]]>
            </full-stacktrace>
          </exception> <!-- java.lang.RuntimeException -->
          <reporter-output>
          </reporter-output>
        </test-method> <!-- runScenario -->
        <test-method is-config="true" signature="tearDownClass()[pri:0, instance:runner.TestRunner@5b239d7d]" started-at="2025-07-28T19:02:26 IST" name="tearDownClass" finished-at="2025-07-28T19:02:27 IST" duration-ms="388" status="PASS">
          <reporter-output>
          </reporter-output>
        </test-method> <!-- tearDownClass -->
      </class> <!-- runner.TestRunner -->
    </test> <!-- Surefire test -->
  </suite> <!-- Surefire suite -->
</testng-results>
