<?xml version="1.0" encoding="UTF-8"?>
<!-- Generated by org.testng.reporters.JUnitReportReporter -->
<testsuite hostname="DESKTOP-R6MOV7Q" failures="0" tests="18" name="runner.TestRunner" time="244.156" errors="1" timestamp="2025-07-28T20:21:56 IST" skipped="0">
  <testcase classname="runner.TestRunner" name="runScenario" time="12.565"/>
  <testcase classname="runner.TestRunner" name="runScenario" time="12.182"/>
  <testcase classname="runner.TestRunner" name="runScenario" time="15.620">
    <error message="Element &lt;a class=&quot;sf-with-ul&quot; href=&quot;http://www.automationpractice.pl/index.php?id_category=4&amp;controller=category&quot;&gt; could not be scrolled into view
Build info: version: &#039;4.33.0&#039;, revision: &#039;2c6aaad03a&#039;
System info: os.name: &#039;Windows 10&#039;, os.arch: &#039;amd64&#039;, os.version: &#039;10.0&#039;, java.version: &#039;21.0.7&#039;
Driver info: org.openqa.selenium.firefox.FirefoxDriver
Command: [458a3a9a-06c8-4793-9a62-dcfdac9f86ee, clickElement {id=dae78a67-758e-4c1c-a071-95b626ecebe2}]
Capabilities {acceptInsecureCerts: true, browserName: firefox, browserVersion: 141.0, moz:accessibilityChecks: false, moz:buildID: 20250717180000, moz:geckodriverVersion: 0.36.0, moz:headless: false, moz:platformVersion: 10.0, moz:processID: 11112, moz:profile: C:\Users\pc\AppData\Local\T..., moz:shutdownTimeout: 60000, moz:webdriverClick: true, moz:windowless: false, pageLoadStrategy: normal, platformName: windows, proxy: Proxy(), setWindowRect: true, strictFileInteractability: false, timeouts: {implicit: 0, pageLoad: 300000, script: 30000}, unhandledPromptBehavior: dismiss and notify, userAgent: Mozilla/5.0 (Windows NT 10....}
Element: [[FirefoxDriver: firefox on windows (458a3a9a-06c8-4793-9a62-dcfdac9f86ee)] -&gt; xpath: //a[@title=&#039;Tops&#039;]]
Session ID: 458a3a9a-06c8-4793-9a62-dcfdac9f86ee" type="org.openqa.selenium.ElementNotInteractableException">
      <![CDATA[org.openqa.selenium.ElementNotInteractableException: Element <a class="sf-with-ul" href="http://www.automationpractice.pl/index.php?id_category=4&controller=category"> could not be scrolled into view
Build info: version: '4.33.0', revision: '2c6aaad03a'
System info: os.name: 'Windows 10', os.arch: 'amd64', os.version: '10.0', java.version: '21.0.7'
Driver info: org.openqa.selenium.firefox.FirefoxDriver
Command: [458a3a9a-06c8-4793-9a62-dcfdac9f86ee, clickElement {id=dae78a67-758e-4c1c-a071-95b626ecebe2}]
Capabilities {acceptInsecureCerts: true, browserName: firefox, browserVersion: 141.0, moz:accessibilityChecks: false, moz:buildID: 20250717180000, moz:geckodriverVersion: 0.36.0, moz:headless: false, moz:platformVersion: 10.0, moz:processID: 11112, moz:profile: C:\Users\pc\AppData\Local\T..., moz:shutdownTimeout: 60000, moz:webdriverClick: true, moz:windowless: false, pageLoadStrategy: normal, platformName: windows, proxy: Proxy(), setWindowRect: true, strictFileInteractability: false, timeouts: {implicit: 0, pageLoad: 300000, script: 30000}, unhandledPromptBehavior: dismiss and notify, userAgent: Mozilla/5.0 (Windows NT 10....}
Element: [[FirefoxDriver: firefox on windows (458a3a9a-06c8-4793-9a62-dcfdac9f86ee)] -> xpath: //a[@title='Tops']]
Session ID: 458a3a9a-06c8-4793-9a62-dcfdac9f86ee
at java.base/jdk.internal.reflect.DirectConstructorHandleAccessor.newInstance(DirectConstructorHandleAccessor.java:62)
at java.base/java.lang.reflect.Constructor.newInstanceWithCaller(Constructor.java:502)
at java.base/java.lang.reflect.Constructor.newInstance(Constructor.java:486)
at org.openqa.selenium.remote.ErrorCodec.decode(ErrorCodec.java:167)
at org.openqa.selenium.remote.codec.w3c.W3CHttpResponseCodec.decode(W3CHttpResponseCodec.java:138)
at org.openqa.selenium.remote.codec.w3c.W3CHttpResponseCodec.decode(W3CHttpResponseCodec.java:50)
at org.openqa.selenium.remote.HttpCommandExecutor.execute(HttpCommandExecutor.java:215)
at org.openqa.selenium.remote.service.DriverCommandExecutor.invokeExecute(DriverCommandExecutor.java:216)
at org.openqa.selenium.remote.service.DriverCommandExecutor.execute(DriverCommandExecutor.java:174)
at org.openqa.selenium.remote.RemoteWebDriver.execute(RemoteWebDriver.java:544)
at org.openqa.selenium.remote.RemoteWebElement.execute(RemoteWebElement.java:223)
at org.openqa.selenium.remote.RemoteWebElement.click(RemoteWebElement.java:76)
at java.base/jdk.internal.reflect.DirectMethodHandleAccessor.invoke(DirectMethodHandleAccessor.java:103)
at java.base/java.lang.reflect.Method.invoke(Method.java:580)
at org.openqa.selenium.support.pagefactory.internal.LocatingElementHandler.invoke(LocatingElementHandler.java:51)
at jdk.proxy2/jdk.proxy2.$Proxy43.click(Unknown Source)
at pages.Homepage.clickSubCategoryTop(Homepage.java:83)
at stepDefinitions.CategorySteps.clicks_on_sub_category(CategorySteps.java:95)
at âœ½.Clicks on "Tops" sub category(file:///C:/Users/pc/eclipse-workspace/com.ecomsite/src/test/resources/features/Category.feature:15)
]]>
    </error>
  </testcase> <!-- runScenario -->
  <testcase classname="runner.TestRunner" name="runScenario" time="9.206"/>
  <testcase classname="runner.TestRunner" name="runScenario" time="8.922"/>
  <testcase classname="runner.TestRunner" name="runScenario" time="24.899"/>
  <testcase classname="runner.TestRunner" name="runScenario" time="15.628"/>
  <testcase classname="runner.TestRunner" name="runScenario" time="11.617"/>
  <testcase classname="runner.TestRunner" name="runScenario" time="10.862"/>
  <testcase classname="runner.TestRunner" name="runScenario" time="12.767"/>
  <testcase classname="runner.TestRunner" name="runScenario" time="10.780"/>
  <testcase classname="runner.TestRunner" name="runScenario" time="10.941"/>
  <testcase classname="runner.TestRunner" name="runScenario" time="12.084"/>
  <testcase classname="runner.TestRunner" name="runScenario" time="21.706"/>
  <testcase classname="runner.TestRunner" name="runScenario" time="19.972"/>
  <testcase classname="runner.TestRunner" name="runScenario" time="9.710"/>
  <testcase classname="runner.TestRunner" name="runScenario" time="9.028"/>
  <testcase classname="runner.TestRunner" name="runScenario" time="15.667"/>
</testsuite> <!-- runner.TestRunner -->
