<?xml version="1.0" encoding="UTF-8"?>
<!-- Generated by org.testng.reporters.JUnitReportReporter -->
<testsuite hostname="DESKTOP-R6MOV7Q" failures="0" tests="6" name="runner.TestRunner" time="0.891" errors="6" timestamp="2025-07-28T19:02:27 IST" skipped="0">
  <testcase classname="runner.TestRunner" name="runScenario" time="0.836">
    <error message="Browser not supported: browser" type="java.lang.RuntimeException">
      <![CDATA[java.lang.RuntimeException: Browser not supported: browser
at factory.BrowserFactory.initBrowser(BrowserFactory.java:26)
at stepDefinitions.Hooks.setup(Hooks.java:21)
]]>
    </error>
  </testcase> <!-- runScenario -->
  <testcase classname="runner.TestRunner" name="runScenario" time="0.010">
    <error message="Browser not supported: browser" type="java.lang.RuntimeException">
      <![CDATA[java.lang.RuntimeException: Browser not supported: browser
at factory.BrowserFactory.initBrowser(BrowserFactory.java:26)
at stepDefinitions.Hooks.setup(Hooks.java:21)
]]>
    </error>
  </testcase> <!-- runScenario -->
  <testcase classname="runner.TestRunner" name="runScenario" time="0.011">
    <error message="Browser not supported: browser" type="java.lang.RuntimeException">
      <![CDATA[java.lang.RuntimeException: Browser not supported: browser
at factory.BrowserFactory.initBrowser(BrowserFactory.java:26)
at stepDefinitions.Hooks.setup(Hooks.java:21)
]]>
    </error>
  </testcase> <!-- runScenario -->
  <testcase classname="runner.TestRunner" name="runScenario" time="0.012">
    <error message="Browser not supported: browser" type="java.lang.RuntimeException">
      <![CDATA[java.lang.RuntimeException: Browser not supported: browser
at factory.BrowserFactory.initBrowser(BrowserFactory.java:26)
at stepDefinitions.Hooks.setup(Hooks.java:21)
]]>
    </error>
  </testcase> <!-- runScenario -->
  <testcase classname="runner.TestRunner" name="runScenario" time="0.015">
    <error message="Browser not supported: browser" type="java.lang.RuntimeException">
      <![CDATA[java.lang.RuntimeException: Browser not supported: browser
at factory.BrowserFactory.initBrowser(BrowserFactory.java:26)
at stepDefinitions.Hooks.setup(Hooks.java:21)
]]>
    </error>
  </testcase> <!-- runScenario -->
  <testcase classname="runner.TestRunner" name="runScenario" time="0.007">
    <error message="Browser not supported: browser" type="java.lang.RuntimeException">
      <![CDATA[java.lang.RuntimeException: Browser not supported: browser
at factory.BrowserFactory.initBrowser(BrowserFactory.java:26)
at stepDefinitions.Hooks.setup(Hooks.java:21)
]]>
    </error>
  </testcase> <!-- runScenario -->
</testsuite> <!-- runner.TestRunner -->
